[0.015s] Invoking command in '/home/notsoadmin/dev_ws/build/twist_mux': CMAKE_PREFIX_PATH=${CMAKE_PREFIX_PATH}:/opt/ros/humble /usr/bin/cmake /home/notsoadmin/dev_ws/src/twist_mux -DAMENT_CMAKE_SYMLINK_INSTALL=1 -DCMAKE_INSTALL_PREFIX=/home/notsoadmin/dev_ws/install/twist_mux
[0.028s] -- Found ament_cmake: 1.3.12 (/opt/ros/humble/share/ament_cmake/cmake)
[0.144s] -- Override CMake install command with custom implementation using symlinks instead of copying resources
[0.153s] -- Found rclcpp: 16.0.15 (/opt/ros/humble/share/rclcpp/cmake)
[0.175s] -- Found rosidl_generator_c: 3.1.7 (/opt/ros/humble/share/rosidl_generator_c/cmake)
[0.177s] -- Found rosidl_adapter: 3.1.7 (/opt/ros/humble/share/rosidl_adapter/cmake)
[0.183s] -- Found rosidl_generator_cpp: 3.1.7 (/opt/ros/humble/share/rosidl_generator_cpp/cmake)
[0.190s] -- Using all available rosidl_typesupport_c: rosidl_typesupport_fastrtps_c;rosidl_typesupport_introspection_c
[0.203s] -- Using all available rosidl_typesupport_cpp: rosidl_typesupport_fastrtps_cpp;rosidl_typesupport_introspection_cpp
[0.233s] -- Found rmw_implementation_cmake: 6.1.2 (/opt/ros/humble/share/rmw_implementation_cmake/cmake)
[0.234s] -- Found rmw_fastrtps_cpp: 6.2.8 (/opt/ros/humble/share/rmw_fastrtps_cpp/cmake)
[0.345s] -- Using RMW implementation 'rmw_fastrtps_cpp' as default
[0.385s] -- Found geometry_msgs: 4.9.0 (/opt/ros/humble/share/geometry_msgs/cmake)
[0.394s] -- Found visualization_msgs: 4.9.0 (/opt/ros/humble/share/visualization_msgs/cmake)
[0.423s] -- Found diagnostic_updater: 4.0.6 (/opt/ros/humble/share/diagnostic_updater/cmake)
[0.440s] -- Found launch_testing_ament_cmake: 1.0.10 (/opt/ros/humble/share/launch_testing_ament_cmake/cmake)
[0.441s] -- Found python_cmake_module: 0.10.0 (/opt/ros/humble/share/python_cmake_module/cmake)
[0.460s] -- Using PYTHON_EXECUTABLE: /usr/bin/python3
[0.461s] -- Using PYTHON_INCLUDE_DIRS: /usr/include/python3.10
[0.461s] -- Using PYTHON_LIBRARIES: /usr/lib/x86_64-linux-gnu/libpython3.10.so
[0.529s] -- Configuring done
[0.542s] -- Generating done
[0.548s] -- Build files have been written to: /home/notsoadmin/dev_ws/build/twist_mux
[0.553s] Invoked command in '/home/notsoadmin/dev_ws/build/twist_mux' returned '0': CMAKE_PREFIX_PATH=${CMAKE_PREFIX_PATH}:/opt/ros/humble /usr/bin/cmake /home/notsoadmin/dev_ws/src/twist_mux -DAMENT_CMAKE_SYMLINK_INSTALL=1 -DCMAKE_INSTALL_PREFIX=/home/notsoadmin/dev_ws/install/twist_mux
[0.556s] Invoking command in '/home/notsoadmin/dev_ws/build/twist_mux': CMAKE_PREFIX_PATH=${CMAKE_PREFIX_PATH}:/opt/ros/humble /usr/bin/cmake --build /home/notsoadmin/dev_ws/build/twist_mux -- -j16 -l16
[0.599s] [35m[1mConsolidate compiler generated dependencies of target twist_marker[0m
[0.601s] [35m[1mConsolidate compiler generated dependencies of target twist_mux[0m
[0.618s] [ 16%] [32m[1mLinking CXX executable twist_marker[0m
[0.627s] [ 33%] [32m[1mLinking CXX executable twist_mux[0m
[1.118s] [ 50%] Built target twist_marker
[1.363s] [100%] Built target twist_mux
[1.374s] Invoked command in '/home/notsoadmin/dev_ws/build/twist_mux' returned '0': CMAKE_PREFIX_PATH=${CMAKE_PREFIX_PATH}:/opt/ros/humble /usr/bin/cmake --build /home/notsoadmin/dev_ws/build/twist_mux -- -j16 -l16
[1.376s] Invoking command in '/home/notsoadmin/dev_ws/build/twist_mux': CMAKE_PREFIX_PATH=${CMAKE_PREFIX_PATH}:/opt/ros/humble /usr/bin/cmake --install /home/notsoadmin/dev_ws/build/twist_mux
[1.382s] -- Install configuration: ""
[1.382s] -- Execute custom install script
[1.383s] -- Symlinking: /home/notsoadmin/dev_ws/install/twist_mux/lib/twist_mux/twist_mux
[1.395s] -- Symlinking: /home/notsoadmin/dev_ws/install/twist_mux/lib/twist_mux/twist_marker
[1.402s] -- Symlinking: /home/notsoadmin/dev_ws/install/twist_mux/lib/twist_mux/joystick_relay.py
[1.412s] -- Symlinking: /home/notsoadmin/dev_ws/install/twist_mux/share/twist_mux/launch/twist_mux.launch
[1.417s] -- Symlinking: /home/notsoadmin/dev_ws/install/twist_mux/share/twist_mux/launch/twist_mux_launch.py
[1.430s] -- Symlinking: /home/notsoadmin/dev_ws/install/twist_mux/share/twist_mux/config/joystick.yaml
[1.438s] -- Symlinking: /home/notsoadmin/dev_ws/install/twist_mux/share/twist_mux/config/twist_mux_locks.yaml
[1.449s] -- Symlinking: /home/notsoadmin/dev_ws/install/twist_mux/share/twist_mux/config/twist_mux_topics.yaml
[1.457s] -- Symlinking: /home/notsoadmin/dev_ws/install/twist_mux/include/twist_mux/params_helpers.hpp
[1.466s] -- Symlinking: /home/notsoadmin/dev_ws/install/twist_mux/include/twist_mux/topic_handle.hpp
[1.472s] -- Symlinking: /home/notsoadmin/dev_ws/install/twist_mux/include/twist_mux/twist_mux.hpp
[1.481s] -- Symlinking: /home/notsoadmin/dev_ws/install/twist_mux/include/twist_mux/twist_mux_diagnostics.hpp
[1.493s] -- Symlinking: /home/notsoadmin/dev_ws/install/twist_mux/include/twist_mux/twist_mux_diagnostics_status.hpp
[1.504s] -- Symlinking: /home/notsoadmin/dev_ws/install/twist_mux/include/twist_mux/utils.hpp
[1.517s] -- Symlinking: /home/notsoadmin/dev_ws/install/twist_mux/share/ament_index/resource_index/package_run_dependencies/twist_mux
[1.524s] -- Symlinking: /home/notsoadmin/dev_ws/install/twist_mux/share/ament_index/resource_index/parent_prefix_path/twist_mux
[1.534s] -- Symlinking: /home/notsoadmin/dev_ws/install/twist_mux/share/twist_mux/environment/ament_prefix_path.sh
[1.541s] -- Symlinking: /home/notsoadmin/dev_ws/install/twist_mux/share/twist_mux/environment/ament_prefix_path.dsv
[1.551s] -- Symlinking: /home/notsoadmin/dev_ws/install/twist_mux/share/twist_mux/environment/path.sh
[1.558s] -- Symlinking: /home/notsoadmin/dev_ws/install/twist_mux/share/twist_mux/environment/path.dsv
[1.568s] -- Symlinking: /home/notsoadmin/dev_ws/install/twist_mux/share/twist_mux/local_setup.bash
[1.577s] -- Symlinking: /home/notsoadmin/dev_ws/install/twist_mux/share/twist_mux/local_setup.sh
[1.588s] -- Symlinking: /home/notsoadmin/dev_ws/install/twist_mux/share/twist_mux/local_setup.zsh
[1.599s] -- Symlinking: /home/notsoadmin/dev_ws/install/twist_mux/share/twist_mux/local_setup.dsv
[1.606s] -- Symlinking: /home/notsoadmin/dev_ws/install/twist_mux/share/twist_mux/package.dsv
[1.617s] -- Symlinking: /home/notsoadmin/dev_ws/install/twist_mux/share/ament_index/resource_index/packages/twist_mux
[1.624s] -- Symlinking: /home/notsoadmin/dev_ws/install/twist_mux/share/twist_mux/cmake/ament_cmake_export_include_directories-extras.cmake
[1.633s] -- Symlinking: /home/notsoadmin/dev_ws/install/twist_mux/share/twist_mux/cmake/ament_cmake_export_dependencies-extras.cmake
[1.639s] -- Symlinking: /home/notsoadmin/dev_ws/install/twist_mux/share/twist_mux/cmake/twist_muxConfig.cmake
[1.650s] -- Symlinking: /home/notsoadmin/dev_ws/install/twist_mux/share/twist_mux/cmake/twist_muxConfig-version.cmake
[1.657s] -- Symlinking: /home/notsoadmin/dev_ws/install/twist_mux/share/twist_mux/package.xml
[1.667s] Invoked command in '/home/notsoadmin/dev_ws/build/twist_mux' returned '0': CMAKE_PREFIX_PATH=${CMAKE_PREFIX_PATH}:/opt/ros/humble /usr/bin/cmake --install /home/notsoadmin/dev_ws/build/twist_mux
