[0.018s] Invoking command in '/home/notsoadmin/dev_ws/build/articubot_one': CMAKE_PREFIX_PATH=/opt/ros/humble /usr/bin/cmake /home/notsoadmin/dev_ws/src/articubot_one -DAMENT_CMAKE_SYMLINK_INSTALL=1 -DCMAKE_INSTALL_PREFIX=/home/notsoadmin/dev_ws/install/articubot_one
[0.301s] -- The C compiler identification is GNU 11.4.0
[0.420s] -- The CXX compiler identification is GNU 11.4.0
[0.438s] -- Detecting C compiler ABI info
[0.538s] -- Detecting C compiler ABI info - done
[0.551s] -- Check for working C compiler: /usr/bin/cc - skipped
[0.551s] -- Detecting C compile features
[0.553s] -- Detecting C compile features - done
[0.559s] -- Detecting CXX compiler ABI info
[0.666s] -- Detecting CXX compiler ABI info - done
[0.678s] -- Check for working CXX compiler: /usr/bin/c++ - skipped
[0.678s] -- Detecting CXX compile features
[0.679s] -- Detecting CXX compile features - done
[0.744s] -- Found ament_cmake: 1.3.12 (/opt/ros/humble/share/ament_cmake/cmake)
[0.954s] -- Found Python3: /usr/bin/python3 (found version "3.10.12") found components: Interpreter 
[1.037s] -- Override CMake install command with custom implementation using symlinks instead of copying resources
[1.117s] -- Found ament_lint_auto: 0.12.14 (/opt/ros/humble/share/ament_lint_auto/cmake)
[1.241s] -- Added test 'copyright' to check source files copyright and LICENSE
[1.245s] -- Added test 'flake8' to check Python code syntax and style conventions
[1.246s] -- Added test 'lint_cmake' to check CMake code style
[1.246s] -- Added test 'pep257' to check Python code against some of the docstring style conventions in PEP 257
[1.248s] -- Added test 'xmllint' to check XML markup files
[1.251s] -- Configuring done
[1.254s] -- Generating done
[1.256s] -- Build files have been written to: /home/notsoadmin/dev_ws/build/articubot_one
[1.260s] Invoked command in '/home/notsoadmin/dev_ws/build/articubot_one' returned '0': CMAKE_PREFIX_PATH=/opt/ros/humble /usr/bin/cmake /home/notsoadmin/dev_ws/src/articubot_one -DAMENT_CMAKE_SYMLINK_INSTALL=1 -DCMAKE_INSTALL_PREFIX=/home/notsoadmin/dev_ws/install/articubot_one
[1.263s] Invoking command in '/home/notsoadmin/dev_ws/build/articubot_one': CMAKE_PREFIX_PATH=/opt/ros/humble /usr/bin/cmake --build /home/notsoadmin/dev_ws/build/articubot_one -- -j16 -l16
[1.309s] Invoked command in '/home/notsoadmin/dev_ws/build/articubot_one' returned '0': CMAKE_PREFIX_PATH=/opt/ros/humble /usr/bin/cmake --build /home/notsoadmin/dev_ws/build/articubot_one -- -j16 -l16
[1.322s] Invoking command in '/home/notsoadmin/dev_ws/build/articubot_one': CMAKE_PREFIX_PATH=/opt/ros/humble /usr/bin/cmake --install /home/notsoadmin/dev_ws/build/articubot_one
[1.332s] -- Install configuration: ""
[1.334s] -- Execute custom install script
[1.334s] -- Symlinking: /home/notsoadmin/dev_ws/install/articubot_one/share/articubot_one/config/drive_bot.rviz
[1.346s] -- Symlinking: /home/notsoadmin/dev_ws/install/articubot_one/share/articubot_one/config/empty.yaml
[1.357s] -- Symlinking: /home/notsoadmin/dev_ws/install/articubot_one/share/articubot_one/config/mapper_params_online_async.yaml
[1.366s] -- Symlinking: /home/notsoadmin/dev_ws/install/articubot_one/share/articubot_one/config/new_bot.rviz
[1.375s] -- Symlinking: /home/notsoadmin/dev_ws/install/articubot_one/share/articubot_one/config/view_bot.rviz
[1.384s] -- Symlinking: /home/notsoadmin/dev_ws/install/articubot_one/share/articubot_one/description/gazebo_control.xacro
[1.394s] -- Symlinking: /home/notsoadmin/dev_ws/install/articubot_one/share/articubot_one/description/inertial_macros.xacro
[1.404s] -- Symlinking: /home/notsoadmin/dev_ws/install/articubot_one/share/articubot_one/description/lidar.xacro
[1.414s] -- Symlinking: /home/notsoadmin/dev_ws/install/articubot_one/share/articubot_one/description/robot.urdf.xacro
[1.424s] -- Symlinking: /home/notsoadmin/dev_ws/install/articubot_one/share/articubot_one/description/robot_core.xacro
[1.434s] -- Symlinking: /home/notsoadmin/dev_ws/install/articubot_one/share/articubot_one/launch/launch_robot.launch.py
[1.445s] -- Symlinking: /home/notsoadmin/dev_ws/install/articubot_one/share/articubot_one/launch/launch_sim.launch.py
[1.456s] -- Symlinking: /home/notsoadmin/dev_ws/install/articubot_one/share/articubot_one/launch/localization.launch.py
[1.467s] -- Symlinking: /home/notsoadmin/dev_ws/install/articubot_one/share/articubot_one/launch/navigation_launch.py
[1.477s] -- Symlinking: /home/notsoadmin/dev_ws/install/articubot_one/share/articubot_one/launch/online_async_slam.launch.py
[1.486s] -- Symlinking: /home/notsoadmin/dev_ws/install/articubot_one/share/articubot_one/launch/rplidar.launch.py
[1.495s] -- Symlinking: /home/notsoadmin/dev_ws/install/articubot_one/share/articubot_one/launch/rsp.launch.py
[1.505s] -- Symlinking: /home/notsoadmin/dev_ws/install/articubot_one/share/articubot_one/worlds/empty.world
[1.516s] -- Symlinking: /home/notsoadmin/dev_ws/install/articubot_one/share/articubot_one/worlds/obstacles.world
[1.526s] -- Symlinking: /home/notsoadmin/dev_ws/install/articubot_one/share/ament_index/resource_index/package_run_dependencies/articubot_one
[1.536s] -- Symlinking: /home/notsoadmin/dev_ws/install/articubot_one/share/ament_index/resource_index/parent_prefix_path/articubot_one
[1.546s] -- Symlinking: /home/notsoadmin/dev_ws/install/articubot_one/share/articubot_one/environment/ament_prefix_path.sh
[1.555s] -- Symlinking: /home/notsoadmin/dev_ws/install/articubot_one/share/articubot_one/environment/ament_prefix_path.dsv
[1.565s] -- Symlinking: /home/notsoadmin/dev_ws/install/articubot_one/share/articubot_one/environment/path.sh
[1.574s] -- Symlinking: /home/notsoadmin/dev_ws/install/articubot_one/share/articubot_one/environment/path.dsv
[1.583s] -- Symlinking: /home/notsoadmin/dev_ws/install/articubot_one/share/articubot_one/local_setup.bash
[1.592s] -- Symlinking: /home/notsoadmin/dev_ws/install/articubot_one/share/articubot_one/local_setup.sh
[1.603s] -- Symlinking: /home/notsoadmin/dev_ws/install/articubot_one/share/articubot_one/local_setup.zsh
[1.615s] -- Symlinking: /home/notsoadmin/dev_ws/install/articubot_one/share/articubot_one/local_setup.dsv
[1.625s] -- Symlinking: /home/notsoadmin/dev_ws/install/articubot_one/share/articubot_one/package.dsv
[1.635s] -- Symlinking: /home/notsoadmin/dev_ws/install/articubot_one/share/ament_index/resource_index/packages/articubot_one
[1.645s] -- Symlinking: /home/notsoadmin/dev_ws/install/articubot_one/share/articubot_one/cmake/articubot_oneConfig.cmake
[1.655s] -- Symlinking: /home/notsoadmin/dev_ws/install/articubot_one/share/articubot_one/cmake/articubot_oneConfig-version.cmake
[1.667s] -- Symlinking: /home/notsoadmin/dev_ws/install/articubot_one/share/articubot_one/package.xml
[1.677s] -- Symlinking: /home/notsoadmin/dev_ws/install/articubot_one/share//launch/launch_robot.launch.py
[1.688s] -- Symlinking: /home/notsoadmin/dev_ws/install/articubot_one/share//launch/launch_sim.launch.py
[1.698s] -- Symlinking: /home/notsoadmin/dev_ws/install/articubot_one/share//launch/localization.launch.py
[1.707s] -- Symlinking: /home/notsoadmin/dev_ws/install/articubot_one/share//launch/navigation_launch.py
[1.720s] -- Symlinking: /home/notsoadmin/dev_ws/install/articubot_one/share//launch/online_async_slam.launch.py
[1.731s] -- Symlinking: /home/notsoadmin/dev_ws/install/articubot_one/share//launch/rplidar.launch.py
[1.742s] -- Symlinking: /home/notsoadmin/dev_ws/install/articubot_one/share//launch/rsp.launch.py
[1.751s] -- Symlinking: /home/notsoadmin/dev_ws/install/articubot_one/share//config/drive_bot.rviz
[1.760s] -- Symlinking: /home/notsoadmin/dev_ws/install/articubot_one/share//config/empty.yaml
[1.769s] -- Symlinking: /home/notsoadmin/dev_ws/install/articubot_one/share//config/mapper_params_online_async.yaml
[1.779s] -- Symlinking: /home/notsoadmin/dev_ws/install/articubot_one/share//config/new_bot.rviz
[1.788s] -- Symlinking: /home/notsoadmin/dev_ws/install/articubot_one/share//config/view_bot.rviz
[1.799s] Invoked command in '/home/notsoadmin/dev_ws/build/articubot_one' returned '0': CMAKE_PREFIX_PATH=/opt/ros/humble /usr/bin/cmake --install /home/notsoadmin/dev_ws/build/articubot_one
