[0.000000] (-) TimerEvent: {}
[0.000147] (-) JobUnselected: {'identifier': 'articubot_one'}
[0.000186] (twist_mux) JobQueued: {'identifier': 'twist_mux', 'dependencies': OrderedDict()}
[0.000247] (twist_mux) JobStarted: {'identifier': 'twist_mux'}
[0.007258] (twist_mux) JobProgress: {'identifier': 'twist_mux', 'progress': 'cmake'}
[0.007662] (twist_mux) Command: {'cmd': ['/usr/bin/cmake', '/home/notsoadmin/dev_ws/src/twist_mux', '-DCMAKE_INSTALL_PREFIX=/home/notsoadmin/dev_ws/install/twist_mux'], 'cwd': '/home/notsoadmin/dev_ws/build/twist_mux', 'env': OrderedDict([('HOSTNAME', 'ros-humble'), ('SHLVL', '1'), ('LD_LIBRARY_PATH', '/usr/lib/x86_64-linux-gnu/gazebo-11/plugins:/opt/ros/humble/opt/rviz_ogre_vendor/lib:/opt/ros/humble/lib/x86_64-linux-gnu:/opt/ros/humble/lib'), ('HOME', '/home/notsoadmin'), ('ROS_PYTHON_VERSION', '3'), ('COLCON_PREFIX_PATH', '/home/notsoadmin/dev_ws/install'), ('ROS_DISTRO', 'humble'), ('_', '/usr/bin/colcon'), ('ROS_VERSION', '2'), ('TERM', 'xterm'), ('ROS_LOCALHOST_ONLY', '0'), ('QT_X11_NO_MITSHM', '1'), ('PATH', '/opt/ros/humble/bin:/usr/local/sbin:/usr/local/bin:/usr/sbin:/usr/bin:/sbin:/bin'), ('XDG_RUNTIME_DIR', '/run/user/0'), ('DISPLAY', ':0'), ('LANG', 'C.UTF-8'), ('AMENT_PREFIX_PATH', '/home/notsoadmin/dev_ws/install/articubot_one:/opt/ros/humble'), ('PWD', '/home/notsoadmin/dev_ws/build/twist_mux'), ('LC_ALL', 'C.UTF-8'), ('PYTHONPATH', '/opt/ros/humble/lib/python3.10/site-packages:/opt/ros/humble/local/lib/python3.10/dist-packages'), ('COLCON', '1'), ('CMAKE_PREFIX_PATH', '/home/notsoadmin/dev_ws/install/articubot_one:/opt/ros/humble')]), 'shell': False}
[0.099670] (-) TimerEvent: {}
[0.115826] (twist_mux) StdoutLine: {'line': b'-- The C compiler identification is GNU 11.4.0\n'}
[0.187862] (twist_mux) StdoutLine: {'line': b'-- The CXX compiler identification is GNU 11.4.0\n'}
[0.198339] (twist_mux) StdoutLine: {'line': b'-- Detecting C compiler ABI info\n'}
[0.199747] (-) TimerEvent: {}
[0.251092] (twist_mux) StdoutLine: {'line': b'-- Detecting C compiler ABI info - done\n'}
[0.257762] (twist_mux) StdoutLine: {'line': b'-- Check for working C compiler: /usr/bin/cc - skipped\n'}
[0.258180] (twist_mux) StdoutLine: {'line': b'-- Detecting C compile features\n'}
[0.259036] (twist_mux) StdoutLine: {'line': b'-- Detecting C compile features - done\n'}
[0.261461] (twist_mux) StdoutLine: {'line': b'-- Detecting CXX compiler ABI info\n'}
[0.299845] (-) TimerEvent: {}
[0.320123] (twist_mux) StdoutLine: {'line': b'-- Detecting CXX compiler ABI info - done\n'}
[0.325348] (twist_mux) StdoutLine: {'line': b'-- Check for working CXX compiler: /usr/bin/c++ - skipped\n'}
[0.325479] (twist_mux) StdoutLine: {'line': b'-- Detecting CXX compile features\n'}
[0.325649] (twist_mux) StdoutLine: {'line': b'-- Detecting CXX compile features - done\n'}
[0.352267] (twist_mux) StdoutLine: {'line': b'-- Found ament_cmake: 1.3.12 (/opt/ros/humble/share/ament_cmake/cmake)\n'}
[0.399976] (-) TimerEvent: {}
[0.464083] (twist_mux) StdoutLine: {'line': b'-- Found Python3: /usr/bin/python3 (found version "3.10.12") found components: Interpreter \n'}
[0.500190] (-) TimerEvent: {}
[0.540118] (twist_mux) StdoutLine: {'line': b'-- Found rclcpp: 16.0.15 (/opt/ros/humble/share/rclcpp/cmake)\n'}
[0.600419] (-) TimerEvent: {}
[0.610946] (twist_mux) StdoutLine: {'line': b'-- Found rosidl_generator_c: 3.1.7 (/opt/ros/humble/share/rosidl_generator_c/cmake)\n'}
[0.616005] (twist_mux) StdoutLine: {'line': b'-- Found rosidl_adapter: 3.1.7 (/opt/ros/humble/share/rosidl_adapter/cmake)\n'}
[0.625144] (twist_mux) StdoutLine: {'line': b'-- Found rosidl_generator_cpp: 3.1.7 (/opt/ros/humble/share/rosidl_generator_cpp/cmake)\n'}
[0.638521] (twist_mux) StdoutLine: {'line': b'-- Using all available rosidl_typesupport_c: rosidl_typesupport_fastrtps_c;rosidl_typesupport_introspection_c\n'}
[0.655741] (twist_mux) StdoutLine: {'line': b'-- Using all available rosidl_typesupport_cpp: rosidl_typesupport_fastrtps_cpp;rosidl_typesupport_introspection_cpp\n'}
[0.700649] (-) TimerEvent: {}
[0.701531] (twist_mux) StdoutLine: {'line': b'-- Found rmw_implementation_cmake: 6.1.2 (/opt/ros/humble/share/rmw_implementation_cmake/cmake)\n'}
[0.704938] (twist_mux) StdoutLine: {'line': b'-- Found rmw_fastrtps_cpp: 6.2.8 (/opt/ros/humble/share/rmw_fastrtps_cpp/cmake)\n'}
[0.800783] (-) TimerEvent: {}
[0.814827] (twist_mux) StdoutLine: {'line': b'-- Found OpenSSL: /usr/lib/x86_64-linux-gnu/libcrypto.so (found version "3.0.2")  \n'}
[0.836940] (twist_mux) StdoutLine: {'line': b'-- Found FastRTPS: /opt/ros/humble/include  \n'}
[0.866927] (twist_mux) StdoutLine: {'line': b"-- Using RMW implementation 'rmw_fastrtps_cpp' as default\n"}
[0.879921] (twist_mux) StdoutLine: {'line': b'-- Looking for pthread.h\n'}
[0.900947] (-) TimerEvent: {}
[0.942859] (twist_mux) StdoutLine: {'line': b'-- Looking for pthread.h - found\n'}
[0.943363] (twist_mux) StdoutLine: {'line': b'-- Performing Test CMAKE_HAVE_LIBC_PTHREAD\n'}
[1.001168] (-) TimerEvent: {}
[1.002849] (twist_mux) StdoutLine: {'line': b'-- Performing Test CMAKE_HAVE_LIBC_PTHREAD - Success\n'}
[1.003533] (twist_mux) StdoutLine: {'line': b'-- Found Threads: TRUE  \n'}
[1.054389] (twist_mux) StdoutLine: {'line': b'-- Found geometry_msgs: 4.9.0 (/opt/ros/humble/share/geometry_msgs/cmake)\n'}
[1.069812] (twist_mux) StdoutLine: {'line': b'-- Found visualization_msgs: 4.9.0 (/opt/ros/humble/share/visualization_msgs/cmake)\n'}
[1.101280] (-) TimerEvent: {}
[1.105199] (twist_mux) StdoutLine: {'line': b'-- Found diagnostic_updater: 4.0.6 (/opt/ros/humble/share/diagnostic_updater/cmake)\n'}
[1.129551] (twist_mux) StdoutLine: {'line': b'-- Found launch_testing_ament_cmake: 1.0.10 (/opt/ros/humble/share/launch_testing_ament_cmake/cmake)\n'}
[1.131767] (twist_mux) StdoutLine: {'line': b'-- Found python_cmake_module: 0.10.0 (/opt/ros/humble/share/python_cmake_module/cmake)\n'}
[1.149864] (twist_mux) StdoutLine: {'line': b'-- Found PythonInterp: /usr/bin/python3 (found suitable version "3.10.12", minimum required is "3.6") \n'}
[1.155665] (twist_mux) StdoutLine: {'line': b'-- Found PythonLibs: /usr/lib/x86_64-linux-gnu/libpython3.10.so (found suitable version "3.10.12", minimum required is "3.5") \n'}
[1.155740] (twist_mux) StdoutLine: {'line': b'-- Using PYTHON_EXECUTABLE: /usr/bin/python3\n'}
[1.155775] (twist_mux) StdoutLine: {'line': b'-- Using PYTHON_INCLUDE_DIRS: /usr/include/python3.10\n'}
[1.155805] (twist_mux) StdoutLine: {'line': b'-- Using PYTHON_LIBRARIES: /usr/lib/x86_64-linux-gnu/libpython3.10.so\n'}
[1.171514] (twist_mux) StdoutLine: {'line': b'-- Found PythonExtra: .so  \n'}
[1.201465] (-) TimerEvent: {}
[1.213630] (twist_mux) StdoutLine: {'line': b'-- Configuring done\n'}
[1.223474] (twist_mux) StdoutLine: {'line': b'-- Generating done\n'}
[1.226610] (twist_mux) StdoutLine: {'line': b'-- Build files have been written to: /home/notsoadmin/dev_ws/build/twist_mux\n'}
[1.232953] (twist_mux) CommandEnded: {'returncode': 0}
[1.233538] (twist_mux) JobProgress: {'identifier': 'twist_mux', 'progress': 'build'}
[1.233554] (twist_mux) Command: {'cmd': ['/usr/bin/cmake', '--build', '/home/notsoadmin/dev_ws/build/twist_mux', '--', '-j16', '-l16'], 'cwd': '/home/notsoadmin/dev_ws/build/twist_mux', 'env': OrderedDict([('HOSTNAME', 'ros-humble'), ('SHLVL', '1'), ('LD_LIBRARY_PATH', '/usr/lib/x86_64-linux-gnu/gazebo-11/plugins:/opt/ros/humble/opt/rviz_ogre_vendor/lib:/opt/ros/humble/lib/x86_64-linux-gnu:/opt/ros/humble/lib'), ('HOME', '/home/notsoadmin'), ('ROS_PYTHON_VERSION', '3'), ('COLCON_PREFIX_PATH', '/home/notsoadmin/dev_ws/install'), ('ROS_DISTRO', 'humble'), ('_', '/usr/bin/colcon'), ('ROS_VERSION', '2'), ('TERM', 'xterm'), ('ROS_LOCALHOST_ONLY', '0'), ('QT_X11_NO_MITSHM', '1'), ('PATH', '/opt/ros/humble/bin:/usr/local/sbin:/usr/local/bin:/usr/sbin:/usr/bin:/sbin:/bin'), ('XDG_RUNTIME_DIR', '/run/user/0'), ('DISPLAY', ':0'), ('LANG', 'C.UTF-8'), ('AMENT_PREFIX_PATH', '/home/notsoadmin/dev_ws/install/articubot_one:/opt/ros/humble'), ('PWD', '/home/notsoadmin/dev_ws/build/twist_mux'), ('LC_ALL', 'C.UTF-8'), ('PYTHONPATH', '/opt/ros/humble/lib/python3.10/site-packages:/opt/ros/humble/local/lib/python3.10/dist-packages'), ('COLCON', '1'), ('CMAKE_PREFIX_PATH', '/home/notsoadmin/dev_ws/install/articubot_one:/opt/ros/humble')]), 'shell': False}
[1.267825] (twist_mux) StdoutLine: {'line': b'[ 16%] \x1b[32mBuilding CXX object CMakeFiles/twist_mux.dir/src/twist_mux_node.cpp.o\x1b[0m\n'}
[1.267964] (twist_mux) StdoutLine: {'line': b'[ 33%] \x1b[32mBuilding CXX object CMakeFiles/twist_mux.dir/src/twist_mux.cpp.o\x1b[0m\n'}
[1.270087] (twist_mux) StdoutLine: {'line': b'[ 50%] \x1b[32mBuilding CXX object CMakeFiles/twist_mux.dir/src/twist_mux_diagnostics.cpp.o\x1b[0m\n'}
[1.271897] (twist_mux) StdoutLine: {'line': b'[ 66%] \x1b[32mBuilding CXX object CMakeFiles/twist_marker.dir/src/twist_marker.cpp.o\x1b[0m\n'}
[1.301557] (-) TimerEvent: {}
[1.401787] (-) TimerEvent: {}
[1.502019] (-) TimerEvent: {}
[1.602287] (-) TimerEvent: {}
[1.702619] (-) TimerEvent: {}
[1.802909] (-) TimerEvent: {}
[1.903203] (-) TimerEvent: {}
[2.003492] (-) TimerEvent: {}
[2.103822] (-) TimerEvent: {}
[2.204143] (-) TimerEvent: {}
[2.304440] (-) TimerEvent: {}
[2.404755] (-) TimerEvent: {}
[2.505241] (-) TimerEvent: {}
[2.605576] (-) TimerEvent: {}
[2.705976] (-) TimerEvent: {}
[2.806481] (-) TimerEvent: {}
[2.906954] (-) TimerEvent: {}
[3.007254] (-) TimerEvent: {}
[3.107672] (-) TimerEvent: {}
[3.208069] (-) TimerEvent: {}
[3.308338] (-) TimerEvent: {}
[3.408718] (-) TimerEvent: {}
[3.508997] (-) TimerEvent: {}
[3.609302] (-) TimerEvent: {}
[3.709717] (-) TimerEvent: {}
[3.809998] (-) TimerEvent: {}
[3.910437] (-) TimerEvent: {}
[4.010747] (-) TimerEvent: {}
[4.111161] (-) TimerEvent: {}
[4.211586] (-) TimerEvent: {}
[4.311868] (-) TimerEvent: {}
[4.412285] (-) TimerEvent: {}
[4.512728] (-) TimerEvent: {}
[4.613000] (-) TimerEvent: {}
[4.713294] (-) TimerEvent: {}
[4.813569] (-) TimerEvent: {}
[4.914006] (-) TimerEvent: {}
[5.014402] (-) TimerEvent: {}
[5.114805] (-) TimerEvent: {}
[5.215206] (-) TimerEvent: {}
[5.315481] (-) TimerEvent: {}
[5.415894] (-) TimerEvent: {}
[5.516308] (-) TimerEvent: {}
[5.616612] (-) TimerEvent: {}
[5.717053] (-) TimerEvent: {}
[5.817315] (-) TimerEvent: {}
[5.917699] (-) TimerEvent: {}
[6.018085] (-) TimerEvent: {}
[6.118473] (-) TimerEvent: {}
[6.218852] (-) TimerEvent: {}
[6.319116] (-) TimerEvent: {}
[6.419507] (-) TimerEvent: {}
[6.519915] (-) TimerEvent: {}
[6.573966] (twist_mux) StdoutLine: {'line': b'[ 83%] \x1b[32m\x1b[1mLinking CXX executable twist_marker\x1b[0m\n'}
[6.620011] (-) TimerEvent: {}
[6.720404] (-) TimerEvent: {}
[6.820624] (-) TimerEvent: {}
[6.874358] (twist_mux) StdoutLine: {'line': b'[ 83%] Built target twist_marker\n'}
[6.920859] (-) TimerEvent: {}
[7.021260] (-) TimerEvent: {}
[7.121658] (-) TimerEvent: {}
[7.222046] (-) TimerEvent: {}
[7.322327] (-) TimerEvent: {}
[7.422729] (-) TimerEvent: {}
[7.523123] (-) TimerEvent: {}
[7.623520] (-) TimerEvent: {}
[7.724067] (-) TimerEvent: {}
[7.824301] (-) TimerEvent: {}
[7.924638] (-) TimerEvent: {}
[8.024970] (-) TimerEvent: {}
[8.125329] (-) TimerEvent: {}
[8.225685] (-) TimerEvent: {}
[8.325967] (-) TimerEvent: {}
[8.401896] (twist_mux) StdoutLine: {'line': b'[100%] \x1b[32m\x1b[1mLinking CXX executable twist_mux\x1b[0m\n'}
[8.426076] (-) TimerEvent: {}
[8.526303] (-) TimerEvent: {}
[8.626657] (-) TimerEvent: {}
[8.727018] (-) TimerEvent: {}
[8.792284] (twist_mux) StdoutLine: {'line': b'[100%] Built target twist_mux\n'}
[8.800554] (twist_mux) CommandEnded: {'returncode': 0}
[8.801107] (twist_mux) JobProgress: {'identifier': 'twist_mux', 'progress': 'install'}
[8.808052] (twist_mux) Command: {'cmd': ['/usr/bin/cmake', '--install', '/home/notsoadmin/dev_ws/build/twist_mux'], 'cwd': '/home/notsoadmin/dev_ws/build/twist_mux', 'env': OrderedDict([('HOSTNAME', 'ros-humble'), ('SHLVL', '1'), ('LD_LIBRARY_PATH', '/usr/lib/x86_64-linux-gnu/gazebo-11/plugins:/opt/ros/humble/opt/rviz_ogre_vendor/lib:/opt/ros/humble/lib/x86_64-linux-gnu:/opt/ros/humble/lib'), ('HOME', '/home/notsoadmin'), ('ROS_PYTHON_VERSION', '3'), ('COLCON_PREFIX_PATH', '/home/notsoadmin/dev_ws/install'), ('ROS_DISTRO', 'humble'), ('_', '/usr/bin/colcon'), ('ROS_VERSION', '2'), ('TERM', 'xterm'), ('ROS_LOCALHOST_ONLY', '0'), ('QT_X11_NO_MITSHM', '1'), ('PATH', '/opt/ros/humble/bin:/usr/local/sbin:/usr/local/bin:/usr/sbin:/usr/bin:/sbin:/bin'), ('XDG_RUNTIME_DIR', '/run/user/0'), ('DISPLAY', ':0'), ('LANG', 'C.UTF-8'), ('AMENT_PREFIX_PATH', '/home/notsoadmin/dev_ws/install/articubot_one:/opt/ros/humble'), ('PWD', '/home/notsoadmin/dev_ws/build/twist_mux'), ('LC_ALL', 'C.UTF-8'), ('PYTHONPATH', '/opt/ros/humble/lib/python3.10/site-packages:/opt/ros/humble/local/lib/python3.10/dist-packages'), ('COLCON', '1'), ('CMAKE_PREFIX_PATH', '/home/notsoadmin/dev_ws/install/articubot_one:/opt/ros/humble')]), 'shell': False}
[8.815097] (twist_mux) StdoutLine: {'line': b'-- Install configuration: ""\n'}
[8.815226] (twist_mux) StdoutLine: {'line': b'-- Installing: /home/notsoadmin/dev_ws/install/twist_mux/lib/twist_mux/twist_mux\n'}
[8.820693] (twist_mux) StdoutLine: {'line': b'-- Set runtime path of "/home/notsoadmin/dev_ws/install/twist_mux/lib/twist_mux/twist_mux" to ""\n'}
[8.820781] (twist_mux) StdoutLine: {'line': b'-- Installing: /home/notsoadmin/dev_ws/install/twist_mux/lib/twist_mux/twist_marker\n'}
[8.825133] (twist_mux) StdoutLine: {'line': b'-- Set runtime path of "/home/notsoadmin/dev_ws/install/twist_mux/lib/twist_mux/twist_marker" to ""\n'}
[8.825223] (twist_mux) StdoutLine: {'line': b'-- Installing: /home/notsoadmin/dev_ws/install/twist_mux/lib/twist_mux/joystick_relay.py\n'}
[8.825270] (twist_mux) StdoutLine: {'line': b'-- Installing: /home/notsoadmin/dev_ws/install/twist_mux/share/twist_mux/launch\n'}
[8.825302] (twist_mux) StdoutLine: {'line': b'-- Installing: /home/notsoadmin/dev_ws/install/twist_mux/share/twist_mux/launch/twist_mux.launch\n'}
[8.825345] (twist_mux) StdoutLine: {'line': b'-- Installing: /home/notsoadmin/dev_ws/install/twist_mux/share/twist_mux/launch/twist_mux_launch.py\n'}
[8.825382] (twist_mux) StdoutLine: {'line': b'-- Installing: /home/notsoadmin/dev_ws/install/twist_mux/share/twist_mux/config\n'}
[8.825418] (twist_mux) StdoutLine: {'line': b'-- Installing: /home/notsoadmin/dev_ws/install/twist_mux/share/twist_mux/config/joystick.yaml\n'}
[8.825455] (twist_mux) StdoutLine: {'line': b'-- Installing: /home/notsoadmin/dev_ws/install/twist_mux/share/twist_mux/config/twist_mux_locks.yaml\n'}
[8.825494] (twist_mux) StdoutLine: {'line': b'-- Installing: /home/notsoadmin/dev_ws/install/twist_mux/share/twist_mux/config/twist_mux_topics.yaml\n'}
[8.825530] (twist_mux) StdoutLine: {'line': b'-- Installing: /home/notsoadmin/dev_ws/install/twist_mux/include\n'}
[8.825570] (twist_mux) StdoutLine: {'line': b'-- Installing: /home/notsoadmin/dev_ws/install/twist_mux/include/twist_mux\n'}
[8.825598] (twist_mux) StdoutLine: {'line': b'-- Installing: /home/notsoadmin/dev_ws/install/twist_mux/include/twist_mux/params_helpers.hpp\n'}
[8.825636] (twist_mux) StdoutLine: {'line': b'-- Installing: /home/notsoadmin/dev_ws/install/twist_mux/include/twist_mux/topic_handle.hpp\n'}
[8.825668] (twist_mux) StdoutLine: {'line': b'-- Installing: /home/notsoadmin/dev_ws/install/twist_mux/include/twist_mux/twist_mux.hpp\n'}
[8.825700] (twist_mux) StdoutLine: {'line': b'-- Installing: /home/notsoadmin/dev_ws/install/twist_mux/include/twist_mux/twist_mux_diagnostics.hpp\n'}
[8.825728] (twist_mux) StdoutLine: {'line': b'-- Installing: /home/notsoadmin/dev_ws/install/twist_mux/include/twist_mux/twist_mux_diagnostics_status.hpp\n'}
[8.825765] (twist_mux) StdoutLine: {'line': b'-- Installing: /home/notsoadmin/dev_ws/install/twist_mux/include/twist_mux/utils.hpp\n'}
[8.825792] (twist_mux) StdoutLine: {'line': b'-- Installing: /home/notsoadmin/dev_ws/install/twist_mux/share/ament_index/resource_index/package_run_dependencies/twist_mux\n'}
[8.825826] (twist_mux) StdoutLine: {'line': b'-- Installing: /home/notsoadmin/dev_ws/install/twist_mux/share/ament_index/resource_index/parent_prefix_path/twist_mux\n'}
[8.825854] (twist_mux) StdoutLine: {'line': b'-- Installing: /home/notsoadmin/dev_ws/install/twist_mux/share/twist_mux/environment/ament_prefix_path.sh\n'}
[8.825905] (twist_mux) StdoutLine: {'line': b'-- Installing: /home/notsoadmin/dev_ws/install/twist_mux/share/twist_mux/environment/ament_prefix_path.dsv\n'}
[8.825981] (twist_mux) StdoutLine: {'line': b'-- Installing: /home/notsoadmin/dev_ws/install/twist_mux/share/twist_mux/environment/path.sh\n'}
[8.826047] (twist_mux) StdoutLine: {'line': b'-- Installing: /home/notsoadmin/dev_ws/install/twist_mux/share/twist_mux/environment/path.dsv\n'}
[8.826118] (twist_mux) StdoutLine: {'line': b'-- Installing: /home/notsoadmin/dev_ws/install/twist_mux/share/twist_mux/local_setup.bash\n'}
[8.826159] (twist_mux) StdoutLine: {'line': b'-- Installing: /home/notsoadmin/dev_ws/install/twist_mux/share/twist_mux/local_setup.sh\n'}
[8.826203] (twist_mux) StdoutLine: {'line': b'-- Installing: /home/notsoadmin/dev_ws/install/twist_mux/share/twist_mux/local_setup.zsh\n'}
[8.826252] (twist_mux) StdoutLine: {'line': b'-- Installing: /home/notsoadmin/dev_ws/install/twist_mux/share/twist_mux/local_setup.dsv\n'}
[8.826319] (twist_mux) StdoutLine: {'line': b'-- Installing: /home/notsoadmin/dev_ws/install/twist_mux/share/twist_mux/package.dsv\n'}
[8.826394] (twist_mux) StdoutLine: {'line': b'-- Installing: /home/notsoadmin/dev_ws/install/twist_mux/share/ament_index/resource_index/packages/twist_mux\n'}
[8.826447] (twist_mux) StdoutLine: {'line': b'-- Installing: /home/notsoadmin/dev_ws/install/twist_mux/share/twist_mux/cmake/ament_cmake_export_include_directories-extras.cmake\n'}
[8.826488] (twist_mux) StdoutLine: {'line': b'-- Installing: /home/notsoadmin/dev_ws/install/twist_mux/share/twist_mux/cmake/ament_cmake_export_dependencies-extras.cmake\n'}
[8.826535] (twist_mux) StdoutLine: {'line': b'-- Installing: /home/notsoadmin/dev_ws/install/twist_mux/share/twist_mux/cmake/twist_muxConfig.cmake\n'}
[8.826579] (twist_mux) StdoutLine: {'line': b'-- Installing: /home/notsoadmin/dev_ws/install/twist_mux/share/twist_mux/cmake/twist_muxConfig-version.cmake\n'}
[8.826617] (twist_mux) StdoutLine: {'line': b'-- Installing: /home/notsoadmin/dev_ws/install/twist_mux/share/twist_mux/package.xml\n'}
[8.827112] (-) TimerEvent: {}
[8.827914] (twist_mux) CommandEnded: {'returncode': 0}
[8.839342] (twist_mux) JobEnded: {'identifier': 'twist_mux', 'rc': 0}
[8.839702] (-) EventReactorShutdown: {}
