[0.000000] (-) TimerEvent: {}
[0.000333] (articubot_one) JobQueued: {'identifier': 'articubot_one', 'dependencies': OrderedDict()}
[0.000390] (articubot_one) JobStarted: {'identifier': 'articubot_one'}
[0.011421] (articubot_one) JobProgress: {'identifier': 'articubot_one', 'progress': 'cmake'}
[0.012404] (articubot_one) JobProgress: {'identifier': 'articubot_one', 'progress': 'build'}
[0.013590] (articubot_one) Command: {'cmd': ['/usr/bin/cmake', '--build', '/home/notsoadmin/dev_ws/build/articubot_one', '--', '-j16', '-l16'], 'cwd': '/home/notsoadmin/dev_ws/build/articubot_one', 'env': OrderedDict([('HOSTNAME', 'ros-humble'), ('SHLVL', '1'), ('LD_LIBRARY_PATH', '/usr/lib/x86_64-linux-gnu/gazebo-11/plugins:/opt/ros/humble/opt/rviz_ogre_vendor/lib:/opt/ros/humble/lib/x86_64-linux-gnu:/opt/ros/humble/lib'), ('HOME', '/home/notsoadmin'), ('ROS_PYTHON_VERSION', '3'), ('COLCON_PREFIX_PATH', '/home/notsoadmin/dev_ws/install'), ('ROS_DISTRO', 'humble'), ('_', '/usr/bin/colcon'), ('ROS_VERSION', '2'), ('TERM', 'xterm'), ('ROS_LOCALHOST_ONLY', '0'), ('QT_X11_NO_MITSHM', '1'), ('PATH', '/opt/ros/humble/bin:/usr/local/sbin:/usr/local/bin:/usr/sbin:/usr/bin:/sbin:/bin'), ('XDG_RUNTIME_DIR', '/run/user/0'), ('DISPLAY', ':0'), ('LANG', 'C.UTF-8'), ('AMENT_PREFIX_PATH', '/home/notsoadmin/dev_ws/install/articubot_one:/opt/ros/humble'), ('PWD', '/home/notsoadmin/dev_ws/build/articubot_one'), ('LC_ALL', 'C.UTF-8'), ('PYTHONPATH', '/opt/ros/humble/lib/python3.10/site-packages:/opt/ros/humble/local/lib/python3.10/dist-packages'), ('COLCON', '1'), ('CMAKE_PREFIX_PATH', '/home/notsoadmin/dev_ws/install/articubot_one:/opt/ros/humble')]), 'shell': False}
[0.065471] (articubot_one) CommandEnded: {'returncode': 0}
[0.066375] (articubot_one) JobProgress: {'identifier': 'articubot_one', 'progress': 'install'}
[0.076769] (articubot_one) Command: {'cmd': ['/usr/bin/cmake', '--install', '/home/notsoadmin/dev_ws/build/articubot_one'], 'cwd': '/home/notsoadmin/dev_ws/build/articubot_one', 'env': OrderedDict([('HOSTNAME', 'ros-humble'), ('SHLVL', '1'), ('LD_LIBRARY_PATH', '/usr/lib/x86_64-linux-gnu/gazebo-11/plugins:/opt/ros/humble/opt/rviz_ogre_vendor/lib:/opt/ros/humble/lib/x86_64-linux-gnu:/opt/ros/humble/lib'), ('HOME', '/home/notsoadmin'), ('ROS_PYTHON_VERSION', '3'), ('COLCON_PREFIX_PATH', '/home/notsoadmin/dev_ws/install'), ('ROS_DISTRO', 'humble'), ('_', '/usr/bin/colcon'), ('ROS_VERSION', '2'), ('TERM', 'xterm'), ('ROS_LOCALHOST_ONLY', '0'), ('QT_X11_NO_MITSHM', '1'), ('PATH', '/opt/ros/humble/bin:/usr/local/sbin:/usr/local/bin:/usr/sbin:/usr/bin:/sbin:/bin'), ('XDG_RUNTIME_DIR', '/run/user/0'), ('DISPLAY', ':0'), ('LANG', 'C.UTF-8'), ('AMENT_PREFIX_PATH', '/home/notsoadmin/dev_ws/install/articubot_one:/opt/ros/humble'), ('PWD', '/home/notsoadmin/dev_ws/build/articubot_one'), ('LC_ALL', 'C.UTF-8'), ('PYTHONPATH', '/opt/ros/humble/lib/python3.10/site-packages:/opt/ros/humble/local/lib/python3.10/dist-packages'), ('COLCON', '1'), ('CMAKE_PREFIX_PATH', '/home/notsoadmin/dev_ws/install/articubot_one:/opt/ros/humble')]), 'shell': False}
[0.085992] (articubot_one) StdoutLine: {'line': b'-- Install configuration: ""\n'}
[0.086276] (articubot_one) StdoutLine: {'line': b'-- Up-to-date: /home/notsoadmin/dev_ws/install/articubot_one/share/articubot_one/config\n'}
[0.086418] (articubot_one) StdoutLine: {'line': b'-- Up-to-date: /home/notsoadmin/dev_ws/install/articubot_one/share/articubot_one/config/empty.yaml\n'}
[0.086488] (articubot_one) StdoutLine: {'line': b'-- Up-to-date: /home/notsoadmin/dev_ws/install/articubot_one/share/articubot_one/config/mapper_params_online_async.yaml\n'}
[0.086554] (articubot_one) StdoutLine: {'line': b'-- Up-to-date: /home/notsoadmin/dev_ws/install/articubot_one/share/articubot_one/config/new_bot.rviz\n'}
[0.086616] (articubot_one) StdoutLine: {'line': b'-- Up-to-date: /home/notsoadmin/dev_ws/install/articubot_one/share/articubot_one/config/drive_bot.rviz\n'}
[0.086677] (articubot_one) StdoutLine: {'line': b'-- Up-to-date: /home/notsoadmin/dev_ws/install/articubot_one/share/articubot_one/config/view_bot.rviz\n'}
[0.086779] (articubot_one) StdoutLine: {'line': b'-- Up-to-date: /home/notsoadmin/dev_ws/install/articubot_one/share/articubot_one/description\n'}
[0.086885] (articubot_one) StdoutLine: {'line': b'-- Up-to-date: /home/notsoadmin/dev_ws/install/articubot_one/share/articubot_one/description/lidar.xacro\n'}
[0.086972] (articubot_one) StdoutLine: {'line': b'-- Up-to-date: /home/notsoadmin/dev_ws/install/articubot_one/share/articubot_one/description/gazebo_control.xacro\n'}
[0.087035] (articubot_one) StdoutLine: {'line': b'-- Up-to-date: /home/notsoadmin/dev_ws/install/articubot_one/share/articubot_one/description/inertial_macros.xacro\n'}
[0.087098] (articubot_one) StdoutLine: {'line': b'-- Up-to-date: /home/notsoadmin/dev_ws/install/articubot_one/share/articubot_one/description/robot_core.xacro\n'}
[0.087158] (articubot_one) StdoutLine: {'line': b'-- Up-to-date: /home/notsoadmin/dev_ws/install/articubot_one/share/articubot_one/description/robot.urdf.xacro\n'}
[0.087217] (articubot_one) StdoutLine: {'line': b'-- Up-to-date: /home/notsoadmin/dev_ws/install/articubot_one/share/articubot_one/launch\n'}
[0.087275] (articubot_one) StdoutLine: {'line': b'-- Up-to-date: /home/notsoadmin/dev_ws/install/articubot_one/share/articubot_one/launch/rsp.launch.py\n'}
[0.087334] (articubot_one) StdoutLine: {'line': b'-- Up-to-date: /home/notsoadmin/dev_ws/install/articubot_one/share/articubot_one/launch/online_async_slam.launch.py\n'}
[0.087394] (articubot_one) StdoutLine: {'line': b'-- Up-to-date: /home/notsoadmin/dev_ws/install/articubot_one/share/articubot_one/launch/launch_sim.launch.py\n'}
[0.087452] (articubot_one) StdoutLine: {'line': b'-- Up-to-date: /home/notsoadmin/dev_ws/install/articubot_one/share/articubot_one/worlds\n'}
[0.087510] (articubot_one) StdoutLine: {'line': b'-- Up-to-date: /home/notsoadmin/dev_ws/install/articubot_one/share/articubot_one/worlds/empty.world\n'}
[0.087568] (articubot_one) StdoutLine: {'line': b'-- Up-to-date: /home/notsoadmin/dev_ws/install/articubot_one/share/articubot_one/worlds/obstacles.world\n'}
[0.087627] (articubot_one) StdoutLine: {'line': b'-- Up-to-date: /home/notsoadmin/dev_ws/install/articubot_one/share/ament_index/resource_index/package_run_dependencies/articubot_one\n'}
[0.087685] (articubot_one) StdoutLine: {'line': b'-- Up-to-date: /home/notsoadmin/dev_ws/install/articubot_one/share/ament_index/resource_index/parent_prefix_path/articubot_one\n'}
[0.087752] (articubot_one) StdoutLine: {'line': b'-- Up-to-date: /home/notsoadmin/dev_ws/install/articubot_one/share/articubot_one/environment/ament_prefix_path.sh\n'}
[0.088012] (articubot_one) StdoutLine: {'line': b'-- Up-to-date: /home/notsoadmin/dev_ws/install/articubot_one/share/articubot_one/environment/ament_prefix_path.dsv\n'}
[0.088093] (articubot_one) StdoutLine: {'line': b'-- Up-to-date: /home/notsoadmin/dev_ws/install/articubot_one/share/articubot_one/environment/path.sh\n'}
[0.088160] (articubot_one) StdoutLine: {'line': b'-- Up-to-date: /home/notsoadmin/dev_ws/install/articubot_one/share/articubot_one/environment/path.dsv\n'}
[0.088222] (articubot_one) StdoutLine: {'line': b'-- Up-to-date: /home/notsoadmin/dev_ws/install/articubot_one/share/articubot_one/local_setup.bash\n'}
[0.088281] (articubot_one) StdoutLine: {'line': b'-- Up-to-date: /home/notsoadmin/dev_ws/install/articubot_one/share/articubot_one/local_setup.sh\n'}
[0.088396] (articubot_one) StdoutLine: {'line': b'-- Up-to-date: /home/notsoadmin/dev_ws/install/articubot_one/share/articubot_one/local_setup.zsh\n'}
[0.088461] (articubot_one) StdoutLine: {'line': b'-- Up-to-date: /home/notsoadmin/dev_ws/install/articubot_one/share/articubot_one/local_setup.dsv\n'}
[0.088526] (articubot_one) StdoutLine: {'line': b'-- Installing: /home/notsoadmin/dev_ws/install/articubot_one/share/articubot_one/package.dsv\n'}
[0.088583] (articubot_one) StdoutLine: {'line': b'-- Up-to-date: /home/notsoadmin/dev_ws/install/articubot_one/share/ament_index/resource_index/packages/articubot_one\n'}
[0.088717] (articubot_one) StdoutLine: {'line': b'-- Up-to-date: /home/notsoadmin/dev_ws/install/articubot_one/share/articubot_one/cmake/articubot_oneConfig.cmake\n'}
[0.088913] (articubot_one) StdoutLine: {'line': b'-- Up-to-date: /home/notsoadmin/dev_ws/install/articubot_one/share/articubot_one/cmake/articubot_oneConfig-version.cmake\n'}
[0.088980] (articubot_one) StdoutLine: {'line': b'-- Up-to-date: /home/notsoadmin/dev_ws/install/articubot_one/share/articubot_one/package.xml\n'}
[0.089041] (articubot_one) StdoutLine: {'line': b'-- Up-to-date: /home/notsoadmin/dev_ws/install/articubot_one/share//launch\n'}
[0.089100] (articubot_one) StdoutLine: {'line': b'-- Up-to-date: /home/notsoadmin/dev_ws/install/articubot_one/share//launch/rsp.launch.py\n'}
[0.089160] (articubot_one) StdoutLine: {'line': b'-- Up-to-date: /home/notsoadmin/dev_ws/install/articubot_one/share//launch/online_async_slam.launch.py\n'}
[0.089218] (articubot_one) StdoutLine: {'line': b'-- Up-to-date: /home/notsoadmin/dev_ws/install/articubot_one/share//launch/launch_sim.launch.py\n'}
[0.089276] (articubot_one) StdoutLine: {'line': b'-- Up-to-date: /home/notsoadmin/dev_ws/install/articubot_one/share//config\n'}
[0.089334] (articubot_one) StdoutLine: {'line': b'-- Up-to-date: /home/notsoadmin/dev_ws/install/articubot_one/share//config/empty.yaml\n'}
[0.089492] (articubot_one) StdoutLine: {'line': b'-- Up-to-date: /home/notsoadmin/dev_ws/install/articubot_one/share//config/mapper_params_online_async.yaml\n'}
[0.089605] (articubot_one) StdoutLine: {'line': b'-- Up-to-date: /home/notsoadmin/dev_ws/install/articubot_one/share//config/new_bot.rviz\n'}
[0.089853] (articubot_one) StdoutLine: {'line': b'-- Up-to-date: /home/notsoadmin/dev_ws/install/articubot_one/share//config/drive_bot.rviz\n'}
[0.090075] (articubot_one) StdoutLine: {'line': b'-- Up-to-date: /home/notsoadmin/dev_ws/install/articubot_one/share//config/view_bot.rviz\n'}
[0.090561] (articubot_one) CommandEnded: {'returncode': 0}
[0.099045] (-) TimerEvent: {}
[0.115139] (articubot_one) JobEnded: {'identifier': 'articubot_one', 'rc': 0}
[0.116165] (-) EventReactorShutdown: {}
