[0.000000] (-) TimerEvent: {}
[0.000234] (articubot_one) JobQueued: {'identifier': 'articubot_one', 'dependencies': OrderedDict()}
[0.000726] (articubot_one) JobStarted: {'identifier': 'articubot_one'}
[0.006646] (articubot_one) JobProgress: {'identifier': 'articubot_one', 'progress': 'cmake'}
[0.007199] (articubot_one) JobProgress: {'identifier': 'articubot_one', 'progress': 'build'}
[0.007831] (articubot_one) Command: {'cmd': ['/usr/bin/cmake', '--build', '/home/notsoadmin/dev_ws/build/articubot_one', '--', '-j16', '-l16'], 'cwd': '/home/notsoadmin/dev_ws/build/articubot_one', 'env': OrderedDict([('HOSTNAME', 'ros-humble'), ('SHLVL', '1'), ('LD_LIBRARY_PATH', '/usr/lib/x86_64-linux-gnu/gazebo-11/plugins:/opt/ros/humble/opt/rviz_ogre_vendor/lib:/opt/ros/humble/lib/x86_64-linux-gnu:/opt/ros/humble/lib'), ('HOME', '/home/notsoadmin'), ('ROS_PYTHON_VERSION', '3'), ('COLCON_PREFIX_PATH', '/home/notsoadmin/dev_ws/install'), ('ROS_DISTRO', 'humble'), ('_', '/usr/bin/colcon'), ('ROS_VERSION', '2'), ('TERM', 'xterm'), ('ROS_LOCALHOST_ONLY', '0'), ('QT_X11_NO_MITSHM', '1'), ('PATH', '/opt/ros/humble/bin:/usr/local/sbin:/usr/local/bin:/usr/sbin:/usr/bin:/sbin:/bin'), ('XDG_RUNTIME_DIR', '/run/user/0'), ('DISPLAY', ':0'), ('LANG', 'C.UTF-8'), ('AMENT_PREFIX_PATH', '/home/notsoadmin/dev_ws/install/articubot_one:/opt/ros/humble'), ('PWD', '/home/notsoadmin/dev_ws/build/articubot_one'), ('LC_ALL', 'C.UTF-8'), ('PYTHONPATH', '/opt/ros/humble/lib/python3.10/site-packages:/opt/ros/humble/local/lib/python3.10/dist-packages'), ('COLCON', '1'), ('CMAKE_PREFIX_PATH', '/home/notsoadmin/dev_ws/install/articubot_one:/opt/ros/humble')]), 'shell': False}
[0.036647] (articubot_one) CommandEnded: {'returncode': 0}
[0.037181] (articubot_one) JobProgress: {'identifier': 'articubot_one', 'progress': 'install'}
[0.041837] (articubot_one) Command: {'cmd': ['/usr/bin/cmake', '--install', '/home/notsoadmin/dev_ws/build/articubot_one'], 'cwd': '/home/notsoadmin/dev_ws/build/articubot_one', 'env': OrderedDict([('HOSTNAME', 'ros-humble'), ('SHLVL', '1'), ('LD_LIBRARY_PATH', '/usr/lib/x86_64-linux-gnu/gazebo-11/plugins:/opt/ros/humble/opt/rviz_ogre_vendor/lib:/opt/ros/humble/lib/x86_64-linux-gnu:/opt/ros/humble/lib'), ('HOME', '/home/notsoadmin'), ('ROS_PYTHON_VERSION', '3'), ('COLCON_PREFIX_PATH', '/home/notsoadmin/dev_ws/install'), ('ROS_DISTRO', 'humble'), ('_', '/usr/bin/colcon'), ('ROS_VERSION', '2'), ('TERM', 'xterm'), ('ROS_LOCALHOST_ONLY', '0'), ('QT_X11_NO_MITSHM', '1'), ('PATH', '/opt/ros/humble/bin:/usr/local/sbin:/usr/local/bin:/usr/sbin:/usr/bin:/sbin:/bin'), ('XDG_RUNTIME_DIR', '/run/user/0'), ('DISPLAY', ':0'), ('LANG', 'C.UTF-8'), ('AMENT_PREFIX_PATH', '/home/notsoadmin/dev_ws/install/articubot_one:/opt/ros/humble'), ('PWD', '/home/notsoadmin/dev_ws/build/articubot_one'), ('LC_ALL', 'C.UTF-8'), ('PYTHONPATH', '/opt/ros/humble/lib/python3.10/site-packages:/opt/ros/humble/local/lib/python3.10/dist-packages'), ('COLCON', '1'), ('CMAKE_PREFIX_PATH', '/home/notsoadmin/dev_ws/install/articubot_one:/opt/ros/humble')]), 'shell': False}
[0.049333] (articubot_one) StdoutLine: {'line': b'-- Install configuration: ""\n'}
[0.049559] (articubot_one) StdoutLine: {'line': b'-- Execute custom install script\n'}
[0.049758] (articubot_one) StdoutLine: {'line': b'-- Up-to-date symlink: /home/notsoadmin/dev_ws/install/articubot_one/share/articubot_one/config/drive_bot.rviz\n'}
[0.049809] (articubot_one) StdoutLine: {'line': b'-- Up-to-date symlink: /home/notsoadmin/dev_ws/install/articubot_one/share/articubot_one/config/empty.yaml\n'}
[0.050066] (articubot_one) StdoutLine: {'line': b'-- Up-to-date symlink: /home/notsoadmin/dev_ws/install/articubot_one/share/articubot_one/config/view_bot.rviz\n'}
[0.050097] (articubot_one) StdoutLine: {'line': b'-- Up-to-date symlink: /home/notsoadmin/dev_ws/install/articubot_one/share/articubot_one/description/gazebo_control.xacro\n'}
[0.050148] (articubot_one) StdoutLine: {'line': b'-- Up-to-date symlink: /home/notsoadmin/dev_ws/install/articubot_one/share/articubot_one/description/inertial_macros.xacro\n'}
[0.050179] (articubot_one) StdoutLine: {'line': b'-- Up-to-date symlink: /home/notsoadmin/dev_ws/install/articubot_one/share/articubot_one/description/lidar.xacro\n'}
[0.050224] (articubot_one) StdoutLine: {'line': b'-- Up-to-date symlink: /home/notsoadmin/dev_ws/install/articubot_one/share/articubot_one/description/robot.urdf.xacro\n'}
[0.050251] (articubot_one) StdoutLine: {'line': b'-- Up-to-date symlink: /home/notsoadmin/dev_ws/install/articubot_one/share/articubot_one/description/robot_core.xacro\n'}
[0.050307] (articubot_one) StdoutLine: {'line': b'-- Up-to-date symlink: /home/notsoadmin/dev_ws/install/articubot_one/share/articubot_one/launch/launch_sim.launch.py\n'}
[0.050335] (articubot_one) StdoutLine: {'line': b'-- Up-to-date symlink: /home/notsoadmin/dev_ws/install/articubot_one/share/articubot_one/launch/rsp.launch.py\n'}
[0.050405] (articubot_one) StdoutLine: {'line': b'-- Up-to-date symlink: /home/notsoadmin/dev_ws/install/articubot_one/share/articubot_one/worlds/empty.world\n'}
[0.050451] (articubot_one) StdoutLine: {'line': b'-- Up-to-date symlink: /home/notsoadmin/dev_ws/install/articubot_one/share/articubot_one/worlds/obstacles.world\n'}
[0.050541] (articubot_one) StdoutLine: {'line': b'-- Up-to-date symlink: /home/notsoadmin/dev_ws/install/articubot_one/share/ament_index/resource_index/package_run_dependencies/articubot_one\n'}
[0.050622] (articubot_one) StdoutLine: {'line': b'-- Up-to-date symlink: /home/notsoadmin/dev_ws/install/articubot_one/share/ament_index/resource_index/parent_prefix_path/articubot_one\n'}
[0.050700] (articubot_one) StdoutLine: {'line': b'-- Up-to-date symlink: /home/notsoadmin/dev_ws/install/articubot_one/share/articubot_one/environment/ament_prefix_path.sh\n'}
[0.050770] (articubot_one) StdoutLine: {'line': b'-- Up-to-date symlink: /home/notsoadmin/dev_ws/install/articubot_one/share/articubot_one/environment/ament_prefix_path.dsv\n'}
[0.050841] (articubot_one) StdoutLine: {'line': b'-- Up-to-date symlink: /home/notsoadmin/dev_ws/install/articubot_one/share/articubot_one/environment/path.sh\n'}
[0.050909] (articubot_one) StdoutLine: {'line': b'-- Up-to-date symlink: /home/notsoadmin/dev_ws/install/articubot_one/share/articubot_one/environment/path.dsv\n'}
[0.050973] (articubot_one) StdoutLine: {'line': b'-- Up-to-date symlink: /home/notsoadmin/dev_ws/install/articubot_one/share/articubot_one/local_setup.bash\n'}
[0.051032] (articubot_one) StdoutLine: {'line': b'-- Up-to-date symlink: /home/notsoadmin/dev_ws/install/articubot_one/share/articubot_one/local_setup.sh\n'}
[0.051087] (articubot_one) StdoutLine: {'line': b'-- Up-to-date symlink: /home/notsoadmin/dev_ws/install/articubot_one/share/articubot_one/local_setup.zsh\n'}
[0.051144] (articubot_one) StdoutLine: {'line': b'-- Up-to-date symlink: /home/notsoadmin/dev_ws/install/articubot_one/share/articubot_one/local_setup.dsv\n'}
[0.051186] (articubot_one) StdoutLine: {'line': b'-- Symlinking: /home/notsoadmin/dev_ws/install/articubot_one/share/articubot_one/package.dsv\n'}
[0.057915] (articubot_one) StdoutLine: {'line': b'-- Up-to-date symlink: /home/notsoadmin/dev_ws/install/articubot_one/share/ament_index/resource_index/packages/articubot_one\n'}
[0.058018] (articubot_one) StdoutLine: {'line': b'-- Up-to-date symlink: /home/notsoadmin/dev_ws/install/articubot_one/share/articubot_one/cmake/articubot_oneConfig.cmake\n'}
[0.058098] (articubot_one) StdoutLine: {'line': b'-- Up-to-date symlink: /home/notsoadmin/dev_ws/install/articubot_one/share/articubot_one/cmake/articubot_oneConfig-version.cmake\n'}
[0.058177] (articubot_one) StdoutLine: {'line': b'-- Up-to-date symlink: /home/notsoadmin/dev_ws/install/articubot_one/share/articubot_one/package.xml\n'}
[0.059631] (articubot_one) CommandEnded: {'returncode': 0}
[0.071838] (articubot_one) JobEnded: {'identifier': 'articubot_one', 'rc': 0}
[0.072165] (-) EventReactorShutdown: {}
