[0.015s] Invoking command in '/home/notsoadmin/dev_ws/build/articubot_one': /usr/bin/cmake /home/notsoadmin/dev_ws/src/articubot_one -DAMENT_CMAKE_SYMLINK_INSTALL=1 -DCMAKE_INSTALL_PREFIX=/home/notsoadmin/dev_ws/install/articubot_one
[0.097s] -- The C compiler identification is GNU 11.4.0
[0.188s] -- The CXX compiler identification is GNU 11.4.0
[0.199s] -- Detecting C compiler ABI info
[0.316s] -- Detecting C compiler ABI info - done
[0.329s] -- Check for working C compiler: /usr/bin/cc - skipped
[0.330s] -- Detecting C compile features
[0.331s] -- Detecting C compile features - done
[0.336s] -- Detecting CXX compiler ABI info
[0.460s] -- Detecting CXX compiler ABI info - done
[0.475s] -- Check for working CXX compiler: /usr/bin/c++ - skipped
[0.475s] -- Detecting CXX compile features
[0.476s] -- Detecting CXX compile features - done
[0.546s] [31mCMake Error at CMakeLists.txt:19 (find_package):
[0.546s]   By not providing "Findament_cmake.cmake" in CMAKE_MODULE_PATH this project
[0.546s]   has asked CMake to find a package configuration file provided by
[0.546s]   "ament_cmake", but CMake did not find one.
[0.546s] 
[0.546s]   Could not find a package configuration file provided by "ament_cmake" with
[0.547s]   any of the following names:
[0.547s] 
[0.547s]     ament_cmakeConfig.cmake
[0.547s]     ament_cmake-config.cmake
[0.547s] 
[0.547s]   Add the installation prefix of "ament_cmake" to CMAKE_PREFIX_PATH or set
[0.547s]   "ament_cmake_DIR" to a directory containing one of the above files.  If
[0.547s]   "ament_cmake" provides a separate development package or SDK, be sure it
[0.548s]   has been installed.
[0.548s] 
[0.548s] [0m
[0.548s] -- Configuring incomplete, errors occurred!
[0.548s] See also "/home/notsoadmin/dev_ws/build/articubot_one/CMakeFiles/CMakeOutput.log".
[0.551s] Invoked command in '/home/notsoadmin/dev_ws/build/articubot_one' returned '1': /usr/bin/cmake /home/notsoadmin/dev_ws/src/articubot_one -DAMENT_CMAKE_SYMLINK_INSTALL=1 -DCMAKE_INSTALL_PREFIX=/home/notsoadmin/dev_ws/install/articubot_one
