[0.178s] DEBUG:colcon:Command line arguments: ['/usr/bin/colcon', 'build', '--symlink-install']
[0.179s] DEBUG:colcon:Parsed command line arguments: Namespace(log_base=None, log_level=None, verb_name='build', build_base='build', install_base='install', merge_install=False, symlink_install=True, test_result_base=None, continue_on_error=False, executor='parallel', parallel_workers=16, event_handlers=None, ignore_user_meta=False, metas=['./colcon.meta'], base_paths=['.'], packages_ignore=None, packages_ignore_regex=None, paths=None, packages_up_to=None, packages_up_to_regex=None, packages_above=None, packages_above_and_dependencies=None, packages_above_depth=None, packages_select_by_dep=None, packages_skip_by_dep=None, packages_skip_up_to=None, packages_select_build_failed=False, packages_skip_build_finished=False, packages_select_test_failures=False, packages_skip_test_passed=False, packages_select=None, packages_skip=None, packages_select_regex=None, packages_skip_regex=None, packages_start=None, packages_end=None, cmake_args=None, cmake_target=None, cmake_target_skip_unavailable=False, cmake_clean_cache=False, cmake_clean_first=False, cmake_force_configure=False, ament_cmake_args=None, catkin_cmake_args=None, catkin_skip_building_tests=False, mixin_files=None, mixin=None, verb_parser=<colcon_mixin.mixin.mixin_argument.MixinArgumentDecorator object at 0x7f67fe7b47c0>, verb_extension=<colcon_core.verb.build.BuildVerb object at 0x7f67fe8c9660>, main=<bound method BuildVerb.main of <colcon_core.verb.build.BuildVerb object at 0x7f67fe8c9660>>, mixin_verb=('build',))
[0.402s] Level 1:colcon.colcon_core.package_discovery:discover_packages(colcon_meta) check parameters
[0.402s] Level 1:colcon.colcon_core.package_discovery:discover_packages(recursive) check parameters
[0.402s] Level 1:colcon.colcon_core.package_discovery:discover_packages(ignore) check parameters
[0.402s] Level 1:colcon.colcon_core.package_discovery:discover_packages(path) check parameters
[0.402s] Level 1:colcon.colcon_core.package_discovery:discover_packages(colcon_meta) discover
[0.402s] Level 1:colcon.colcon_core.package_discovery:discover_packages(recursive) discover
[0.402s] INFO:colcon.colcon_core.package_discovery:Crawling recursively for packages in '/home/notsoadmin/dev_ws'
[0.402s] Level 1:colcon.colcon_core.package_identification:_identify(.) by extensions ['ignore', 'ignore_ament_install']
[0.403s] Level 1:colcon.colcon_core.package_identification:_identify(.) by extension 'ignore'
[0.403s] Level 1:colcon.colcon_core.package_identification:_identify(.) by extension 'ignore_ament_install'
[0.403s] Level 1:colcon.colcon_core.package_identification:_identify(.) by extensions ['colcon_pkg']
[0.403s] Level 1:colcon.colcon_core.package_identification:_identify(.) by extension 'colcon_pkg'
[0.403s] Level 1:colcon.colcon_core.package_identification:_identify(.) by extensions ['colcon_meta']
[0.403s] Level 1:colcon.colcon_core.package_identification:_identify(.) by extension 'colcon_meta'
[0.403s] Level 1:colcon.colcon_core.package_identification:_identify(.) by extensions ['ros']
[0.403s] Level 1:colcon.colcon_core.package_identification:_identify(.) by extension 'ros'
[0.416s] Level 1:colcon.colcon_core.package_identification:_identify(.) by extensions ['cmake', 'python']
[0.416s] Level 1:colcon.colcon_core.package_identification:_identify(.) by extension 'cmake'
[0.416s] Level 1:colcon.colcon_core.package_identification:_identify(.) by extension 'python'
[0.416s] Level 1:colcon.colcon_core.package_identification:_identify(.) by extensions ['python_setup_py']
[0.416s] Level 1:colcon.colcon_core.package_identification:_identify(.) by extension 'python_setup_py'
[0.416s] Level 1:colcon.colcon_core.package_identification:_identify(build) by extensions ['ignore', 'ignore_ament_install']
[0.417s] Level 1:colcon.colcon_core.package_identification:_identify(build) by extension 'ignore'
[0.417s] Level 1:colcon.colcon_core.package_identification:_identify(build) ignored
[0.417s] Level 1:colcon.colcon_core.package_identification:_identify(install) by extensions ['ignore', 'ignore_ament_install']
[0.417s] Level 1:colcon.colcon_core.package_identification:_identify(install) by extension 'ignore'
[0.417s] Level 1:colcon.colcon_core.package_identification:_identify(install) ignored
[0.417s] Level 1:colcon.colcon_core.package_identification:_identify(log) by extensions ['ignore', 'ignore_ament_install']
[0.417s] Level 1:colcon.colcon_core.package_identification:_identify(log) by extension 'ignore'
[0.417s] Level 1:colcon.colcon_core.package_identification:_identify(log) ignored
[0.417s] Level 1:colcon.colcon_core.package_identification:_identify(src) by extensions ['ignore', 'ignore_ament_install']
[0.417s] Level 1:colcon.colcon_core.package_identification:_identify(src) by extension 'ignore'
[0.417s] Level 1:colcon.colcon_core.package_identification:_identify(src) by extension 'ignore_ament_install'
[0.417s] Level 1:colcon.colcon_core.package_identification:_identify(src) by extensions ['colcon_pkg']
[0.417s] Level 1:colcon.colcon_core.package_identification:_identify(src) by extension 'colcon_pkg'
[0.417s] Level 1:colcon.colcon_core.package_identification:_identify(src) by extensions ['colcon_meta']
[0.418s] Level 1:colcon.colcon_core.package_identification:_identify(src) by extension 'colcon_meta'
[0.418s] Level 1:colcon.colcon_core.package_identification:_identify(src) by extensions ['ros']
[0.418s] Level 1:colcon.colcon_core.package_identification:_identify(src) by extension 'ros'
[0.418s] Level 1:colcon.colcon_core.package_identification:_identify(src) by extensions ['cmake', 'python']
[0.418s] Level 1:colcon.colcon_core.package_identification:_identify(src) by extension 'cmake'
[0.418s] Level 1:colcon.colcon_core.package_identification:_identify(src) by extension 'python'
[0.418s] Level 1:colcon.colcon_core.package_identification:_identify(src) by extensions ['python_setup_py']
[0.418s] Level 1:colcon.colcon_core.package_identification:_identify(src) by extension 'python_setup_py'
[0.418s] Level 1:colcon.colcon_core.package_identification:_identify(src/articubot_one) by extensions ['ignore', 'ignore_ament_install']
[0.418s] Level 1:colcon.colcon_core.package_identification:_identify(src/articubot_one) by extension 'ignore'
[0.418s] Level 1:colcon.colcon_core.package_identification:_identify(src/articubot_one) by extension 'ignore_ament_install'
[0.418s] Level 1:colcon.colcon_core.package_identification:_identify(src/articubot_one) by extensions ['colcon_pkg']
[0.418s] Level 1:colcon.colcon_core.package_identification:_identify(src/articubot_one) by extension 'colcon_pkg'
[0.418s] Level 1:colcon.colcon_core.package_identification:_identify(src/articubot_one) by extensions ['colcon_meta']
[0.418s] Level 1:colcon.colcon_core.package_identification:_identify(src/articubot_one) by extension 'colcon_meta'
[0.418s] Level 1:colcon.colcon_core.package_identification:_identify(src/articubot_one) by extensions ['ros']
[0.418s] Level 1:colcon.colcon_core.package_identification:_identify(src/articubot_one) by extension 'ros'
[0.422s] DEBUG:colcon.colcon_core.package_identification:Package 'src/articubot_one' with type 'ros.ament_cmake' and name 'articubot_one'
[0.422s] Level 1:colcon.colcon_core.package_identification:_identify(src/twist_mux) by extensions ['ignore', 'ignore_ament_install']
[0.422s] Level 1:colcon.colcon_core.package_identification:_identify(src/twist_mux) by extension 'ignore'
[0.423s] Level 1:colcon.colcon_core.package_identification:_identify(src/twist_mux) by extension 'ignore_ament_install'
[0.423s] Level 1:colcon.colcon_core.package_identification:_identify(src/twist_mux) by extensions ['colcon_pkg']
[0.423s] Level 1:colcon.colcon_core.package_identification:_identify(src/twist_mux) by extension 'colcon_pkg'
[0.423s] Level 1:colcon.colcon_core.package_identification:_identify(src/twist_mux) by extensions ['colcon_meta']
[0.423s] Level 1:colcon.colcon_core.package_identification:_identify(src/twist_mux) by extension 'colcon_meta'
[0.423s] Level 1:colcon.colcon_core.package_identification:_identify(src/twist_mux) by extensions ['ros']
[0.423s] Level 1:colcon.colcon_core.package_identification:_identify(src/twist_mux) by extension 'ros'
[0.424s] DEBUG:colcon.colcon_core.package_identification:Package 'src/twist_mux' with type 'ros.ament_cmake' and name 'twist_mux'
[0.424s] Level 1:colcon.colcon_core.package_discovery:discover_packages(recursive) using defaults
[0.424s] Level 1:colcon.colcon_core.package_discovery:discover_packages(ignore) discover
[0.424s] Level 1:colcon.colcon_core.package_discovery:discover_packages(ignore) using defaults
[0.424s] Level 1:colcon.colcon_core.package_discovery:discover_packages(path) discover
[0.424s] Level 1:colcon.colcon_core.package_discovery:discover_packages(path) using defaults
[0.458s] Level 5:colcon.colcon_core.verb:set package 'twist_mux' build argument 'cmake_args' from command line to 'None'
[0.458s] Level 5:colcon.colcon_core.verb:set package 'twist_mux' build argument 'cmake_target' from command line to 'None'
[0.458s] Level 5:colcon.colcon_core.verb:set package 'twist_mux' build argument 'cmake_target_skip_unavailable' from command line to 'False'
[0.458s] Level 5:colcon.colcon_core.verb:set package 'twist_mux' build argument 'cmake_clean_cache' from command line to 'False'
[0.458s] Level 5:colcon.colcon_core.verb:set package 'twist_mux' build argument 'cmake_clean_first' from command line to 'False'
[0.458s] Level 5:colcon.colcon_core.verb:set package 'twist_mux' build argument 'cmake_force_configure' from command line to 'False'
[0.458s] Level 5:colcon.colcon_core.verb:set package 'twist_mux' build argument 'ament_cmake_args' from command line to 'None'
[0.458s] Level 5:colcon.colcon_core.verb:set package 'twist_mux' build argument 'catkin_cmake_args' from command line to 'None'
[0.458s] Level 5:colcon.colcon_core.verb:set package 'twist_mux' build argument 'catkin_skip_building_tests' from command line to 'False'
[0.458s] DEBUG:colcon.colcon_core.verb:Building package 'twist_mux' with the following arguments: {'ament_cmake_args': None, 'build_base': '/home/notsoadmin/dev_ws/build/twist_mux', 'catkin_cmake_args': None, 'catkin_skip_building_tests': False, 'cmake_args': None, 'cmake_clean_cache': False, 'cmake_clean_first': False, 'cmake_force_configure': False, 'cmake_target': None, 'cmake_target_skip_unavailable': False, 'install_base': '/home/notsoadmin/dev_ws/install/twist_mux', 'merge_install': False, 'path': '/home/notsoadmin/dev_ws/src/twist_mux', 'symlink_install': True, 'test_result_base': None}
[0.459s] Level 5:colcon.colcon_core.verb:set package 'articubot_one' build argument 'cmake_args' from command line to 'None'
[0.459s] Level 5:colcon.colcon_core.verb:set package 'articubot_one' build argument 'cmake_target' from command line to 'None'
[0.459s] Level 5:colcon.colcon_core.verb:set package 'articubot_one' build argument 'cmake_target_skip_unavailable' from command line to 'False'
[0.459s] Level 5:colcon.colcon_core.verb:set package 'articubot_one' build argument 'cmake_clean_cache' from command line to 'False'
[0.459s] Level 5:colcon.colcon_core.verb:set package 'articubot_one' build argument 'cmake_clean_first' from command line to 'False'
[0.459s] Level 5:colcon.colcon_core.verb:set package 'articubot_one' build argument 'cmake_force_configure' from command line to 'False'
[0.459s] Level 5:colcon.colcon_core.verb:set package 'articubot_one' build argument 'ament_cmake_args' from command line to 'None'
[0.459s] Level 5:colcon.colcon_core.verb:set package 'articubot_one' build argument 'catkin_cmake_args' from command line to 'None'
[0.459s] Level 5:colcon.colcon_core.verb:set package 'articubot_one' build argument 'catkin_skip_building_tests' from command line to 'False'
[0.459s] DEBUG:colcon.colcon_core.verb:Building package 'articubot_one' with the following arguments: {'ament_cmake_args': None, 'build_base': '/home/notsoadmin/dev_ws/build/articubot_one', 'catkin_cmake_args': None, 'catkin_skip_building_tests': False, 'cmake_args': None, 'cmake_clean_cache': False, 'cmake_clean_first': False, 'cmake_force_configure': False, 'cmake_target': None, 'cmake_target_skip_unavailable': False, 'install_base': '/home/notsoadmin/dev_ws/install/articubot_one', 'merge_install': False, 'path': '/home/notsoadmin/dev_ws/src/articubot_one', 'symlink_install': True, 'test_result_base': None}
[0.459s] INFO:colcon.colcon_core.executor:Executing jobs using 'parallel' executor
[0.461s] DEBUG:colcon.colcon_parallel_executor.executor.parallel:run_until_complete
[0.461s] INFO:colcon.colcon_ros.task.ament_cmake.build:Building ROS package in '/home/notsoadmin/dev_ws/src/twist_mux' with build type 'ament_cmake'
[0.461s] INFO:colcon.colcon_cmake.task.cmake.build:Building CMake package in '/home/notsoadmin/dev_ws/src/twist_mux'
[0.467s] INFO:colcon.colcon_core.plugin_system:Skipping extension 'colcon_core.shell.bat': Not used on non-Windows systems
[0.467s] INFO:colcon.colcon_core.shell:Skip shell extension 'powershell' for command environment: Not usable outside of PowerShell
[0.467s] DEBUG:colcon.colcon_core.shell:Skip shell extension 'dsv' for command environment
[0.503s] DEBUG:colcon.colcon_core.event_handler.log_command:Invoking command in '/home/notsoadmin/dev_ws/build/twist_mux': CMAKE_PREFIX_PATH=${CMAKE_PREFIX_PATH}:/opt/ros/humble /usr/bin/cmake --build /home/notsoadmin/dev_ws/build/twist_mux -- -j16 -l16
[0.720s] DEBUG:colcon.colcon_core.event_handler.log_command:Invoked command in '/home/notsoadmin/dev_ws/build/twist_mux' returned '0': CMAKE_PREFIX_PATH=${CMAKE_PREFIX_PATH}:/opt/ros/humble /usr/bin/cmake --build /home/notsoadmin/dev_ws/build/twist_mux -- -j16 -l16
[0.733s] DEBUG:colcon.colcon_core.event_handler.log_command:Invoking command in '/home/notsoadmin/dev_ws/build/twist_mux': CMAKE_PREFIX_PATH=${CMAKE_PREFIX_PATH}:/opt/ros/humble /usr/bin/cmake --install /home/notsoadmin/dev_ws/build/twist_mux
[0.766s] Level 1:colcon.colcon_core.environment:create_environment_scripts_only(twist_mux)
[0.766s] DEBUG:colcon.colcon_core.event_handler.log_command:Invoked command in '/home/notsoadmin/dev_ws/build/twist_mux' returned '0': CMAKE_PREFIX_PATH=${CMAKE_PREFIX_PATH}:/opt/ros/humble /usr/bin/cmake --install /home/notsoadmin/dev_ws/build/twist_mux
[0.770s] Level 1:colcon.colcon_core.environment:checking '/home/notsoadmin/dev_ws/install/twist_mux' for CMake module files
[0.770s] Level 1:colcon.colcon_core.environment:checking '/home/notsoadmin/dev_ws/install/twist_mux' for CMake config files
[0.770s] Level 1:colcon.colcon_core.shell:create_environment_hook('twist_mux', 'cmake_prefix_path')
[0.771s] INFO:colcon.colcon_core.shell:Creating environment hook '/home/notsoadmin/dev_ws/install/twist_mux/share/twist_mux/hook/cmake_prefix_path.ps1'
[0.771s] INFO:colcon.colcon_core.shell:Creating environment descriptor '/home/notsoadmin/dev_ws/install/twist_mux/share/twist_mux/hook/cmake_prefix_path.dsv'
[0.772s] INFO:colcon.colcon_core.shell:Creating environment hook '/home/notsoadmin/dev_ws/install/twist_mux/share/twist_mux/hook/cmake_prefix_path.sh'
[0.773s] Level 1:colcon.colcon_core.environment:checking '/home/notsoadmin/dev_ws/install/twist_mux/lib'
[0.773s] Level 1:colcon.colcon_core.environment:checking '/home/notsoadmin/dev_ws/install/twist_mux/bin'
[0.773s] Level 1:colcon.colcon_core.environment:checking '/home/notsoadmin/dev_ws/install/twist_mux/lib/pkgconfig/twist_mux.pc'
[0.777s] Level 1:colcon.colcon_core.environment:checking '/home/notsoadmin/dev_ws/install/twist_mux/lib/python3.10/site-packages'
[0.777s] Level 1:colcon.colcon_core.environment:checking '/home/notsoadmin/dev_ws/install/twist_mux/bin'
[0.778s] INFO:colcon.colcon_core.shell:Creating package script '/home/notsoadmin/dev_ws/install/twist_mux/share/twist_mux/package.ps1'
[0.779s] INFO:colcon.colcon_core.shell:Creating package descriptor '/home/notsoadmin/dev_ws/install/twist_mux/share/twist_mux/package.dsv'
[0.780s] INFO:colcon.colcon_core.shell:Creating package script '/home/notsoadmin/dev_ws/install/twist_mux/share/twist_mux/package.sh'
[0.780s] INFO:colcon.colcon_core.shell:Creating package script '/home/notsoadmin/dev_ws/install/twist_mux/share/twist_mux/package.bash'
[0.781s] INFO:colcon.colcon_core.shell:Creating package script '/home/notsoadmin/dev_ws/install/twist_mux/share/twist_mux/package.zsh'
[0.782s] Level 1:colcon.colcon_core.environment:create_file_with_runtime_dependencies(/home/notsoadmin/dev_ws/install/twist_mux/share/colcon-core/packages/twist_mux)
[0.783s] Level 1:colcon.colcon_core.environment:create_environment_scripts_only(twist_mux)
[0.783s] Level 1:colcon.colcon_core.environment:checking '/home/notsoadmin/dev_ws/install/twist_mux' for CMake module files
[0.784s] Level 1:colcon.colcon_core.environment:checking '/home/notsoadmin/dev_ws/install/twist_mux' for CMake config files
[0.784s] Level 1:colcon.colcon_core.shell:create_environment_hook('twist_mux', 'cmake_prefix_path')
[0.784s] INFO:colcon.colcon_core.shell:Creating environment hook '/home/notsoadmin/dev_ws/install/twist_mux/share/twist_mux/hook/cmake_prefix_path.ps1'
[0.784s] INFO:colcon.colcon_core.shell:Creating environment descriptor '/home/notsoadmin/dev_ws/install/twist_mux/share/twist_mux/hook/cmake_prefix_path.dsv'
[0.785s] INFO:colcon.colcon_core.shell:Creating environment hook '/home/notsoadmin/dev_ws/install/twist_mux/share/twist_mux/hook/cmake_prefix_path.sh'
[0.785s] Level 1:colcon.colcon_core.environment:checking '/home/notsoadmin/dev_ws/install/twist_mux/lib'
[0.785s] Level 1:colcon.colcon_core.environment:checking '/home/notsoadmin/dev_ws/install/twist_mux/bin'
[0.785s] Level 1:colcon.colcon_core.environment:checking '/home/notsoadmin/dev_ws/install/twist_mux/lib/pkgconfig/twist_mux.pc'
[0.786s] Level 1:colcon.colcon_core.environment:checking '/home/notsoadmin/dev_ws/install/twist_mux/lib/python3.10/site-packages'
[0.786s] Level 1:colcon.colcon_core.environment:checking '/home/notsoadmin/dev_ws/install/twist_mux/bin'
[0.786s] INFO:colcon.colcon_core.shell:Creating package script '/home/notsoadmin/dev_ws/install/twist_mux/share/twist_mux/package.ps1'
[0.787s] INFO:colcon.colcon_core.shell:Creating package descriptor '/home/notsoadmin/dev_ws/install/twist_mux/share/twist_mux/package.dsv'
[0.787s] INFO:colcon.colcon_core.shell:Creating package script '/home/notsoadmin/dev_ws/install/twist_mux/share/twist_mux/package.sh'
[0.788s] INFO:colcon.colcon_core.shell:Creating package script '/home/notsoadmin/dev_ws/install/twist_mux/share/twist_mux/package.bash'
[0.788s] INFO:colcon.colcon_core.shell:Creating package script '/home/notsoadmin/dev_ws/install/twist_mux/share/twist_mux/package.zsh'
[0.788s] Level 1:colcon.colcon_core.environment:create_file_with_runtime_dependencies(/home/notsoadmin/dev_ws/install/twist_mux/share/colcon-core/packages/twist_mux)
[0.789s] INFO:colcon.colcon_ros.task.ament_cmake.build:Building ROS package in '/home/notsoadmin/dev_ws/src/articubot_one' with build type 'ament_cmake'
[0.789s] INFO:colcon.colcon_cmake.task.cmake.build:Building CMake package in '/home/notsoadmin/dev_ws/src/articubot_one'
[0.789s] INFO:colcon.colcon_core.shell:Skip shell extension 'powershell' for command environment: Not usable outside of PowerShell
[0.789s] DEBUG:colcon.colcon_core.shell:Skip shell extension 'dsv' for command environment
[0.807s] DEBUG:colcon.colcon_core.event_handler.log_command:Invoking command in '/home/notsoadmin/dev_ws/build/articubot_one': CMAKE_PREFIX_PATH=${CMAKE_PREFIX_PATH}:/opt/ros/humble /usr/bin/cmake --build /home/notsoadmin/dev_ws/build/articubot_one -- -j16 -l16
[1.142s] DEBUG:colcon.colcon_core.event_handler.log_command:Invoked command in '/home/notsoadmin/dev_ws/build/articubot_one' returned '0': CMAKE_PREFIX_PATH=${CMAKE_PREFIX_PATH}:/opt/ros/humble /usr/bin/cmake --build /home/notsoadmin/dev_ws/build/articubot_one -- -j16 -l16
[1.144s] DEBUG:colcon.colcon_core.event_handler.log_command:Invoking command in '/home/notsoadmin/dev_ws/build/articubot_one': CMAKE_PREFIX_PATH=${CMAKE_PREFIX_PATH}:/opt/ros/humble /usr/bin/cmake --install /home/notsoadmin/dev_ws/build/articubot_one
[1.227s] Level 1:colcon.colcon_core.environment:create_environment_scripts_only(articubot_one)
[1.227s] Level 1:colcon.colcon_core.environment:checking '/home/notsoadmin/dev_ws/install/articubot_one' for CMake module files
[1.228s] DEBUG:colcon.colcon_core.event_handler.log_command:Invoked command in '/home/notsoadmin/dev_ws/build/articubot_one' returned '0': CMAKE_PREFIX_PATH=${CMAKE_PREFIX_PATH}:/opt/ros/humble /usr/bin/cmake --install /home/notsoadmin/dev_ws/build/articubot_one
[1.229s] Level 1:colcon.colcon_core.environment:checking '/home/notsoadmin/dev_ws/install/articubot_one' for CMake config files
[1.229s] Level 1:colcon.colcon_core.shell:create_environment_hook('articubot_one', 'cmake_prefix_path')
[1.230s] INFO:colcon.colcon_core.shell:Creating environment hook '/home/notsoadmin/dev_ws/install/articubot_one/share/articubot_one/hook/cmake_prefix_path.ps1'
[1.231s] INFO:colcon.colcon_core.shell:Creating environment descriptor '/home/notsoadmin/dev_ws/install/articubot_one/share/articubot_one/hook/cmake_prefix_path.dsv'
[1.231s] INFO:colcon.colcon_core.shell:Creating environment hook '/home/notsoadmin/dev_ws/install/articubot_one/share/articubot_one/hook/cmake_prefix_path.sh'
[1.232s] Level 1:colcon.colcon_core.environment:checking '/home/notsoadmin/dev_ws/install/articubot_one/lib'
[1.232s] Level 1:colcon.colcon_core.environment:checking '/home/notsoadmin/dev_ws/install/articubot_one/bin'
[1.232s] Level 1:colcon.colcon_core.environment:checking '/home/notsoadmin/dev_ws/install/articubot_one/lib/pkgconfig/articubot_one.pc'
[1.232s] Level 1:colcon.colcon_core.environment:checking '/home/notsoadmin/dev_ws/install/articubot_one/lib/python3.10/site-packages'
[1.232s] Level 1:colcon.colcon_core.environment:checking '/home/notsoadmin/dev_ws/install/articubot_one/bin'
[1.233s] INFO:colcon.colcon_core.shell:Creating package script '/home/notsoadmin/dev_ws/install/articubot_one/share/articubot_one/package.ps1'
[1.233s] INFO:colcon.colcon_core.shell:Creating package descriptor '/home/notsoadmin/dev_ws/install/articubot_one/share/articubot_one/package.dsv'
[1.233s] INFO:colcon.colcon_core.shell:Creating package script '/home/notsoadmin/dev_ws/install/articubot_one/share/articubot_one/package.sh'
[1.234s] INFO:colcon.colcon_core.shell:Creating package script '/home/notsoadmin/dev_ws/install/articubot_one/share/articubot_one/package.bash'
[1.234s] INFO:colcon.colcon_core.shell:Creating package script '/home/notsoadmin/dev_ws/install/articubot_one/share/articubot_one/package.zsh'
[1.234s] Level 1:colcon.colcon_core.environment:create_file_with_runtime_dependencies(/home/notsoadmin/dev_ws/install/articubot_one/share/colcon-core/packages/articubot_one)
[1.235s] Level 1:colcon.colcon_core.environment:create_environment_scripts_only(articubot_one)
[1.235s] Level 1:colcon.colcon_core.environment:checking '/home/notsoadmin/dev_ws/install/articubot_one' for CMake module files
[1.235s] Level 1:colcon.colcon_core.environment:checking '/home/notsoadmin/dev_ws/install/articubot_one' for CMake config files
[1.236s] Level 1:colcon.colcon_core.shell:create_environment_hook('articubot_one', 'cmake_prefix_path')
[1.236s] INFO:colcon.colcon_core.shell:Creating environment hook '/home/notsoadmin/dev_ws/install/articubot_one/share/articubot_one/hook/cmake_prefix_path.ps1'
[1.237s] INFO:colcon.colcon_core.shell:Creating environment descriptor '/home/notsoadmin/dev_ws/install/articubot_one/share/articubot_one/hook/cmake_prefix_path.dsv'
[1.237s] INFO:colcon.colcon_core.shell:Creating environment hook '/home/notsoadmin/dev_ws/install/articubot_one/share/articubot_one/hook/cmake_prefix_path.sh'
[1.237s] Level 1:colcon.colcon_core.environment:checking '/home/notsoadmin/dev_ws/install/articubot_one/lib'
[1.237s] Level 1:colcon.colcon_core.environment:checking '/home/notsoadmin/dev_ws/install/articubot_one/bin'
[1.238s] Level 1:colcon.colcon_core.environment:checking '/home/notsoadmin/dev_ws/install/articubot_one/lib/pkgconfig/articubot_one.pc'
[1.238s] Level 1:colcon.colcon_core.environment:checking '/home/notsoadmin/dev_ws/install/articubot_one/lib/python3.10/site-packages'
[1.238s] Level 1:colcon.colcon_core.environment:checking '/home/notsoadmin/dev_ws/install/articubot_one/bin'
[1.238s] INFO:colcon.colcon_core.shell:Creating package script '/home/notsoadmin/dev_ws/install/articubot_one/share/articubot_one/package.ps1'
[1.239s] INFO:colcon.colcon_core.shell:Creating package descriptor '/home/notsoadmin/dev_ws/install/articubot_one/share/articubot_one/package.dsv'
[1.239s] INFO:colcon.colcon_core.shell:Creating package script '/home/notsoadmin/dev_ws/install/articubot_one/share/articubot_one/package.sh'
[1.240s] INFO:colcon.colcon_core.shell:Creating package script '/home/notsoadmin/dev_ws/install/articubot_one/share/articubot_one/package.bash'
[1.240s] INFO:colcon.colcon_core.shell:Creating package script '/home/notsoadmin/dev_ws/install/articubot_one/share/articubot_one/package.zsh'
[1.240s] Level 1:colcon.colcon_core.environment:create_file_with_runtime_dependencies(/home/notsoadmin/dev_ws/install/articubot_one/share/colcon-core/packages/articubot_one)
[1.240s] DEBUG:colcon.colcon_parallel_executor.executor.parallel:closing loop
[1.241s] DEBUG:colcon.colcon_parallel_executor.executor.parallel:loop closed
[1.241s] DEBUG:colcon.colcon_parallel_executor.executor.parallel:run_until_complete finished with '0'
[1.241s] DEBUG:colcon.colcon_core.event_reactor:joining thread
[1.254s] INFO:colcon.colcon_core.plugin_system:Skipping extension 'colcon_notification.desktop_notification.notify_send': Could not find 'notify-send'
[1.254s] INFO:colcon.colcon_core.plugin_system:Skipping extension 'colcon_notification.desktop_notification.terminal_notifier': Not used on non-Darwin systems
[1.254s] INFO:colcon.colcon_core.plugin_system:Skipping extension 'colcon_notification.desktop_notification.win32': Not used on non-Windows systems
[1.254s] INFO:colcon.colcon_notification.desktop_notification:Sending desktop notification using 'notify2'
[1.258s] DEBUG:colcon.colcon_notification.desktop_notification.notify2:Failed to initialize notify2: org.freedesktop.DBus.Error.Spawn.ExecFailed: /usr/bin/dbus-launch terminated abnormally without any error message
[1.259s] DEBUG:colcon.colcon_core.event_reactor:joined thread
[1.259s] INFO:colcon.colcon_core.shell:Creating prefix script '/home/notsoadmin/dev_ws/install/local_setup.ps1'
[1.261s] INFO:colcon.colcon_core.shell:Creating prefix util module '/home/notsoadmin/dev_ws/install/_local_setup_util_ps1.py'
[1.263s] INFO:colcon.colcon_core.shell:Creating prefix chain script '/home/notsoadmin/dev_ws/install/setup.ps1'
[1.264s] INFO:colcon.colcon_core.shell:Creating prefix script '/home/notsoadmin/dev_ws/install/local_setup.sh'
[1.265s] INFO:colcon.colcon_core.shell:Creating prefix util module '/home/notsoadmin/dev_ws/install/_local_setup_util_sh.py'
[1.266s] INFO:colcon.colcon_core.shell:Creating prefix chain script '/home/notsoadmin/dev_ws/install/setup.sh'
[1.267s] INFO:colcon.colcon_core.shell:Creating prefix script '/home/notsoadmin/dev_ws/install/local_setup.bash'
[1.267s] INFO:colcon.colcon_core.shell:Creating prefix chain script '/home/notsoadmin/dev_ws/install/setup.bash'
[1.268s] INFO:colcon.colcon_core.shell:Creating prefix script '/home/notsoadmin/dev_ws/install/local_setup.zsh'
[1.269s] INFO:colcon.colcon_core.shell:Creating prefix chain script '/home/notsoadmin/dev_ws/install/setup.zsh'
