[0.012s] Invoking command in '/home/notsoadmin/dev_ws/build/articubot_one': CMAKE_PREFIX_PATH=${CMAKE_PREFIX_PATH}:/opt/ros/humble /usr/bin/cmake /home/notsoadmin/dev_ws/src/articubot_one -DAMENT_CMAKE_SYMLINK_INSTALL=1 -DCMAKE_INSTALL_PREFIX=/home/notsoadmin/dev_ws/install/articubot_one
[0.191s] -- The C compiler identification is GNU 11.4.0
[0.324s] -- The CXX compiler identification is GNU 11.4.0
[0.345s] -- Detecting C compiler ABI info
[0.472s] -- Detecting C compiler ABI info - done
[0.486s] -- Check for working C compiler: /usr/bin/cc - skipped
[0.486s] -- Detecting C compile features
[0.488s] -- Detecting C compile features - done
[0.494s] -- Detecting CXX compiler ABI info
[0.637s] -- Detecting CXX compiler ABI info - done
[0.650s] -- Check for working CXX compiler: /usr/bin/c++ - skipped
[0.651s] -- Detecting CXX compile features
[0.651s] -- Detecting CXX compile features - done
[0.659s] -- Found ament_cmake: 1.3.12 (/opt/ros/humble/share/ament_cmake/cmake)
[0.901s] -- Found Python3: /usr/bin/python3 (found version "3.10.12") found components: Interpreter 
[0.988s] -- Override CMake install command with custom implementation using symlinks instead of copying resources
[1.034s] -- Found ament_lint_auto: 0.12.14 (/opt/ros/humble/share/ament_lint_auto/cmake)
[1.143s] -- Added test 'copyright' to check source files copyright and LICENSE
[1.151s] -- Added test 'flake8' to check Python code syntax and style conventions
[1.152s] -- Added test 'lint_cmake' to check CMake code style
[1.153s] -- Added test 'pep257' to check Python code against some of the docstring style conventions in PEP 257
[1.159s] -- Added test 'xmllint' to check XML markup files
[1.162s] -- Configuring done
[1.166s] -- Generating done
[1.168s] -- Build files have been written to: /home/notsoadmin/dev_ws/build/articubot_one
[1.175s] Invoked command in '/home/notsoadmin/dev_ws/build/articubot_one' returned '0': CMAKE_PREFIX_PATH=${CMAKE_PREFIX_PATH}:/opt/ros/humble /usr/bin/cmake /home/notsoadmin/dev_ws/src/articubot_one -DAMENT_CMAKE_SYMLINK_INSTALL=1 -DCMAKE_INSTALL_PREFIX=/home/notsoadmin/dev_ws/install/articubot_one
[1.179s] Invoking command in '/home/notsoadmin/dev_ws/build/articubot_one': CMAKE_PREFIX_PATH=${CMAKE_PREFIX_PATH}:/opt/ros/humble /usr/bin/cmake --build /home/notsoadmin/dev_ws/build/articubot_one -- -j16 -l16
[1.242s] Invoked command in '/home/notsoadmin/dev_ws/build/articubot_one' returned '0': CMAKE_PREFIX_PATH=${CMAKE_PREFIX_PATH}:/opt/ros/humble /usr/bin/cmake --build /home/notsoadmin/dev_ws/build/articubot_one -- -j16 -l16
[1.256s] Invoking command in '/home/notsoadmin/dev_ws/build/articubot_one': CMAKE_PREFIX_PATH=${CMAKE_PREFIX_PATH}:/opt/ros/humble /usr/bin/cmake --install /home/notsoadmin/dev_ws/build/articubot_one
[1.268s] -- Install configuration: ""
[1.272s] -- Execute custom install script
[1.273s] -- Symlinking: /home/notsoadmin/dev_ws/install/articubot_one/share/articubot_one/config/ball_tracker_params_robot.yaml
[1.286s] -- Symlinking: /home/notsoadmin/dev_ws/install/articubot_one/share/articubot_one/config/ball_tracker_params_sim.yaml
[1.298s] -- Symlinking: /home/notsoadmin/dev_ws/install/articubot_one/share/articubot_one/config/drive_bot.rviz
[1.315s] -- Symlinking: /home/notsoadmin/dev_ws/install/articubot_one/share/articubot_one/config/empty.yaml
[1.328s] -- Symlinking: /home/notsoadmin/dev_ws/install/articubot_one/share/articubot_one/config/gaz_ros2_ctl_use_sim.yaml
[1.341s] -- Symlinking: /home/notsoadmin/dev_ws/install/articubot_one/share/articubot_one/config/gazebo_params.yaml
[1.353s] -- Symlinking: /home/notsoadmin/dev_ws/install/articubot_one/share/articubot_one/config/joystick.yaml
[1.367s] -- Symlinking: /home/notsoadmin/dev_ws/install/articubot_one/share/articubot_one/config/main.rviz
[1.379s] -- Symlinking: /home/notsoadmin/dev_ws/install/articubot_one/share/articubot_one/config/map.rviz
[1.390s] -- Symlinking: /home/notsoadmin/dev_ws/install/articubot_one/share/articubot_one/config/mapper_params_online_async.yaml
[1.402s] -- Symlinking: /home/notsoadmin/dev_ws/install/articubot_one/share/articubot_one/config/my_controllers.yaml
[1.417s] -- Symlinking: /home/notsoadmin/dev_ws/install/articubot_one/share/articubot_one/config/nav2_params.yaml
[1.429s] -- Symlinking: /home/notsoadmin/dev_ws/install/articubot_one/share/articubot_one/config/twist_mux.yaml
[1.443s] -- Symlinking: /home/notsoadmin/dev_ws/install/articubot_one/share/articubot_one/config/view_bot.rviz
[1.456s] -- Symlinking: /home/notsoadmin/dev_ws/install/articubot_one/share/articubot_one/description/camera.xacro
[1.469s] -- Symlinking: /home/notsoadmin/dev_ws/install/articubot_one/share/articubot_one/description/depth_camera.xacro
[1.480s] -- Symlinking: /home/notsoadmin/dev_ws/install/articubot_one/share/articubot_one/description/face.xacro
[1.494s] -- Symlinking: /home/notsoadmin/dev_ws/install/articubot_one/share/articubot_one/description/gazebo_control.xacro
[1.504s] -- Symlinking: /home/notsoadmin/dev_ws/install/articubot_one/share/articubot_one/description/inertial_macros.xacro
[1.517s] -- Symlinking: /home/notsoadmin/dev_ws/install/articubot_one/share/articubot_one/description/lidar.xacro
[1.531s] -- Symlinking: /home/notsoadmin/dev_ws/install/articubot_one/share/articubot_one/description/robot.urdf.xacro
[1.542s] -- Symlinking: /home/notsoadmin/dev_ws/install/articubot_one/share/articubot_one/description/robot_core.xacro
[1.553s] -- Symlinking: /home/notsoadmin/dev_ws/install/articubot_one/share/articubot_one/description/ros2_control.xacro
[1.567s] -- Symlinking: /home/notsoadmin/dev_ws/install/articubot_one/share/articubot_one/launch/ball_tracker.launch.py
[1.579s] -- Symlinking: /home/notsoadmin/dev_ws/install/articubot_one/share/articubot_one/launch/camera.launch.py
[1.594s] -- Symlinking: /home/notsoadmin/dev_ws/install/articubot_one/share/articubot_one/launch/joystick.launch.py
[1.607s] -- Symlinking: /home/notsoadmin/dev_ws/install/articubot_one/share/articubot_one/launch/launch_robot.launch.py
[1.622s] -- Symlinking: /home/notsoadmin/dev_ws/install/articubot_one/share/articubot_one/launch/launch_sim.launch.py
[1.634s] -- Symlinking: /home/notsoadmin/dev_ws/install/articubot_one/share/articubot_one/launch/localization_launch.py
[1.644s] -- Symlinking: /home/notsoadmin/dev_ws/install/articubot_one/share/articubot_one/launch/navigation_launch.py
[1.658s] -- Symlinking: /home/notsoadmin/dev_ws/install/articubot_one/share/articubot_one/launch/online_async_launch.py
[1.668s] -- Symlinking: /home/notsoadmin/dev_ws/install/articubot_one/share/articubot_one/launch/rplidar.launch.py
[1.680s] -- Symlinking: /home/notsoadmin/dev_ws/install/articubot_one/share/articubot_one/launch/rsp.launch.py
[1.693s] -- Symlinking: /home/notsoadmin/dev_ws/install/articubot_one/share/articubot_one/worlds/empty.world
[1.704s] -- Symlinking: /home/notsoadmin/dev_ws/install/articubot_one/share/articubot_one/worlds/obstacles.world
[1.719s] -- Symlinking: /home/notsoadmin/dev_ws/install/articubot_one/share/ament_index/resource_index/package_run_dependencies/articubot_one
[1.731s] -- Symlinking: /home/notsoadmin/dev_ws/install/articubot_one/share/ament_index/resource_index/parent_prefix_path/articubot_one
[1.744s] -- Symlinking: /home/notsoadmin/dev_ws/install/articubot_one/share/articubot_one/environment/ament_prefix_path.sh
[1.758s] -- Symlinking: /home/notsoadmin/dev_ws/install/articubot_one/share/articubot_one/environment/ament_prefix_path.dsv
[1.770s] -- Symlinking: /home/notsoadmin/dev_ws/install/articubot_one/share/articubot_one/environment/path.sh
[1.784s] -- Symlinking: /home/notsoadmin/dev_ws/install/articubot_one/share/articubot_one/environment/path.dsv
[1.795s] -- Symlinking: /home/notsoadmin/dev_ws/install/articubot_one/share/articubot_one/local_setup.bash
[1.806s] -- Symlinking: /home/notsoadmin/dev_ws/install/articubot_one/share/articubot_one/local_setup.sh
[1.823s] -- Symlinking: /home/notsoadmin/dev_ws/install/articubot_one/share/articubot_one/local_setup.zsh
[1.836s] -- Symlinking: /home/notsoadmin/dev_ws/install/articubot_one/share/articubot_one/local_setup.dsv
[1.850s] -- Symlinking: /home/notsoadmin/dev_ws/install/articubot_one/share/articubot_one/package.dsv
[1.863s] -- Symlinking: /home/notsoadmin/dev_ws/install/articubot_one/share/ament_index/resource_index/packages/articubot_one
[1.875s] -- Symlinking: /home/notsoadmin/dev_ws/install/articubot_one/share/articubot_one/cmake/articubot_oneConfig.cmake
[1.887s] -- Symlinking: /home/notsoadmin/dev_ws/install/articubot_one/share/articubot_one/cmake/articubot_oneConfig-version.cmake
[1.898s] -- Symlinking: /home/notsoadmin/dev_ws/install/articubot_one/share/articubot_one/package.xml
[1.917s] Invoked command in '/home/notsoadmin/dev_ws/build/articubot_one' returned '0': CMAKE_PREFIX_PATH=${CMAKE_PREFIX_PATH}:/opt/ros/humble /usr/bin/cmake --install /home/notsoadmin/dev_ws/build/articubot_one
