[0.014s] Invoking command in '/home/notsoadmin/dev_ws/build/articubot_one': CMAKE_PREFIX_PATH=${CMAKE_PREFIX_PATH}:/opt/ros/humble /usr/bin/cmake /home/notsoadmin/dev_ws/src/articubot_one -DAMENT_CMAKE_SYMLINK_INSTALL=1 -DCMAKE_INSTALL_PREFIX=/home/notsoadmin/dev_ws/install/articubot_one
[0.030s] -- Found ament_cmake: 1.3.12 (/opt/ros/humble/share/ament_cmake/cmake)
[0.119s] -- Override CMake install command with custom implementation using symlinks instead of copying resources
[0.130s] -- Found ament_lint_auto: 0.12.14 (/opt/ros/humble/share/ament_lint_auto/cmake)
[0.176s] -- Added test 'copyright' to check source files copyright and LICENSE
[0.177s] -- Added test 'flake8' to check Python code syntax and style conventions
[0.178s] -- Added test 'lint_cmake' to check CMake code style
[0.178s] -- Added test 'pep257' to check Python code against some of the docstring style conventions in PEP 257
[0.179s] -- Added test 'xmllint' to check XML markup files
[0.180s] -- Configuring done
[0.182s] -- Generating done
[0.183s] -- Build files have been written to: /home/notsoadmin/dev_ws/build/articubot_one
[0.187s] Invoked command in '/home/notsoadmin/dev_ws/build/articubot_one' returned '0': CMAKE_PREFIX_PATH=${CMAKE_PREFIX_PATH}:/opt/ros/humble /usr/bin/cmake /home/notsoadmin/dev_ws/src/articubot_one -DAMENT_CMAKE_SYMLINK_INSTALL=1 -DCMAKE_INSTALL_PREFIX=/home/notsoadmin/dev_ws/install/articubot_one
[0.187s] Invoking command in '/home/notsoadmin/dev_ws/build/articubot_one': CMAKE_PREFIX_PATH=${CMAKE_PREFIX_PATH}:/opt/ros/humble /usr/bin/cmake --build /home/notsoadmin/dev_ws/build/articubot_one -- -j16 -l16
[0.217s] Invoked command in '/home/notsoadmin/dev_ws/build/articubot_one' returned '0': CMAKE_PREFIX_PATH=${CMAKE_PREFIX_PATH}:/opt/ros/humble /usr/bin/cmake --build /home/notsoadmin/dev_ws/build/articubot_one -- -j16 -l16
[0.223s] Invoking command in '/home/notsoadmin/dev_ws/build/articubot_one': CMAKE_PREFIX_PATH=${CMAKE_PREFIX_PATH}:/opt/ros/humble /usr/bin/cmake --install /home/notsoadmin/dev_ws/build/articubot_one
[0.229s] -- Install configuration: ""
[0.230s] -- Execute custom install script
[0.231s] -- Symlinking: /home/notsoadmin/dev_ws/install/articubot_one/share/articubot_one/config/drive_bot.rviz
[0.238s] -- Symlinking: /home/notsoadmin/dev_ws/install/articubot_one/share/articubot_one/config/empty.yaml
[0.246s] -- Symlinking: /home/notsoadmin/dev_ws/install/articubot_one/share/articubot_one/config/mapper_params_online_async.yaml
[0.252s] -- Symlinking: /home/notsoadmin/dev_ws/install/articubot_one/share/articubot_one/config/new_bot.rviz
[0.259s] -- Symlinking: /home/notsoadmin/dev_ws/install/articubot_one/share/articubot_one/config/view_bot.rviz
[0.264s] -- Symlinking: /home/notsoadmin/dev_ws/install/articubot_one/share/articubot_one/description/gazebo_control.xacro
[0.271s] -- Symlinking: /home/notsoadmin/dev_ws/install/articubot_one/share/articubot_one/description/inertial_macros.xacro
[0.278s] -- Symlinking: /home/notsoadmin/dev_ws/install/articubot_one/share/articubot_one/description/lidar.xacro
[0.284s] -- Symlinking: /home/notsoadmin/dev_ws/install/articubot_one/share/articubot_one/description/robot.urdf.xacro
[0.290s] -- Symlinking: /home/notsoadmin/dev_ws/install/articubot_one/share/articubot_one/description/robot_core.xacro
[0.296s] -- Symlinking: /home/notsoadmin/dev_ws/install/articubot_one/share/articubot_one/launch/launch_robot.launch.py
[0.300s] -- Symlinking: /home/notsoadmin/dev_ws/install/articubot_one/share/articubot_one/launch/launch_sim.launch.py
[0.307s] -- Symlinking: /home/notsoadmin/dev_ws/install/articubot_one/share/articubot_one/launch/localization.launch.py
[0.311s] -- Symlinking: /home/notsoadmin/dev_ws/install/articubot_one/share/articubot_one/launch/navigation_launch.py
[0.317s] -- Symlinking: /home/notsoadmin/dev_ws/install/articubot_one/share/articubot_one/launch/online_async_slam.launch.py
[0.324s] -- Symlinking: /home/notsoadmin/dev_ws/install/articubot_one/share/articubot_one/launch/rplidar.launch.py
[0.331s] -- Symlinking: /home/notsoadmin/dev_ws/install/articubot_one/share/articubot_one/launch/rsp.launch.py
[0.339s] -- Symlinking: /home/notsoadmin/dev_ws/install/articubot_one/share/articubot_one/worlds/empty.world
[0.345s] -- Symlinking: /home/notsoadmin/dev_ws/install/articubot_one/share/articubot_one/worlds/obstacles.world
[0.352s] -- Symlinking: /home/notsoadmin/dev_ws/install/articubot_one/share/ament_index/resource_index/package_run_dependencies/articubot_one
[0.359s] -- Symlinking: /home/notsoadmin/dev_ws/install/articubot_one/share/ament_index/resource_index/parent_prefix_path/articubot_one
[0.363s] -- Symlinking: /home/notsoadmin/dev_ws/install/articubot_one/share/articubot_one/environment/ament_prefix_path.sh
[0.370s] -- Symlinking: /home/notsoadmin/dev_ws/install/articubot_one/share/articubot_one/environment/ament_prefix_path.dsv
[0.376s] -- Symlinking: /home/notsoadmin/dev_ws/install/articubot_one/share/articubot_one/environment/path.sh
[0.382s] -- Symlinking: /home/notsoadmin/dev_ws/install/articubot_one/share/articubot_one/environment/path.dsv
[0.388s] -- Symlinking: /home/notsoadmin/dev_ws/install/articubot_one/share/articubot_one/local_setup.bash
[0.393s] -- Symlinking: /home/notsoadmin/dev_ws/install/articubot_one/share/articubot_one/local_setup.sh
[0.402s] -- Symlinking: /home/notsoadmin/dev_ws/install/articubot_one/share/articubot_one/local_setup.zsh
[0.407s] -- Symlinking: /home/notsoadmin/dev_ws/install/articubot_one/share/articubot_one/local_setup.dsv
[0.413s] -- Symlinking: /home/notsoadmin/dev_ws/install/articubot_one/share/articubot_one/package.dsv
[0.420s] -- Symlinking: /home/notsoadmin/dev_ws/install/articubot_one/share/ament_index/resource_index/packages/articubot_one
[0.427s] -- Symlinking: /home/notsoadmin/dev_ws/install/articubot_one/share/articubot_one/cmake/articubot_oneConfig.cmake
[0.433s] -- Symlinking: /home/notsoadmin/dev_ws/install/articubot_one/share/articubot_one/cmake/articubot_oneConfig-version.cmake
[0.439s] -- Symlinking: /home/notsoadmin/dev_ws/install/articubot_one/share/articubot_one/package.xml
[0.443s] -- Symlinking: /home/notsoadmin/dev_ws/install/articubot_one/share//launch/launch_robot.launch.py
[0.449s] -- Symlinking: /home/notsoadmin/dev_ws/install/articubot_one/share//launch/launch_sim.launch.py
[0.454s] -- Symlinking: /home/notsoadmin/dev_ws/install/articubot_one/share//launch/localization.launch.py
[0.461s] -- Symlinking: /home/notsoadmin/dev_ws/install/articubot_one/share//launch/navigation_launch.py
[0.467s] -- Symlinking: /home/notsoadmin/dev_ws/install/articubot_one/share//launch/online_async_slam.launch.py
[0.473s] -- Symlinking: /home/notsoadmin/dev_ws/install/articubot_one/share//launch/rplidar.launch.py
[0.480s] -- Symlinking: /home/notsoadmin/dev_ws/install/articubot_one/share//launch/rsp.launch.py
[0.486s] -- Symlinking: /home/notsoadmin/dev_ws/install/articubot_one/share//config/drive_bot.rviz
[0.491s] -- Symlinking: /home/notsoadmin/dev_ws/install/articubot_one/share//config/empty.yaml
[0.497s] -- Symlinking: /home/notsoadmin/dev_ws/install/articubot_one/share//config/mapper_params_online_async.yaml
[0.502s] -- Symlinking: /home/notsoadmin/dev_ws/install/articubot_one/share//config/new_bot.rviz
[0.507s] -- Symlinking: /home/notsoadmin/dev_ws/install/articubot_one/share//config/view_bot.rviz
[0.515s] Invoked command in '/home/notsoadmin/dev_ws/build/articubot_one' returned '0': CMAKE_PREFIX_PATH=${CMAKE_PREFIX_PATH}:/opt/ros/humble /usr/bin/cmake --install /home/notsoadmin/dev_ws/build/articubot_one
