[0.000000] (-) TimerEvent: {}
[0.000729] (articubot_one) JobQueued: {'identifier': 'articubot_one', 'dependencies': OrderedDict()}
[0.001026] (articubot_one) JobStarted: {'identifier': 'articubot_one'}
[0.017099] (articubot_one) JobProgress: {'identifier': 'articubot_one', 'progress': 'cmake'}
[0.018835] (articubot_one) JobProgress: {'identifier': 'articubot_one', 'progress': 'build'}
[0.019960] (articubot_one) Command: {'cmd': ['/usr/bin/cmake', '--build', '/home/notsoadmin/dev_ws/build/articubot_one', '--', '-j16', '-l16'], 'cwd': '/home/notsoadmin/dev_ws/build/articubot_one', 'env': OrderedDict([('HOSTNAME', 'ros-humble'), ('SHLVL', '1'), ('LD_LIBRARY_PATH', '/usr/lib/x86_64-linux-gnu/gazebo-11/plugins:/opt/ros/humble/opt/rviz_ogre_vendor/lib:/opt/ros/humble/lib/x86_64-linux-gnu:/opt/ros/humble/lib'), ('HOME', '/home/notsoadmin'), ('ROS_PYTHON_VERSION', '3'), ('COLCON_PREFIX_PATH', '/home/notsoadmin/dev_ws/install'), ('ROS_DISTRO', 'humble'), ('_', '/usr/bin/colcon'), ('ROS_VERSION', '2'), ('TERM', 'xterm'), ('ROS_LOCALHOST_ONLY', '0'), ('QT_X11_NO_MITSHM', '1'), ('PATH', '/opt/ros/humble/bin:/usr/local/sbin:/usr/local/bin:/usr/sbin:/usr/bin:/sbin:/bin'), ('XDG_RUNTIME_DIR', '/run/user/0'), ('DISPLAY', ':0'), ('LANG', 'C.UTF-8'), ('AMENT_PREFIX_PATH', '/home/notsoadmin/dev_ws/install/articubot_one:/opt/ros/humble'), ('PWD', '/home/notsoadmin/dev_ws/build/articubot_one'), ('LC_ALL', 'C.UTF-8'), ('PYTHONPATH', '/opt/ros/humble/lib/python3.10/site-packages:/opt/ros/humble/local/lib/python3.10/dist-packages'), ('COLCON', '1'), ('CMAKE_PREFIX_PATH', '/home/notsoadmin/dev_ws/install/articubot_one:/opt/ros/humble')]), 'shell': False}
[0.099939] (-) TimerEvent: {}
[0.200481] (-) TimerEvent: {}
[0.202441] (articubot_one) CommandEnded: {'returncode': 0}
[0.203430] (articubot_one) JobProgress: {'identifier': 'articubot_one', 'progress': 'install'}
[0.216094] (articubot_one) Command: {'cmd': ['/usr/bin/cmake', '--install', '/home/notsoadmin/dev_ws/build/articubot_one'], 'cwd': '/home/notsoadmin/dev_ws/build/articubot_one', 'env': OrderedDict([('HOSTNAME', 'ros-humble'), ('SHLVL', '1'), ('LD_LIBRARY_PATH', '/usr/lib/x86_64-linux-gnu/gazebo-11/plugins:/opt/ros/humble/opt/rviz_ogre_vendor/lib:/opt/ros/humble/lib/x86_64-linux-gnu:/opt/ros/humble/lib'), ('HOME', '/home/notsoadmin'), ('ROS_PYTHON_VERSION', '3'), ('COLCON_PREFIX_PATH', '/home/notsoadmin/dev_ws/install'), ('ROS_DISTRO', 'humble'), ('_', '/usr/bin/colcon'), ('ROS_VERSION', '2'), ('TERM', 'xterm'), ('ROS_LOCALHOST_ONLY', '0'), ('QT_X11_NO_MITSHM', '1'), ('PATH', '/opt/ros/humble/bin:/usr/local/sbin:/usr/local/bin:/usr/sbin:/usr/bin:/sbin:/bin'), ('XDG_RUNTIME_DIR', '/run/user/0'), ('DISPLAY', ':0'), ('LANG', 'C.UTF-8'), ('AMENT_PREFIX_PATH', '/home/notsoadmin/dev_ws/install/articubot_one:/opt/ros/humble'), ('PWD', '/home/notsoadmin/dev_ws/build/articubot_one'), ('LC_ALL', 'C.UTF-8'), ('PYTHONPATH', '/opt/ros/humble/lib/python3.10/site-packages:/opt/ros/humble/local/lib/python3.10/dist-packages'), ('COLCON', '1'), ('CMAKE_PREFIX_PATH', '/home/notsoadmin/dev_ws/install/articubot_one:/opt/ros/humble')]), 'shell': False}
[0.226222] (articubot_one) StdoutLine: {'line': b'-- Install configuration: ""\n'}
[0.227560] (articubot_one) StdoutLine: {'line': b'-- Execute custom install script\n'}
[0.229433] (articubot_one) StdoutLine: {'line': b'-- Up-to-date symlink: /home/notsoadmin/dev_ws/install/articubot_one/share/articubot_one/config/drive_bot.rviz\n'}
[0.229853] (articubot_one) StdoutLine: {'line': b'-- Up-to-date symlink: /home/notsoadmin/dev_ws/install/articubot_one/share/articubot_one/config/empty.yaml\n'}
[0.230076] (articubot_one) StdoutLine: {'line': b'-- Up-to-date symlink: /home/notsoadmin/dev_ws/install/articubot_one/share/articubot_one/config/mapper_params_online_async.yaml\n'}
[0.230258] (articubot_one) StdoutLine: {'line': b'-- Up-to-date symlink: /home/notsoadmin/dev_ws/install/articubot_one/share/articubot_one/config/new_bot.rviz\n'}
[0.230412] (articubot_one) StdoutLine: {'line': b'-- Up-to-date symlink: /home/notsoadmin/dev_ws/install/articubot_one/share/articubot_one/config/view_bot.rviz\n'}
[0.230734] (articubot_one) StdoutLine: {'line': b'-- Up-to-date symlink: /home/notsoadmin/dev_ws/install/articubot_one/share/articubot_one/description/gazebo_control.xacro\n'}
[0.231055] (articubot_one) StdoutLine: {'line': b'-- Up-to-date symlink: /home/notsoadmin/dev_ws/install/articubot_one/share/articubot_one/description/inertial_macros.xacro\n'}
[0.231292] (articubot_one) StdoutLine: {'line': b'-- Up-to-date symlink: /home/notsoadmin/dev_ws/install/articubot_one/share/articubot_one/description/lidar.xacro\n'}
[0.231491] (articubot_one) StdoutLine: {'line': b'-- Up-to-date symlink: /home/notsoadmin/dev_ws/install/articubot_one/share/articubot_one/description/robot.urdf.xacro\n'}
[0.231647] (articubot_one) StdoutLine: {'line': b'-- Up-to-date symlink: /home/notsoadmin/dev_ws/install/articubot_one/share/articubot_one/description/robot_core.xacro\n'}
[0.233118] (articubot_one) StdoutLine: {'line': b'-- Up-to-date symlink: /home/notsoadmin/dev_ws/install/articubot_one/share/articubot_one/launch/launch_robot.launch.py\n'}
[0.233402] (articubot_one) StdoutLine: {'line': b'-- Up-to-date symlink: /home/notsoadmin/dev_ws/install/articubot_one/share/articubot_one/launch/launch_sim.launch.py\n'}
[0.233597] (articubot_one) StdoutLine: {'line': b'-- Up-to-date symlink: /home/notsoadmin/dev_ws/install/articubot_one/share/articubot_one/launch/localization.launch.py\n'}
[0.233875] (articubot_one) StdoutLine: {'line': b'-- Up-to-date symlink: /home/notsoadmin/dev_ws/install/articubot_one/share/articubot_one/launch/navigation_launch.py\n'}
[0.234118] (articubot_one) StdoutLine: {'line': b'-- Up-to-date symlink: /home/notsoadmin/dev_ws/install/articubot_one/share/articubot_one/launch/online_async_slam.launch.py\n'}
[0.234619] (articubot_one) StdoutLine: {'line': b'-- Up-to-date symlink: /home/notsoadmin/dev_ws/install/articubot_one/share/articubot_one/launch/rplidar.launch.py\n'}
[0.234815] (articubot_one) StdoutLine: {'line': b'-- Up-to-date symlink: /home/notsoadmin/dev_ws/install/articubot_one/share/articubot_one/launch/rsp.launch.py\n'}
[0.235193] (articubot_one) StdoutLine: {'line': b'-- Up-to-date symlink: /home/notsoadmin/dev_ws/install/articubot_one/share/articubot_one/worlds/empty.world\n'}
[0.235587] (articubot_one) StdoutLine: {'line': b'-- Up-to-date symlink: /home/notsoadmin/dev_ws/install/articubot_one/share/articubot_one/worlds/obstacles.world\n'}
[0.235764] (articubot_one) StdoutLine: {'line': b'-- Up-to-date symlink: /home/notsoadmin/dev_ws/install/articubot_one/share/ament_index/resource_index/package_run_dependencies/articubot_one\n'}
[0.235854] (articubot_one) StdoutLine: {'line': b'-- Up-to-date symlink: /home/notsoadmin/dev_ws/install/articubot_one/share/ament_index/resource_index/parent_prefix_path/articubot_one\n'}
[0.235933] (articubot_one) StdoutLine: {'line': b'-- Up-to-date symlink: /home/notsoadmin/dev_ws/install/articubot_one/share/articubot_one/environment/ament_prefix_path.sh\n'}
[0.236012] (articubot_one) StdoutLine: {'line': b'-- Up-to-date symlink: /home/notsoadmin/dev_ws/install/articubot_one/share/articubot_one/environment/ament_prefix_path.dsv\n'}
[0.236178] (articubot_one) StdoutLine: {'line': b'-- Up-to-date symlink: /home/notsoadmin/dev_ws/install/articubot_one/share/articubot_one/environment/path.sh\n'}
[0.236264] (articubot_one) StdoutLine: {'line': b'-- Up-to-date symlink: /home/notsoadmin/dev_ws/install/articubot_one/share/articubot_one/environment/path.dsv\n'}
[0.236343] (articubot_one) StdoutLine: {'line': b'-- Up-to-date symlink: /home/notsoadmin/dev_ws/install/articubot_one/share/articubot_one/local_setup.bash\n'}
[0.236481] (articubot_one) StdoutLine: {'line': b'-- Up-to-date symlink: /home/notsoadmin/dev_ws/install/articubot_one/share/articubot_one/local_setup.sh\n'}
[0.236569] (articubot_one) StdoutLine: {'line': b'-- Up-to-date symlink: /home/notsoadmin/dev_ws/install/articubot_one/share/articubot_one/local_setup.zsh\n'}
[0.236701] (articubot_one) StdoutLine: {'line': b'-- Up-to-date symlink: /home/notsoadmin/dev_ws/install/articubot_one/share/articubot_one/local_setup.dsv\n'}
[0.236838] (articubot_one) StdoutLine: {'line': b'-- Symlinking: /home/notsoadmin/dev_ws/install/articubot_one/share/articubot_one/package.dsv\n'}
[0.248967] (articubot_one) StdoutLine: {'line': b'-- Up-to-date symlink: /home/notsoadmin/dev_ws/install/articubot_one/share/ament_index/resource_index/packages/articubot_one\n'}
[0.249242] (articubot_one) StdoutLine: {'line': b'-- Up-to-date symlink: /home/notsoadmin/dev_ws/install/articubot_one/share/articubot_one/cmake/articubot_oneConfig.cmake\n'}
[0.249467] (articubot_one) StdoutLine: {'line': b'-- Up-to-date symlink: /home/notsoadmin/dev_ws/install/articubot_one/share/articubot_one/cmake/articubot_oneConfig-version.cmake\n'}
[0.249604] (articubot_one) StdoutLine: {'line': b'-- Up-to-date symlink: /home/notsoadmin/dev_ws/install/articubot_one/share/articubot_one/package.xml\n'}
[0.250041] (articubot_one) StdoutLine: {'line': b'-- Up-to-date symlink: /home/notsoadmin/dev_ws/install/articubot_one/share//launch/launch_robot.launch.py\n'}
[0.250300] (articubot_one) StdoutLine: {'line': b'-- Up-to-date symlink: /home/notsoadmin/dev_ws/install/articubot_one/share//launch/launch_sim.launch.py\n'}
[0.250523] (articubot_one) StdoutLine: {'line': b'-- Up-to-date symlink: /home/notsoadmin/dev_ws/install/articubot_one/share//launch/localization.launch.py\n'}
[0.250717] (articubot_one) StdoutLine: {'line': b'-- Up-to-date symlink: /home/notsoadmin/dev_ws/install/articubot_one/share//launch/navigation_launch.py\n'}
[0.250840] (articubot_one) StdoutLine: {'line': b'-- Up-to-date symlink: /home/notsoadmin/dev_ws/install/articubot_one/share//launch/online_async_slam.launch.py\n'}
[0.250958] (articubot_one) StdoutLine: {'line': b'-- Up-to-date symlink: /home/notsoadmin/dev_ws/install/articubot_one/share//launch/rplidar.launch.py\n'}
[0.251134] (articubot_one) StdoutLine: {'line': b'-- Up-to-date symlink: /home/notsoadmin/dev_ws/install/articubot_one/share//launch/rsp.launch.py\n'}
[0.251274] (articubot_one) StdoutLine: {'line': b'-- Up-to-date symlink: /home/notsoadmin/dev_ws/install/articubot_one/share//config/drive_bot.rviz\n'}
[0.251403] (articubot_one) StdoutLine: {'line': b'-- Up-to-date symlink: /home/notsoadmin/dev_ws/install/articubot_one/share//config/empty.yaml\n'}
[0.251610] (articubot_one) StdoutLine: {'line': b'-- Up-to-date symlink: /home/notsoadmin/dev_ws/install/articubot_one/share//config/mapper_params_online_async.yaml\n'}
[0.251749] (articubot_one) StdoutLine: {'line': b'-- Up-to-date symlink: /home/notsoadmin/dev_ws/install/articubot_one/share//config/new_bot.rviz\n'}
[0.251873] (articubot_one) StdoutLine: {'line': b'-- Up-to-date symlink: /home/notsoadmin/dev_ws/install/articubot_one/share//config/view_bot.rviz\n'}
[0.254274] (articubot_one) CommandEnded: {'returncode': 0}
[0.293062] (articubot_one) JobEnded: {'identifier': 'articubot_one', 'rc': 0}
[0.294151] (-) EventReactorShutdown: {}
