[0.000000] (-) TimerEvent: {}
[0.000227] (articubot_one) JobQueued: {'identifier': 'articubot_one', 'dependencies': OrderedDict()}
[0.000296] (articubot_one) JobStarted: {'identifier': 'articubot_one'}
[0.010927] (articubot_one) JobProgress: {'identifier': 'articubot_one', 'progress': 'cmake'}
[0.011868] (articubot_one) JobProgress: {'identifier': 'articubot_one', 'progress': 'build'}
[0.013118] (articubot_one) Command: {'cmd': ['/usr/bin/cmake', '--build', '/home/notsoadmin/dev_ws/build/articubot_one', '--', '-j16', '-l16'], 'cwd': '/home/notsoadmin/dev_ws/build/articubot_one', 'env': OrderedDict([('HOSTNAME', 'ros-humble'), ('SHLVL', '1'), ('LD_LIBRARY_PATH', '/usr/lib/x86_64-linux-gnu/gazebo-11/plugins:/opt/ros/humble/opt/rviz_ogre_vendor/lib:/opt/ros/humble/lib/x86_64-linux-gnu:/opt/ros/humble/lib'), ('HOME', '/home/notsoadmin'), ('ROS_PYTHON_VERSION', '3'), ('COLCON_PREFIX_PATH', '/home/notsoadmin/dev_ws/install'), ('ROS_DISTRO', 'humble'), ('_', '/usr/bin/colcon'), ('ROS_VERSION', '2'), ('TERM', 'xterm'), ('ROS_LOCALHOST_ONLY', '0'), ('QT_X11_NO_MITSHM', '1'), ('PATH', '/opt/ros/humble/bin:/usr/local/sbin:/usr/local/bin:/usr/sbin:/usr/bin:/sbin:/bin'), ('XDG_RUNTIME_DIR', '/run/user/0'), ('DISPLAY', ':0'), ('LANG', 'C.UTF-8'), ('AMENT_PREFIX_PATH', '/home/notsoadmin/dev_ws/install/articubot_one:/opt/ros/humble'), ('PWD', '/home/notsoadmin/dev_ws/build/articubot_one'), ('LC_ALL', 'C.UTF-8'), ('PYTHONPATH', '/opt/ros/humble/lib/python3.10/site-packages:/opt/ros/humble/local/lib/python3.10/dist-packages'), ('COLCON', '1'), ('CMAKE_PREFIX_PATH', '/home/notsoadmin/dev_ws/install/articubot_one:/opt/ros/humble')]), 'shell': False}
[0.065720] (articubot_one) CommandEnded: {'returncode': 0}
[0.066475] (articubot_one) JobProgress: {'identifier': 'articubot_one', 'progress': 'install'}
[0.076994] (articubot_one) Command: {'cmd': ['/usr/bin/cmake', '--install', '/home/notsoadmin/dev_ws/build/articubot_one'], 'cwd': '/home/notsoadmin/dev_ws/build/articubot_one', 'env': OrderedDict([('HOSTNAME', 'ros-humble'), ('SHLVL', '1'), ('LD_LIBRARY_PATH', '/usr/lib/x86_64-linux-gnu/gazebo-11/plugins:/opt/ros/humble/opt/rviz_ogre_vendor/lib:/opt/ros/humble/lib/x86_64-linux-gnu:/opt/ros/humble/lib'), ('HOME', '/home/notsoadmin'), ('ROS_PYTHON_VERSION', '3'), ('COLCON_PREFIX_PATH', '/home/notsoadmin/dev_ws/install'), ('ROS_DISTRO', 'humble'), ('_', '/usr/bin/colcon'), ('ROS_VERSION', '2'), ('TERM', 'xterm'), ('ROS_LOCALHOST_ONLY', '0'), ('QT_X11_NO_MITSHM', '1'), ('PATH', '/opt/ros/humble/bin:/usr/local/sbin:/usr/local/bin:/usr/sbin:/usr/bin:/sbin:/bin'), ('XDG_RUNTIME_DIR', '/run/user/0'), ('DISPLAY', ':0'), ('LANG', 'C.UTF-8'), ('AMENT_PREFIX_PATH', '/home/notsoadmin/dev_ws/install/articubot_one:/opt/ros/humble'), ('PWD', '/home/notsoadmin/dev_ws/build/articubot_one'), ('LC_ALL', 'C.UTF-8'), ('PYTHONPATH', '/opt/ros/humble/lib/python3.10/site-packages:/opt/ros/humble/local/lib/python3.10/dist-packages'), ('COLCON', '1'), ('CMAKE_PREFIX_PATH', '/home/notsoadmin/dev_ws/install/articubot_one:/opt/ros/humble')]), 'shell': False}
[0.086250] (articubot_one) StdoutLine: {'line': b'-- Install configuration: ""\n'}
[0.086846] (articubot_one) StdoutLine: {'line': b'-- Execute custom install script\n'}
[0.087216] (articubot_one) StdoutLine: {'line': b'-- Up-to-date symlink: /home/notsoadmin/dev_ws/install/articubot_one/share/articubot_one/config/drive_bot.rviz\n'}
[0.087479] (articubot_one) StdoutLine: {'line': b'-- Up-to-date symlink: /home/notsoadmin/dev_ws/install/articubot_one/share/articubot_one/config/empty.yaml\n'}
[0.087604] (articubot_one) StdoutLine: {'line': b'-- Up-to-date symlink: /home/notsoadmin/dev_ws/install/articubot_one/share/articubot_one/config/view_bot.rviz\n'}
[0.087702] (articubot_one) StdoutLine: {'line': b'-- Up-to-date symlink: /home/notsoadmin/dev_ws/install/articubot_one/share/articubot_one/description/gazebo_control.xacro\n'}
[0.087762] (articubot_one) StdoutLine: {'line': b'-- Up-to-date symlink: /home/notsoadmin/dev_ws/install/articubot_one/share/articubot_one/description/inertial_macros.xacro\n'}
[0.087849] (articubot_one) StdoutLine: {'line': b'-- Up-to-date symlink: /home/notsoadmin/dev_ws/install/articubot_one/share/articubot_one/description/lidar.xacro\n'}
[0.087946] (articubot_one) StdoutLine: {'line': b'-- Up-to-date symlink: /home/notsoadmin/dev_ws/install/articubot_one/share/articubot_one/description/robot.urdf.xacro\n'}
[0.088026] (articubot_one) StdoutLine: {'line': b'-- Up-to-date symlink: /home/notsoadmin/dev_ws/install/articubot_one/share/articubot_one/description/robot_core.xacro\n'}
[0.088111] (articubot_one) StdoutLine: {'line': b'-- Up-to-date symlink: /home/notsoadmin/dev_ws/install/articubot_one/share/articubot_one/launch/launch_sim.launch.py\n'}
[0.088202] (articubot_one) StdoutLine: {'line': b'-- Up-to-date symlink: /home/notsoadmin/dev_ws/install/articubot_one/share/articubot_one/launch/rsp.launch.py\n'}
[0.088388] (articubot_one) StdoutLine: {'line': b'-- Up-to-date symlink: /home/notsoadmin/dev_ws/install/articubot_one/share/articubot_one/worlds/empty.world\n'}
[0.088479] (articubot_one) StdoutLine: {'line': b'-- Up-to-date symlink: /home/notsoadmin/dev_ws/install/articubot_one/share/articubot_one/worlds/obstacles.world\n'}
[0.088656] (articubot_one) StdoutLine: {'line': b'-- Up-to-date symlink: /home/notsoadmin/dev_ws/install/articubot_one/share/ament_index/resource_index/package_run_dependencies/articubot_one\n'}
[0.088809] (articubot_one) StdoutLine: {'line': b'-- Up-to-date symlink: /home/notsoadmin/dev_ws/install/articubot_one/share/ament_index/resource_index/parent_prefix_path/articubot_one\n'}
[0.088988] (articubot_one) StdoutLine: {'line': b'-- Up-to-date symlink: /home/notsoadmin/dev_ws/install/articubot_one/share/articubot_one/environment/ament_prefix_path.sh\n'}
[0.089129] (articubot_one) StdoutLine: {'line': b'-- Up-to-date symlink: /home/notsoadmin/dev_ws/install/articubot_one/share/articubot_one/environment/ament_prefix_path.dsv\n'}
[0.089276] (articubot_one) StdoutLine: {'line': b'-- Up-to-date symlink: /home/notsoadmin/dev_ws/install/articubot_one/share/articubot_one/environment/path.sh\n'}
[0.089411] (articubot_one) StdoutLine: {'line': b'-- Up-to-date symlink: /home/notsoadmin/dev_ws/install/articubot_one/share/articubot_one/environment/path.dsv\n'}
[0.089542] (articubot_one) StdoutLine: {'line': b'-- Up-to-date symlink: /home/notsoadmin/dev_ws/install/articubot_one/share/articubot_one/local_setup.bash\n'}
[0.089670] (articubot_one) StdoutLine: {'line': b'-- Up-to-date symlink: /home/notsoadmin/dev_ws/install/articubot_one/share/articubot_one/local_setup.sh\n'}
[0.089792] (articubot_one) StdoutLine: {'line': b'-- Up-to-date symlink: /home/notsoadmin/dev_ws/install/articubot_one/share/articubot_one/local_setup.zsh\n'}
[0.089922] (articubot_one) StdoutLine: {'line': b'-- Up-to-date symlink: /home/notsoadmin/dev_ws/install/articubot_one/share/articubot_one/local_setup.dsv\n'}
[0.090016] (articubot_one) StdoutLine: {'line': b'-- Symlinking: /home/notsoadmin/dev_ws/install/articubot_one/share/articubot_one/package.dsv\n'}
[0.099009] (-) TimerEvent: {}
[0.101935] (articubot_one) StdoutLine: {'line': b'-- Up-to-date symlink: /home/notsoadmin/dev_ws/install/articubot_one/share/ament_index/resource_index/packages/articubot_one\n'}
[0.102291] (articubot_one) StdoutLine: {'line': b'-- Up-to-date symlink: /home/notsoadmin/dev_ws/install/articubot_one/share/articubot_one/cmake/articubot_oneConfig.cmake\n'}
[0.102479] (articubot_one) StdoutLine: {'line': b'-- Up-to-date symlink: /home/notsoadmin/dev_ws/install/articubot_one/share/articubot_one/cmake/articubot_oneConfig-version.cmake\n'}
[0.102655] (articubot_one) StdoutLine: {'line': b'-- Up-to-date symlink: /home/notsoadmin/dev_ws/install/articubot_one/share/articubot_one/package.xml\n'}
[0.105302] (articubot_one) CommandEnded: {'returncode': 0}
[0.134566] (articubot_one) JobEnded: {'identifier': 'articubot_one', 'rc': 0}
[0.135583] (-) EventReactorShutdown: {}
