[0.000000] (-) TimerEvent: {}
[0.000733] (articubot_one) JobQueued: {'identifier': 'articubot_one', 'dependencies': OrderedDict()}
[0.001063] (twist_mux) JobQueued: {'identifier': 'twist_mux', 'dependencies': OrderedDict()}
[0.001114] (articubot_one) JobStarted: {'identifier': 'articubot_one'}
[0.020186] (twist_mux) JobStarted: {'identifier': 'twist_mux'}
[0.028565] (articubot_one) JobProgress: {'identifier': 'articubot_one', 'progress': 'cmake'}
[0.029540] (articubot_one) JobProgress: {'identifier': 'articubot_one', 'progress': 'build'}
[0.030891] (articubot_one) Command: {'cmd': ['/usr/bin/cmake', '--build', '/home/notsoadmin/dev_ws/build/articubot_one', '--', '-j16', '-l16'], 'cwd': '/home/notsoadmin/dev_ws/build/articubot_one', 'env': OrderedDict([('HOSTNAME', 'ros-humble'), ('SHLVL', '1'), ('LD_LIBRARY_PATH', '/usr/lib/x86_64-linux-gnu/gazebo-11/plugins:/opt/ros/humble/opt/rviz_ogre_vendor/lib:/opt/ros/humble/lib/x86_64-linux-gnu:/opt/ros/humble/lib'), ('HOME', '/home/notsoadmin'), ('ROS_PYTHON_VERSION', '3'), ('COLCON_PREFIX_PATH', '/home/notsoadmin/dev_ws/install'), ('ROS_DISTRO', 'humble'), ('_', '/usr/bin/colcon'), ('ROS_VERSION', '2'), ('TERM', 'xterm'), ('ROS_LOCALHOST_ONLY', '0'), ('QT_X11_NO_MITSHM', '1'), ('PATH', '/opt/ros/humble/bin:/usr/local/sbin:/usr/local/bin:/usr/sbin:/usr/bin:/sbin:/bin'), ('XDG_RUNTIME_DIR', '/run/user/0'), ('DISPLAY', ':0'), ('LANG', 'C.UTF-8'), ('AMENT_PREFIX_PATH', '/home/notsoadmin/dev_ws/install/twist_mux:/home/notsoadmin/dev_ws/install/articubot_one:/opt/ros/humble'), ('PWD', '/home/notsoadmin/dev_ws/build/articubot_one'), ('LC_ALL', 'C.UTF-8'), ('PYTHONPATH', '/opt/ros/humble/lib/python3.10/site-packages:/opt/ros/humble/local/lib/python3.10/dist-packages'), ('COLCON', '1'), ('CMAKE_PREFIX_PATH', '/home/notsoadmin/dev_ws/install/twist_mux:/home/notsoadmin/dev_ws/install/articubot_one:/opt/ros/humble')]), 'shell': False}
[0.035566] (twist_mux) JobProgress: {'identifier': 'twist_mux', 'progress': 'cmake'}
[0.036474] (twist_mux) JobProgress: {'identifier': 'twist_mux', 'progress': 'build'}
[0.037035] (twist_mux) Command: {'cmd': ['/usr/bin/cmake', '--build', '/home/notsoadmin/dev_ws/build/twist_mux', '--', '-j16', '-l16'], 'cwd': '/home/notsoadmin/dev_ws/build/twist_mux', 'env': OrderedDict([('HOSTNAME', 'ros-humble'), ('SHLVL', '1'), ('LD_LIBRARY_PATH', '/usr/lib/x86_64-linux-gnu/gazebo-11/plugins:/opt/ros/humble/opt/rviz_ogre_vendor/lib:/opt/ros/humble/lib/x86_64-linux-gnu:/opt/ros/humble/lib'), ('HOME', '/home/notsoadmin'), ('ROS_PYTHON_VERSION', '3'), ('COLCON_PREFIX_PATH', '/home/notsoadmin/dev_ws/install'), ('ROS_DISTRO', 'humble'), ('_', '/usr/bin/colcon'), ('ROS_VERSION', '2'), ('TERM', 'xterm'), ('ROS_LOCALHOST_ONLY', '0'), ('QT_X11_NO_MITSHM', '1'), ('PATH', '/opt/ros/humble/bin:/usr/local/sbin:/usr/local/bin:/usr/sbin:/usr/bin:/sbin:/bin'), ('XDG_RUNTIME_DIR', '/run/user/0'), ('DISPLAY', ':0'), ('LANG', 'C.UTF-8'), ('AMENT_PREFIX_PATH', '/home/notsoadmin/dev_ws/install/twist_mux:/home/notsoadmin/dev_ws/install/articubot_one:/opt/ros/humble'), ('PWD', '/home/notsoadmin/dev_ws/build/twist_mux'), ('LC_ALL', 'C.UTF-8'), ('PYTHONPATH', '/opt/ros/humble/lib/python3.10/site-packages:/opt/ros/humble/local/lib/python3.10/dist-packages'), ('COLCON', '1'), ('CMAKE_PREFIX_PATH', '/home/notsoadmin/dev_ws/install/twist_mux:/home/notsoadmin/dev_ws/install/articubot_one:/opt/ros/humble')]), 'shell': False}
[0.093815] (articubot_one) CommandEnded: {'returncode': 0}
[0.095121] (articubot_one) JobProgress: {'identifier': 'articubot_one', 'progress': 'install'}
[0.099607] (-) TimerEvent: {}
[0.110237] (articubot_one) Command: {'cmd': ['/usr/bin/cmake', '--install', '/home/notsoadmin/dev_ws/build/articubot_one'], 'cwd': '/home/notsoadmin/dev_ws/build/articubot_one', 'env': OrderedDict([('HOSTNAME', 'ros-humble'), ('SHLVL', '1'), ('LD_LIBRARY_PATH', '/usr/lib/x86_64-linux-gnu/gazebo-11/plugins:/opt/ros/humble/opt/rviz_ogre_vendor/lib:/opt/ros/humble/lib/x86_64-linux-gnu:/opt/ros/humble/lib'), ('HOME', '/home/notsoadmin'), ('ROS_PYTHON_VERSION', '3'), ('COLCON_PREFIX_PATH', '/home/notsoadmin/dev_ws/install'), ('ROS_DISTRO', 'humble'), ('_', '/usr/bin/colcon'), ('ROS_VERSION', '2'), ('TERM', 'xterm'), ('ROS_LOCALHOST_ONLY', '0'), ('QT_X11_NO_MITSHM', '1'), ('PATH', '/opt/ros/humble/bin:/usr/local/sbin:/usr/local/bin:/usr/sbin:/usr/bin:/sbin:/bin'), ('XDG_RUNTIME_DIR', '/run/user/0'), ('DISPLAY', ':0'), ('LANG', 'C.UTF-8'), ('AMENT_PREFIX_PATH', '/home/notsoadmin/dev_ws/install/twist_mux:/home/notsoadmin/dev_ws/install/articubot_one:/opt/ros/humble'), ('PWD', '/home/notsoadmin/dev_ws/build/articubot_one'), ('LC_ALL', 'C.UTF-8'), ('PYTHONPATH', '/opt/ros/humble/lib/python3.10/site-packages:/opt/ros/humble/local/lib/python3.10/dist-packages'), ('COLCON', '1'), ('CMAKE_PREFIX_PATH', '/home/notsoadmin/dev_ws/install/twist_mux:/home/notsoadmin/dev_ws/install/articubot_one:/opt/ros/humble')]), 'shell': False}
[0.124308] (articubot_one) StdoutLine: {'line': b'-- Install configuration: ""\n'}
[0.125374] (articubot_one) StdoutLine: {'line': b'-- Execute custom install script\n'}
[0.126099] (articubot_one) StdoutLine: {'line': b'-- Up-to-date symlink: /home/notsoadmin/dev_ws/install/articubot_one/share/articubot_one/config/drive_bot.rviz\n'}
[0.126527] (articubot_one) StdoutLine: {'line': b'-- Up-to-date symlink: /home/notsoadmin/dev_ws/install/articubot_one/share/articubot_one/config/empty.yaml\n'}
[0.126890] (articubot_one) StdoutLine: {'line': b'-- Up-to-date symlink: /home/notsoadmin/dev_ws/install/articubot_one/share/articubot_one/config/mapper_params_online_async.yaml\n'}
[0.127173] (articubot_one) StdoutLine: {'line': b'-- Up-to-date symlink: /home/notsoadmin/dev_ws/install/articubot_one/share/articubot_one/config/new_bot.rviz\n'}
[0.127379] (articubot_one) StdoutLine: {'line': b'-- Up-to-date symlink: /home/notsoadmin/dev_ws/install/articubot_one/share/articubot_one/config/twist_mux.yaml\n'}
[0.127629] (articubot_one) StdoutLine: {'line': b'-- Up-to-date symlink: /home/notsoadmin/dev_ws/install/articubot_one/share/articubot_one/config/view_bot.rviz\n'}
[0.127846] (articubot_one) StdoutLine: {'line': b'-- Up-to-date symlink: /home/notsoadmin/dev_ws/install/articubot_one/share/articubot_one/description/gazebo_control.xacro\n'}
[0.128189] (articubot_one) StdoutLine: {'line': b'-- Up-to-date symlink: /home/notsoadmin/dev_ws/install/articubot_one/share/articubot_one/description/inertial_macros.xacro\n'}
[0.128381] (articubot_one) StdoutLine: {'line': b'-- Up-to-date symlink: /home/notsoadmin/dev_ws/install/articubot_one/share/articubot_one/description/lidar.xacro\n'}
[0.128567] (articubot_one) StdoutLine: {'line': b'-- Up-to-date symlink: /home/notsoadmin/dev_ws/install/articubot_one/share/articubot_one/description/robot.urdf.xacro\n'}
[0.128888] (articubot_one) StdoutLine: {'line': b'-- Up-to-date symlink: /home/notsoadmin/dev_ws/install/articubot_one/share/articubot_one/description/robot_core.xacro\n'}
[0.129153] (articubot_one) StdoutLine: {'line': b'-- Up-to-date symlink: /home/notsoadmin/dev_ws/install/articubot_one/share/articubot_one/launch/launch_robot.launch.py\n'}
[0.129387] (articubot_one) StdoutLine: {'line': b'-- Up-to-date symlink: /home/notsoadmin/dev_ws/install/articubot_one/share/articubot_one/launch/launch_sim.launch.py\n'}
[0.129634] (articubot_one) StdoutLine: {'line': b'-- Up-to-date symlink: /home/notsoadmin/dev_ws/install/articubot_one/share/articubot_one/launch/localization.launch.py\n'}
[0.129901] (articubot_one) StdoutLine: {'line': b'-- Up-to-date symlink: /home/notsoadmin/dev_ws/install/articubot_one/share/articubot_one/launch/navigation_launch.py\n'}
[0.130183] (articubot_one) StdoutLine: {'line': b'-- Up-to-date symlink: /home/notsoadmin/dev_ws/install/articubot_one/share/articubot_one/launch/online_async_slam.launch.py\n'}
[0.130368] (articubot_one) StdoutLine: {'line': b'-- Up-to-date symlink: /home/notsoadmin/dev_ws/install/articubot_one/share/articubot_one/launch/rplidar.launch.py\n'}
[0.130551] (articubot_one) StdoutLine: {'line': b'-- Up-to-date symlink: /home/notsoadmin/dev_ws/install/articubot_one/share/articubot_one/launch/rsp.launch.py\n'}
[0.130838] (articubot_one) StdoutLine: {'line': b'-- Up-to-date symlink: /home/notsoadmin/dev_ws/install/articubot_one/share/articubot_one/worlds/empty.world\n'}
[0.131117] (articubot_one) StdoutLine: {'line': b'-- Up-to-date symlink: /home/notsoadmin/dev_ws/install/articubot_one/share/articubot_one/worlds/obstacles.world\n'}
[0.131411] (articubot_one) StdoutLine: {'line': b'-- Up-to-date symlink: /home/notsoadmin/dev_ws/install/articubot_one/share/ament_index/resource_index/package_run_dependencies/articubot_one\n'}
[0.131641] (articubot_one) StdoutLine: {'line': b'-- Up-to-date symlink: /home/notsoadmin/dev_ws/install/articubot_one/share/ament_index/resource_index/parent_prefix_path/articubot_one\n'}
[0.131850] (articubot_one) StdoutLine: {'line': b'-- Up-to-date symlink: /home/notsoadmin/dev_ws/install/articubot_one/share/articubot_one/environment/ament_prefix_path.sh\n'}
[0.132046] (articubot_one) StdoutLine: {'line': b'-- Up-to-date symlink: /home/notsoadmin/dev_ws/install/articubot_one/share/articubot_one/environment/ament_prefix_path.dsv\n'}
[0.132226] (articubot_one) StdoutLine: {'line': b'-- Up-to-date symlink: /home/notsoadmin/dev_ws/install/articubot_one/share/articubot_one/environment/path.sh\n'}
[0.132429] (articubot_one) StdoutLine: {'line': b'-- Up-to-date symlink: /home/notsoadmin/dev_ws/install/articubot_one/share/articubot_one/environment/path.dsv\n'}
[0.132654] (articubot_one) StdoutLine: {'line': b'-- Up-to-date symlink: /home/notsoadmin/dev_ws/install/articubot_one/share/articubot_one/local_setup.bash\n'}
[0.132975] (articubot_one) StdoutLine: {'line': b'-- Up-to-date symlink: /home/notsoadmin/dev_ws/install/articubot_one/share/articubot_one/local_setup.sh\n'}
[0.133186] (articubot_one) StdoutLine: {'line': b'-- Up-to-date symlink: /home/notsoadmin/dev_ws/install/articubot_one/share/articubot_one/local_setup.zsh\n'}
[0.133374] (articubot_one) StdoutLine: {'line': b'-- Up-to-date symlink: /home/notsoadmin/dev_ws/install/articubot_one/share/articubot_one/local_setup.dsv\n'}
[0.133560] (articubot_one) StdoutLine: {'line': b'-- Symlinking: /home/notsoadmin/dev_ws/install/articubot_one/share/articubot_one/package.dsv\n'}
[0.142498] (twist_mux) StdoutLine: {'line': b'[ 66%] Built target twist_mux\n'}
[0.144131] (twist_mux) StdoutLine: {'line': b'[100%] Built target twist_marker\n'}
[0.146140] (articubot_one) StdoutLine: {'line': b'-- Up-to-date symlink: /home/notsoadmin/dev_ws/install/articubot_one/share/ament_index/resource_index/packages/articubot_one\n'}
[0.146669] (articubot_one) StdoutLine: {'line': b'-- Up-to-date symlink: /home/notsoadmin/dev_ws/install/articubot_one/share/articubot_one/cmake/articubot_oneConfig.cmake\n'}
[0.147032] (articubot_one) StdoutLine: {'line': b'-- Up-to-date symlink: /home/notsoadmin/dev_ws/install/articubot_one/share/articubot_one/cmake/articubot_oneConfig-version.cmake\n'}
[0.147411] (articubot_one) StdoutLine: {'line': b'-- Up-to-date symlink: /home/notsoadmin/dev_ws/install/articubot_one/share/articubot_one/package.xml\n'}
[0.148064] (articubot_one) StdoutLine: {'line': b'-- Up-to-date symlink: /home/notsoadmin/dev_ws/install/articubot_one/share//launch/launch_robot.launch.py\n'}
[0.148417] (articubot_one) StdoutLine: {'line': b'-- Up-to-date symlink: /home/notsoadmin/dev_ws/install/articubot_one/share//launch/launch_sim.launch.py\n'}
[0.148689] (articubot_one) StdoutLine: {'line': b'-- Up-to-date symlink: /home/notsoadmin/dev_ws/install/articubot_one/share//launch/localization.launch.py\n'}
[0.148933] (articubot_one) StdoutLine: {'line': b'-- Up-to-date symlink: /home/notsoadmin/dev_ws/install/articubot_one/share//launch/navigation_launch.py\n'}
[0.149110] (articubot_one) StdoutLine: {'line': b'-- Up-to-date symlink: /home/notsoadmin/dev_ws/install/articubot_one/share//launch/online_async_slam.launch.py\n'}
[0.149321] (articubot_one) StdoutLine: {'line': b'-- Up-to-date symlink: /home/notsoadmin/dev_ws/install/articubot_one/share//launch/rplidar.launch.py\n'}
[0.149592] (articubot_one) StdoutLine: {'line': b'-- Up-to-date symlink: /home/notsoadmin/dev_ws/install/articubot_one/share//launch/rsp.launch.py\n'}
[0.150073] (articubot_one) StdoutLine: {'line': b'-- Up-to-date symlink: /home/notsoadmin/dev_ws/install/articubot_one/share//config/drive_bot.rviz\n'}
[0.150338] (articubot_one) StdoutLine: {'line': b'-- Up-to-date symlink: /home/notsoadmin/dev_ws/install/articubot_one/share//config/empty.yaml\n'}
[0.150559] (articubot_one) StdoutLine: {'line': b'-- Up-to-date symlink: /home/notsoadmin/dev_ws/install/articubot_one/share//config/mapper_params_online_async.yaml\n'}
[0.150816] (articubot_one) StdoutLine: {'line': b'-- Up-to-date symlink: /home/notsoadmin/dev_ws/install/articubot_one/share//config/new_bot.rviz\n'}
[0.151022] (articubot_one) StdoutLine: {'line': b'-- Up-to-date symlink: /home/notsoadmin/dev_ws/install/articubot_one/share//config/twist_mux.yaml\n'}
[0.151217] (articubot_one) StdoutLine: {'line': b'-- Up-to-date symlink: /home/notsoadmin/dev_ws/install/articubot_one/share//config/view_bot.rviz\n'}
[0.153106] (articubot_one) CommandEnded: {'returncode': 0}
[0.183279] (articubot_one) JobEnded: {'identifier': 'articubot_one', 'rc': 0}
[0.185839] (twist_mux) CommandEnded: {'returncode': 0}
[0.186744] (twist_mux) JobProgress: {'identifier': 'twist_mux', 'progress': 'install'}
[0.187223] (twist_mux) Command: {'cmd': ['/usr/bin/cmake', '--install', '/home/notsoadmin/dev_ws/build/twist_mux'], 'cwd': '/home/notsoadmin/dev_ws/build/twist_mux', 'env': OrderedDict([('HOSTNAME', 'ros-humble'), ('SHLVL', '1'), ('LD_LIBRARY_PATH', '/usr/lib/x86_64-linux-gnu/gazebo-11/plugins:/opt/ros/humble/opt/rviz_ogre_vendor/lib:/opt/ros/humble/lib/x86_64-linux-gnu:/opt/ros/humble/lib'), ('HOME', '/home/notsoadmin'), ('ROS_PYTHON_VERSION', '3'), ('COLCON_PREFIX_PATH', '/home/notsoadmin/dev_ws/install'), ('ROS_DISTRO', 'humble'), ('_', '/usr/bin/colcon'), ('ROS_VERSION', '2'), ('TERM', 'xterm'), ('ROS_LOCALHOST_ONLY', '0'), ('QT_X11_NO_MITSHM', '1'), ('PATH', '/opt/ros/humble/bin:/usr/local/sbin:/usr/local/bin:/usr/sbin:/usr/bin:/sbin:/bin'), ('XDG_RUNTIME_DIR', '/run/user/0'), ('DISPLAY', ':0'), ('LANG', 'C.UTF-8'), ('AMENT_PREFIX_PATH', '/home/notsoadmin/dev_ws/install/twist_mux:/home/notsoadmin/dev_ws/install/articubot_one:/opt/ros/humble'), ('PWD', '/home/notsoadmin/dev_ws/build/twist_mux'), ('LC_ALL', 'C.UTF-8'), ('PYTHONPATH', '/opt/ros/humble/lib/python3.10/site-packages:/opt/ros/humble/local/lib/python3.10/dist-packages'), ('COLCON', '1'), ('CMAKE_PREFIX_PATH', '/home/notsoadmin/dev_ws/install/twist_mux:/home/notsoadmin/dev_ws/install/articubot_one:/opt/ros/humble')]), 'shell': False}
[0.199743] (-) TimerEvent: {}
[0.201241] (twist_mux) StdoutLine: {'line': b'-- Install configuration: ""\n'}
[0.202743] (twist_mux) StdoutLine: {'line': b'-- Execute custom install script\n'}
[0.203165] (twist_mux) StdoutLine: {'line': b'-- Up-to-date symlink: /home/notsoadmin/dev_ws/install/twist_mux/lib/twist_mux/twist_mux\n'}
[0.203455] (twist_mux) StdoutLine: {'line': b'-- Up-to-date symlink: /home/notsoadmin/dev_ws/install/twist_mux/lib/twist_mux/twist_marker\n'}
[0.203697] (twist_mux) StdoutLine: {'line': b'-- Up-to-date symlink: /home/notsoadmin/dev_ws/install/twist_mux/lib/twist_mux/joystick_relay.py\n'}
[0.204183] (twist_mux) StdoutLine: {'line': b'-- Up-to-date symlink: /home/notsoadmin/dev_ws/install/twist_mux/share/twist_mux/launch/twist_mux.launch\n'}
[0.204459] (twist_mux) StdoutLine: {'line': b'-- Up-to-date symlink: /home/notsoadmin/dev_ws/install/twist_mux/share/twist_mux/launch/twist_mux_launch.py\n'}
[0.204848] (twist_mux) StdoutLine: {'line': b'-- Up-to-date symlink: /home/notsoadmin/dev_ws/install/twist_mux/share/twist_mux/config/joystick.yaml\n'}
[0.205167] (twist_mux) StdoutLine: {'line': b'-- Up-to-date symlink: /home/notsoadmin/dev_ws/install/twist_mux/share/twist_mux/config/twist_mux_locks.yaml\n'}
[0.205365] (twist_mux) StdoutLine: {'line': b'-- Up-to-date symlink: /home/notsoadmin/dev_ws/install/twist_mux/share/twist_mux/config/twist_mux_topics.yaml\n'}
[0.205597] (twist_mux) StdoutLine: {'line': b'-- Up-to-date symlink: /home/notsoadmin/dev_ws/install/twist_mux/include/twist_mux/params_helpers.hpp\n'}
[0.205834] (twist_mux) StdoutLine: {'line': b'-- Up-to-date symlink: /home/notsoadmin/dev_ws/install/twist_mux/include/twist_mux/topic_handle.hpp\n'}
[0.206067] (twist_mux) StdoutLine: {'line': b'-- Up-to-date symlink: /home/notsoadmin/dev_ws/install/twist_mux/include/twist_mux/twist_mux.hpp\n'}
[0.206395] (twist_mux) StdoutLine: {'line': b'-- Up-to-date symlink: /home/notsoadmin/dev_ws/install/twist_mux/include/twist_mux/twist_mux_diagnostics.hpp\n'}
[0.206576] (twist_mux) StdoutLine: {'line': b'-- Up-to-date symlink: /home/notsoadmin/dev_ws/install/twist_mux/include/twist_mux/twist_mux_diagnostics_status.hpp\n'}
[0.206841] (twist_mux) StdoutLine: {'line': b'-- Up-to-date symlink: /home/notsoadmin/dev_ws/install/twist_mux/include/twist_mux/utils.hpp\n'}
[0.207077] (twist_mux) StdoutLine: {'line': b'-- Up-to-date symlink: /home/notsoadmin/dev_ws/install/twist_mux/share/ament_index/resource_index/package_run_dependencies/twist_mux\n'}
[0.207317] (twist_mux) StdoutLine: {'line': b'-- Up-to-date symlink: /home/notsoadmin/dev_ws/install/twist_mux/share/ament_index/resource_index/parent_prefix_path/twist_mux\n'}
[0.207551] (twist_mux) StdoutLine: {'line': b'-- Up-to-date symlink: /home/notsoadmin/dev_ws/install/twist_mux/share/twist_mux/environment/ament_prefix_path.sh\n'}
[0.207815] (twist_mux) StdoutLine: {'line': b'-- Up-to-date symlink: /home/notsoadmin/dev_ws/install/twist_mux/share/twist_mux/environment/ament_prefix_path.dsv\n'}
[0.208053] (twist_mux) StdoutLine: {'line': b'-- Up-to-date symlink: /home/notsoadmin/dev_ws/install/twist_mux/share/twist_mux/environment/path.sh\n'}
[0.208288] (twist_mux) StdoutLine: {'line': b'-- Up-to-date symlink: /home/notsoadmin/dev_ws/install/twist_mux/share/twist_mux/environment/path.dsv\n'}
[0.208539] (twist_mux) StdoutLine: {'line': b'-- Up-to-date symlink: /home/notsoadmin/dev_ws/install/twist_mux/share/twist_mux/local_setup.bash\n'}
[0.208820] (twist_mux) StdoutLine: {'line': b'-- Up-to-date symlink: /home/notsoadmin/dev_ws/install/twist_mux/share/twist_mux/local_setup.sh\n'}
[0.209150] (twist_mux) StdoutLine: {'line': b'-- Up-to-date symlink: /home/notsoadmin/dev_ws/install/twist_mux/share/twist_mux/local_setup.zsh\n'}
[0.209360] (twist_mux) StdoutLine: {'line': b'-- Up-to-date symlink: /home/notsoadmin/dev_ws/install/twist_mux/share/twist_mux/local_setup.dsv\n'}
[0.209567] (twist_mux) StdoutLine: {'line': b'-- Symlinking: /home/notsoadmin/dev_ws/install/twist_mux/share/twist_mux/package.dsv\n'}
[0.223904] (twist_mux) StdoutLine: {'line': b'-- Up-to-date symlink: /home/notsoadmin/dev_ws/install/twist_mux/share/ament_index/resource_index/packages/twist_mux\n'}
[0.224438] (twist_mux) StdoutLine: {'line': b'-- Up-to-date symlink: /home/notsoadmin/dev_ws/install/twist_mux/share/twist_mux/cmake/ament_cmake_export_include_directories-extras.cmake\n'}
[0.224745] (twist_mux) StdoutLine: {'line': b'-- Up-to-date symlink: /home/notsoadmin/dev_ws/install/twist_mux/share/twist_mux/cmake/ament_cmake_export_dependencies-extras.cmake\n'}
[0.225007] (twist_mux) StdoutLine: {'line': b'-- Up-to-date symlink: /home/notsoadmin/dev_ws/install/twist_mux/share/twist_mux/cmake/twist_muxConfig.cmake\n'}
[0.225237] (twist_mux) StdoutLine: {'line': b'-- Up-to-date symlink: /home/notsoadmin/dev_ws/install/twist_mux/share/twist_mux/cmake/twist_muxConfig-version.cmake\n'}
[0.225446] (twist_mux) StdoutLine: {'line': b'-- Up-to-date symlink: /home/notsoadmin/dev_ws/install/twist_mux/share/twist_mux/package.xml\n'}
[0.228068] (twist_mux) CommandEnded: {'returncode': 0}
[0.249142] (twist_mux) JobEnded: {'identifier': 'twist_mux', 'rc': 0}
[0.250505] (-) EventReactorShutdown: {}
