[0.000000] (-) TimerEvent: {}
[0.000117] (articubot_one) JobQueued: {'identifier': 'articubot_one', 'dependencies': OrderedDict()}
[0.000462] (articubot_one) JobStarted: {'identifier': 'articubot_one'}
[0.008636] (articubot_one) JobProgress: {'identifier': 'articubot_one', 'progress': 'cmake'}
[0.009824] (articubot_one) JobProgress: {'identifier': 'articubot_one', 'progress': 'build'}
[0.010478] (articubot_one) Command: {'cmd': ['/usr/bin/cmake', '--build', '/home/notsoadmin/dev_ws/build/articubot_one', '--', '-j16', '-l16'], 'cwd': '/home/notsoadmin/dev_ws/build/articubot_one', 'env': OrderedDict([('HOSTNAME', 'ros-humble'), ('SHLVL', '1'), ('LD_LIBRARY_PATH', '/usr/lib/x86_64-linux-gnu/gazebo-11/plugins:/opt/ros/humble/opt/rviz_ogre_vendor/lib:/opt/ros/humble/lib/x86_64-linux-gnu:/opt/ros/humble/lib'), ('HOME', '/home/notsoadmin'), ('ROS_PYTHON_VERSION', '3'), ('COLCON_PREFIX_PATH', '/home/notsoadmin/dev_ws/install'), ('ROS_DISTRO', 'humble'), ('_', '/usr/bin/colcon'), ('ROS_VERSION', '2'), ('TERM', 'xterm'), ('ROS_LOCALHOST_ONLY', '0'), ('QT_X11_NO_MITSHM', '1'), ('PATH', '/opt/ros/humble/bin:/usr/local/sbin:/usr/local/bin:/usr/sbin:/usr/bin:/sbin:/bin'), ('XDG_RUNTIME_DIR', '/run/user/0'), ('DISPLAY', ':0'), ('LANG', 'C.UTF-8'), ('AMENT_PREFIX_PATH', '/home/notsoadmin/dev_ws/install/articubot_one:/opt/ros/humble'), ('PWD', '/home/notsoadmin/dev_ws/build/articubot_one'), ('LC_ALL', 'C.UTF-8'), ('PYTHONPATH', '/opt/ros/humble/lib/python3.10/site-packages:/opt/ros/humble/local/lib/python3.10/dist-packages'), ('COLCON', '1'), ('CMAKE_PREFIX_PATH', '/home/notsoadmin/dev_ws/install/articubot_one:/opt/ros/humble')]), 'shell': False}
[0.100060] (-) TimerEvent: {}
[0.123809] (articubot_one) CommandEnded: {'returncode': 0}
[0.124654] (articubot_one) JobProgress: {'identifier': 'articubot_one', 'progress': 'install'}
[0.133094] (articubot_one) Command: {'cmd': ['/usr/bin/cmake', '--install', '/home/notsoadmin/dev_ws/build/articubot_one'], 'cwd': '/home/notsoadmin/dev_ws/build/articubot_one', 'env': OrderedDict([('HOSTNAME', 'ros-humble'), ('SHLVL', '1'), ('LD_LIBRARY_PATH', '/usr/lib/x86_64-linux-gnu/gazebo-11/plugins:/opt/ros/humble/opt/rviz_ogre_vendor/lib:/opt/ros/humble/lib/x86_64-linux-gnu:/opt/ros/humble/lib'), ('HOME', '/home/notsoadmin'), ('ROS_PYTHON_VERSION', '3'), ('COLCON_PREFIX_PATH', '/home/notsoadmin/dev_ws/install'), ('ROS_DISTRO', 'humble'), ('_', '/usr/bin/colcon'), ('ROS_VERSION', '2'), ('TERM', 'xterm'), ('ROS_LOCALHOST_ONLY', '0'), ('QT_X11_NO_MITSHM', '1'), ('PATH', '/opt/ros/humble/bin:/usr/local/sbin:/usr/local/bin:/usr/sbin:/usr/bin:/sbin:/bin'), ('XDG_RUNTIME_DIR', '/run/user/0'), ('DISPLAY', ':0'), ('LANG', 'C.UTF-8'), ('AMENT_PREFIX_PATH', '/home/notsoadmin/dev_ws/install/articubot_one:/opt/ros/humble'), ('PWD', '/home/notsoadmin/dev_ws/build/articubot_one'), ('LC_ALL', 'C.UTF-8'), ('PYTHONPATH', '/opt/ros/humble/lib/python3.10/site-packages:/opt/ros/humble/local/lib/python3.10/dist-packages'), ('COLCON', '1'), ('CMAKE_PREFIX_PATH', '/home/notsoadmin/dev_ws/install/articubot_one:/opt/ros/humble')]), 'shell': False}
[0.141743] (articubot_one) StdoutLine: {'line': b'-- Install configuration: ""\n'}
[0.142084] (articubot_one) StdoutLine: {'line': b'-- Up-to-date: /home/notsoadmin/dev_ws/install/articubot_one/share/articubot_one/config\n'}
[0.142256] (articubot_one) StdoutLine: {'line': b'-- Up-to-date: /home/notsoadmin/dev_ws/install/articubot_one/share/articubot_one/config/empty.yaml\n'}
[0.142486] (articubot_one) StdoutLine: {'line': b'-- Up-to-date: /home/notsoadmin/dev_ws/install/articubot_one/share/articubot_one/config/mapper_params_online_async.yaml\n'}
[0.142775] (articubot_one) StdoutLine: {'line': b'-- Up-to-date: /home/notsoadmin/dev_ws/install/articubot_one/share/articubot_one/config/new_bot.rviz\n'}
[0.142871] (articubot_one) StdoutLine: {'line': b'-- Up-to-date: /home/notsoadmin/dev_ws/install/articubot_one/share/articubot_one/config/drive_bot.rviz\n'}
[0.142946] (articubot_one) StdoutLine: {'line': b'-- Up-to-date: /home/notsoadmin/dev_ws/install/articubot_one/share/articubot_one/config/view_bot.rviz\n'}
[0.143076] (articubot_one) StdoutLine: {'line': b'-- Up-to-date: /home/notsoadmin/dev_ws/install/articubot_one/share/articubot_one/description\n'}
[0.143148] (articubot_one) StdoutLine: {'line': b'-- Up-to-date: /home/notsoadmin/dev_ws/install/articubot_one/share/articubot_one/description/lidar.xacro\n'}
[0.143215] (articubot_one) StdoutLine: {'line': b'-- Up-to-date: /home/notsoadmin/dev_ws/install/articubot_one/share/articubot_one/description/gazebo_control.xacro\n'}
[0.143287] (articubot_one) StdoutLine: {'line': b'-- Up-to-date: /home/notsoadmin/dev_ws/install/articubot_one/share/articubot_one/description/inertial_macros.xacro\n'}
[0.143349] (articubot_one) StdoutLine: {'line': b'-- Up-to-date: /home/notsoadmin/dev_ws/install/articubot_one/share/articubot_one/description/robot_core.xacro\n'}
[0.143454] (articubot_one) StdoutLine: {'line': b'-- Up-to-date: /home/notsoadmin/dev_ws/install/articubot_one/share/articubot_one/description/robot.urdf.xacro\n'}
[0.143595] (articubot_one) StdoutLine: {'line': b'-- Up-to-date: /home/notsoadmin/dev_ws/install/articubot_one/share/articubot_one/launch\n'}
[0.143663] (articubot_one) StdoutLine: {'line': b'-- Up-to-date: /home/notsoadmin/dev_ws/install/articubot_one/share/articubot_one/launch/rsp.launch.py\n'}
[0.143727] (articubot_one) StdoutLine: {'line': b'-- Up-to-date: /home/notsoadmin/dev_ws/install/articubot_one/share/articubot_one/launch/online_async_slam.launch.py\n'}
[0.143791] (articubot_one) StdoutLine: {'line': b'-- Up-to-date: /home/notsoadmin/dev_ws/install/articubot_one/share/articubot_one/launch/launch_sim.launch.py\n'}
[0.143852] (articubot_one) StdoutLine: {'line': b'-- Up-to-date: /home/notsoadmin/dev_ws/install/articubot_one/share/articubot_one/worlds\n'}
[0.143913] (articubot_one) StdoutLine: {'line': b'-- Up-to-date: /home/notsoadmin/dev_ws/install/articubot_one/share/articubot_one/worlds/empty.world\n'}
[0.143972] (articubot_one) StdoutLine: {'line': b'-- Up-to-date: /home/notsoadmin/dev_ws/install/articubot_one/share/articubot_one/worlds/obstacles.world\n'}
[0.144077] (articubot_one) StdoutLine: {'line': b'-- Up-to-date: /home/notsoadmin/dev_ws/install/articubot_one/share/ament_index/resource_index/package_run_dependencies/articubot_one\n'}
[0.144242] (articubot_one) StdoutLine: {'line': b'-- Up-to-date: /home/notsoadmin/dev_ws/install/articubot_one/share/ament_index/resource_index/parent_prefix_path/articubot_one\n'}
[0.144305] (articubot_one) StdoutLine: {'line': b'-- Up-to-date: /home/notsoadmin/dev_ws/install/articubot_one/share/articubot_one/environment/ament_prefix_path.sh\n'}
[0.144367] (articubot_one) StdoutLine: {'line': b'-- Up-to-date: /home/notsoadmin/dev_ws/install/articubot_one/share/articubot_one/environment/ament_prefix_path.dsv\n'}
[0.144429] (articubot_one) StdoutLine: {'line': b'-- Up-to-date: /home/notsoadmin/dev_ws/install/articubot_one/share/articubot_one/environment/path.sh\n'}
[0.144490] (articubot_one) StdoutLine: {'line': b'-- Up-to-date: /home/notsoadmin/dev_ws/install/articubot_one/share/articubot_one/environment/path.dsv\n'}
[0.144551] (articubot_one) StdoutLine: {'line': b'-- Up-to-date: /home/notsoadmin/dev_ws/install/articubot_one/share/articubot_one/local_setup.bash\n'}
[0.144607] (articubot_one) StdoutLine: {'line': b'-- Up-to-date: /home/notsoadmin/dev_ws/install/articubot_one/share/articubot_one/local_setup.sh\n'}
[0.144659] (articubot_one) StdoutLine: {'line': b'-- Up-to-date: /home/notsoadmin/dev_ws/install/articubot_one/share/articubot_one/local_setup.zsh\n'}
[0.144712] (articubot_one) StdoutLine: {'line': b'-- Up-to-date: /home/notsoadmin/dev_ws/install/articubot_one/share/articubot_one/local_setup.dsv\n'}
[0.144763] (articubot_one) StdoutLine: {'line': b'-- Installing: /home/notsoadmin/dev_ws/install/articubot_one/share/articubot_one/package.dsv\n'}
[0.144847] (articubot_one) StdoutLine: {'line': b'-- Up-to-date: /home/notsoadmin/dev_ws/install/articubot_one/share/ament_index/resource_index/packages/articubot_one\n'}
[0.144968] (articubot_one) StdoutLine: {'line': b'-- Up-to-date: /home/notsoadmin/dev_ws/install/articubot_one/share/articubot_one/cmake/articubot_oneConfig.cmake\n'}
[0.145059] (articubot_one) StdoutLine: {'line': b'-- Up-to-date: /home/notsoadmin/dev_ws/install/articubot_one/share/articubot_one/cmake/articubot_oneConfig-version.cmake\n'}
[0.145111] (articubot_one) StdoutLine: {'line': b'-- Up-to-date: /home/notsoadmin/dev_ws/install/articubot_one/share/articubot_one/package.xml\n'}
[0.145158] (articubot_one) StdoutLine: {'line': b'-- Up-to-date: /home/notsoadmin/dev_ws/install/articubot_one/share//launch\n'}
[0.145207] (articubot_one) StdoutLine: {'line': b'-- Up-to-date: /home/notsoadmin/dev_ws/install/articubot_one/share//launch/rsp.launch.py\n'}
[0.145254] (articubot_one) StdoutLine: {'line': b'-- Up-to-date: /home/notsoadmin/dev_ws/install/articubot_one/share//launch/online_async_slam.launch.py\n'}
[0.145300] (articubot_one) StdoutLine: {'line': b'-- Up-to-date: /home/notsoadmin/dev_ws/install/articubot_one/share//launch/launch_sim.launch.py\n'}
[0.145348] (articubot_one) StdoutLine: {'line': b'-- Up-to-date: /home/notsoadmin/dev_ws/install/articubot_one/share//config\n'}
[0.145395] (articubot_one) StdoutLine: {'line': b'-- Up-to-date: /home/notsoadmin/dev_ws/install/articubot_one/share//config/empty.yaml\n'}
[0.145447] (articubot_one) StdoutLine: {'line': b'-- Up-to-date: /home/notsoadmin/dev_ws/install/articubot_one/share//config/mapper_params_online_async.yaml\n'}
[0.145496] (articubot_one) StdoutLine: {'line': b'-- Up-to-date: /home/notsoadmin/dev_ws/install/articubot_one/share//config/new_bot.rviz\n'}
[0.145537] (articubot_one) StdoutLine: {'line': b'-- Up-to-date: /home/notsoadmin/dev_ws/install/articubot_one/share//config/drive_bot.rviz\n'}
[0.145578] (articubot_one) StdoutLine: {'line': b'-- Up-to-date: /home/notsoadmin/dev_ws/install/articubot_one/share//config/view_bot.rviz\n'}
[0.146545] (articubot_one) CommandEnded: {'returncode': 0}
[0.161192] (articubot_one) JobEnded: {'identifier': 'articubot_one', 'rc': 0}
[0.161409] (-) EventReactorShutdown: {}
