[0.000000] (-) TimerEvent: {}
[0.000312] (-) JobUnselected: {'identifier': 'articubot_one'}
[0.000515] (twist_mux) JobQueued: {'identifier': 'twist_mux', 'dependencies': OrderedDict()}
[0.000555] (twist_mux) JobStarted: {'identifier': 'twist_mux'}
[0.019129] (twist_mux) JobProgress: {'identifier': 'twist_mux', 'progress': 'cmake'}
[0.020159] (twist_mux) JobProgress: {'identifier': 'twist_mux', 'progress': 'build'}
[0.020220] (twist_mux) Command: {'cmd': ['/usr/bin/cmake', '--build', '/home/notsoadmin/dev_ws/build/twist_mux', '--', '-j16', '-l16'], 'cwd': '/home/notsoadmin/dev_ws/build/twist_mux', 'env': OrderedDict([('HOSTNAME', 'ros-humble'), ('SHLVL', '1'), ('LD_LIBRARY_PATH', '/usr/lib/x86_64-linux-gnu/gazebo-11/plugins:/opt/ros/humble/opt/rviz_ogre_vendor/lib:/opt/ros/humble/lib/x86_64-linux-gnu:/opt/ros/humble/lib'), ('HOME', '/home/notsoadmin'), ('ROS_PYTHON_VERSION', '3'), ('COLCON_PREFIX_PATH', '/home/notsoadmin/dev_ws/install'), ('ROS_DISTRO', 'humble'), ('_', '/usr/bin/colcon'), ('ROS_VERSION', '2'), ('TERM', 'xterm'), ('ROS_LOCALHOST_ONLY', '0'), ('QT_X11_NO_MITSHM', '1'), ('PATH', '/opt/ros/humble/bin:/usr/local/sbin:/usr/local/bin:/usr/sbin:/usr/bin:/sbin:/bin'), ('XDG_RUNTIME_DIR', '/run/user/0'), ('DISPLAY', ':0'), ('LANG', 'C.UTF-8'), ('AMENT_PREFIX_PATH', '/home/notsoadmin/dev_ws/install/twist_mux:/home/notsoadmin/dev_ws/install/articubot_one:/opt/ros/humble'), ('PWD', '/home/notsoadmin/dev_ws/build/twist_mux'), ('LC_ALL', 'C.UTF-8'), ('PYTHONPATH', '/opt/ros/humble/lib/python3.10/site-packages:/opt/ros/humble/local/lib/python3.10/dist-packages'), ('COLCON', '1'), ('CMAKE_PREFIX_PATH', '/home/notsoadmin/dev_ws/install/twist_mux:/home/notsoadmin/dev_ws/install/articubot_one:/opt/ros/humble')]), 'shell': False}
[0.056958] (twist_mux) StdoutLine: {'line': b'\x1b[35m\x1b[1mConsolidate compiler generated dependencies of target twist_marker\x1b[0m\n'}
[0.057710] (twist_mux) StdoutLine: {'line': b'\x1b[35m\x1b[1mConsolidate compiler generated dependencies of target twist_mux\x1b[0m\n'}
[0.074847] (twist_mux) StdoutLine: {'line': b'[ 33%] Built target twist_marker\n'}
[0.075038] (twist_mux) StdoutLine: {'line': b'[100%] Built target twist_mux\n'}
[0.083824] (twist_mux) CommandEnded: {'returncode': 0}
[0.084483] (twist_mux) JobProgress: {'identifier': 'twist_mux', 'progress': 'install'}
[0.091018] (twist_mux) Command: {'cmd': ['/usr/bin/cmake', '--install', '/home/notsoadmin/dev_ws/build/twist_mux'], 'cwd': '/home/notsoadmin/dev_ws/build/twist_mux', 'env': OrderedDict([('HOSTNAME', 'ros-humble'), ('SHLVL', '1'), ('LD_LIBRARY_PATH', '/usr/lib/x86_64-linux-gnu/gazebo-11/plugins:/opt/ros/humble/opt/rviz_ogre_vendor/lib:/opt/ros/humble/lib/x86_64-linux-gnu:/opt/ros/humble/lib'), ('HOME', '/home/notsoadmin'), ('ROS_PYTHON_VERSION', '3'), ('COLCON_PREFIX_PATH', '/home/notsoadmin/dev_ws/install'), ('ROS_DISTRO', 'humble'), ('_', '/usr/bin/colcon'), ('ROS_VERSION', '2'), ('TERM', 'xterm'), ('ROS_LOCALHOST_ONLY', '0'), ('QT_X11_NO_MITSHM', '1'), ('PATH', '/opt/ros/humble/bin:/usr/local/sbin:/usr/local/bin:/usr/sbin:/usr/bin:/sbin:/bin'), ('XDG_RUNTIME_DIR', '/run/user/0'), ('DISPLAY', ':0'), ('LANG', 'C.UTF-8'), ('AMENT_PREFIX_PATH', '/home/notsoadmin/dev_ws/install/twist_mux:/home/notsoadmin/dev_ws/install/articubot_one:/opt/ros/humble'), ('PWD', '/home/notsoadmin/dev_ws/build/twist_mux'), ('LC_ALL', 'C.UTF-8'), ('PYTHONPATH', '/opt/ros/humble/lib/python3.10/site-packages:/opt/ros/humble/local/lib/python3.10/dist-packages'), ('COLCON', '1'), ('CMAKE_PREFIX_PATH', '/home/notsoadmin/dev_ws/install/twist_mux:/home/notsoadmin/dev_ws/install/articubot_one:/opt/ros/humble')]), 'shell': False}
[0.096990] (twist_mux) StdoutLine: {'line': b'-- Install configuration: ""\n'}
[0.097129] (twist_mux) StdoutLine: {'line': b'-- Up-to-date: /home/notsoadmin/dev_ws/install/twist_mux/lib/twist_mux/twist_mux\n'}
[0.097262] (twist_mux) StdoutLine: {'line': b'-- Up-to-date: /home/notsoadmin/dev_ws/install/twist_mux/lib/twist_mux/twist_marker\n'}
[0.097479] (twist_mux) StdoutLine: {'line': b'-- Up-to-date: /home/notsoadmin/dev_ws/install/twist_mux/lib/twist_mux/joystick_relay.py\n'}
[0.097648] (twist_mux) StdoutLine: {'line': b'-- Up-to-date: /home/notsoadmin/dev_ws/install/twist_mux/share/twist_mux/launch\n'}
[0.097795] (twist_mux) StdoutLine: {'line': b'-- Up-to-date: /home/notsoadmin/dev_ws/install/twist_mux/share/twist_mux/launch/twist_mux.launch\n'}
[0.097894] (twist_mux) StdoutLine: {'line': b'-- Up-to-date: /home/notsoadmin/dev_ws/install/twist_mux/share/twist_mux/launch/twist_mux_launch.py\n'}
[0.097990] (twist_mux) StdoutLine: {'line': b'-- Up-to-date: /home/notsoadmin/dev_ws/install/twist_mux/share/twist_mux/config\n'}
[0.098093] (twist_mux) StdoutLine: {'line': b'-- Up-to-date: /home/notsoadmin/dev_ws/install/twist_mux/share/twist_mux/config/joystick.yaml\n'}
[0.098196] (twist_mux) StdoutLine: {'line': b'-- Up-to-date: /home/notsoadmin/dev_ws/install/twist_mux/share/twist_mux/config/twist_mux_locks.yaml\n'}
[0.098279] (twist_mux) StdoutLine: {'line': b'-- Up-to-date: /home/notsoadmin/dev_ws/install/twist_mux/share/twist_mux/config/twist_mux_topics.yaml\n'}
[0.098356] (twist_mux) StdoutLine: {'line': b'-- Up-to-date: /home/notsoadmin/dev_ws/install/twist_mux/include\n'}
[0.098442] (twist_mux) StdoutLine: {'line': b'-- Up-to-date: /home/notsoadmin/dev_ws/install/twist_mux/include/twist_mux\n'}
[0.098542] (twist_mux) StdoutLine: {'line': b'-- Up-to-date: /home/notsoadmin/dev_ws/install/twist_mux/include/twist_mux/params_helpers.hpp\n'}
[0.098640] (twist_mux) StdoutLine: {'line': b'-- Up-to-date: /home/notsoadmin/dev_ws/install/twist_mux/include/twist_mux/topic_handle.hpp\n'}
[0.098713] (twist_mux) StdoutLine: {'line': b'-- Up-to-date: /home/notsoadmin/dev_ws/install/twist_mux/include/twist_mux/twist_mux.hpp\n'}
[0.098784] (twist_mux) StdoutLine: {'line': b'-- Up-to-date: /home/notsoadmin/dev_ws/install/twist_mux/include/twist_mux/twist_mux_diagnostics.hpp\n'}
[0.098855] (twist_mux) StdoutLine: {'line': b'-- Up-to-date: /home/notsoadmin/dev_ws/install/twist_mux/include/twist_mux/twist_mux_diagnostics_status.hpp\n'}
[0.098926] (twist_mux) StdoutLine: {'line': b'-- Up-to-date: /home/notsoadmin/dev_ws/install/twist_mux/include/twist_mux/utils.hpp\n'}
[0.098996] (twist_mux) StdoutLine: {'line': b'-- Up-to-date: /home/notsoadmin/dev_ws/install/twist_mux/share/ament_index/resource_index/package_run_dependencies/twist_mux\n'}
[0.099066] (twist_mux) StdoutLine: {'line': b'-- Up-to-date: /home/notsoadmin/dev_ws/install/twist_mux/share/ament_index/resource_index/parent_prefix_path/twist_mux\n'}
[0.099136] (twist_mux) StdoutLine: {'line': b'-- Up-to-date: /home/notsoadmin/dev_ws/install/twist_mux/share/twist_mux/environment/ament_prefix_path.sh\n'}
[0.099206] (twist_mux) StdoutLine: {'line': b'-- Up-to-date: /home/notsoadmin/dev_ws/install/twist_mux/share/twist_mux/environment/ament_prefix_path.dsv\n'}
[0.099276] (twist_mux) StdoutLine: {'line': b'-- Up-to-date: /home/notsoadmin/dev_ws/install/twist_mux/share/twist_mux/environment/path.sh\n'}
[0.099347] (twist_mux) StdoutLine: {'line': b'-- Up-to-date: /home/notsoadmin/dev_ws/install/twist_mux/share/twist_mux/environment/path.dsv\n'}
[0.099429] (twist_mux) StdoutLine: {'line': b'-- Up-to-date: /home/notsoadmin/dev_ws/install/twist_mux/share/twist_mux/local_setup.bash\n'}
[0.099651] (twist_mux) StdoutLine: {'line': b'-- Up-to-date: /home/notsoadmin/dev_ws/install/twist_mux/share/twist_mux/local_setup.sh\n'}
[0.099737] (twist_mux) StdoutLine: {'line': b'-- Up-to-date: /home/notsoadmin/dev_ws/install/twist_mux/share/twist_mux/local_setup.zsh\n'}
[0.099771] (twist_mux) StdoutLine: {'line': b'-- Up-to-date: /home/notsoadmin/dev_ws/install/twist_mux/share/twist_mux/local_setup.dsv\n'}
[0.099801] (-) TimerEvent: {}
[0.100036] (twist_mux) StdoutLine: {'line': b'-- Installing: /home/notsoadmin/dev_ws/install/twist_mux/share/twist_mux/package.dsv\n'}
[0.100112] (twist_mux) StdoutLine: {'line': b'-- Up-to-date: /home/notsoadmin/dev_ws/install/twist_mux/share/ament_index/resource_index/packages/twist_mux\n'}
[0.100149] (twist_mux) StdoutLine: {'line': b'-- Up-to-date: /home/notsoadmin/dev_ws/install/twist_mux/share/twist_mux/cmake/ament_cmake_export_include_directories-extras.cmake\n'}
[0.100262] (twist_mux) StdoutLine: {'line': b'-- Up-to-date: /home/notsoadmin/dev_ws/install/twist_mux/share/twist_mux/cmake/ament_cmake_export_dependencies-extras.cmake\n'}
[0.100607] (twist_mux) StdoutLine: {'line': b'-- Up-to-date: /home/notsoadmin/dev_ws/install/twist_mux/share/twist_mux/cmake/twist_muxConfig.cmake\n'}
[0.101063] (twist_mux) StdoutLine: {'line': b'-- Up-to-date: /home/notsoadmin/dev_ws/install/twist_mux/share/twist_mux/cmake/twist_muxConfig-version.cmake\n'}
[0.101237] (twist_mux) StdoutLine: {'line': b'-- Up-to-date: /home/notsoadmin/dev_ws/install/twist_mux/share/twist_mux/package.xml\n'}
[0.101390] (twist_mux) CommandEnded: {'returncode': 0}
[0.115256] (twist_mux) JobEnded: {'identifier': 'twist_mux', 'rc': 0}
[0.115627] (-) EventReactorShutdown: {}
