[0.000000] (-) TimerEvent: {}
[0.000417] (articubot_one) JobQueued: {'identifier': 'articubot_one', 'dependencies': OrderedDict()}
[0.000510] (articubot_one) JobStarted: {'identifier': 'articubot_one'}
[0.011876] (articubot_one) JobProgress: {'identifier': 'articubot_one', 'progress': 'cmake'}
[0.012682] (articubot_one) Command: {'cmd': ['/usr/bin/cmake', '/home/notsoadmin/dev_ws/src/articubot_one', '-DAMENT_CMAKE_SYMLINK_INSTALL=1', '-DCMAKE_INSTALL_PREFIX=/home/notsoadmin/dev_ws/install/articubot_one'], 'cwd': '/home/notsoadmin/dev_ws/build/articubot_one', 'env': OrderedDict([('HOSTNAME', 'ros-humble'), ('SHLVL', '1'), ('HOME', '/home/notsoadmin'), ('OLDPWD', '/home/notsoadmin/dev_ws'), ('ROS_DISTRO', 'humble'), ('_', '/usr/bin/colcon'), ('TERM', 'xterm'), ('QT_X11_NO_MITSHM', '1'), ('PATH', '/usr/local/sbin:/usr/local/bin:/usr/sbin:/usr/bin:/sbin:/bin'), ('XDG_RUNTIME_DIR', '/run/user/0'), ('DISPLAY', ':0'), ('LANG', 'C.UTF-8'), ('PWD', '/home/notsoadmin/dev_ws/build/articubot_one'), ('LC_ALL', 'C.UTF-8'), ('COLCON', '1')]), 'shell': False}
[0.097459] (articubot_one) StdoutLine: {'line': b'-- The C compiler identification is GNU 11.4.0\n'}
[0.099293] (-) TimerEvent: {}
[0.188407] (articubot_one) StdoutLine: {'line': b'-- The CXX compiler identification is GNU 11.4.0\n'}
[0.199512] (articubot_one) StdoutLine: {'line': b'-- Detecting C compiler ABI info\n'}
[0.199737] (-) TimerEvent: {}
[0.300098] (-) TimerEvent: {}
[0.316168] (articubot_one) StdoutLine: {'line': b'-- Detecting C compiler ABI info - done\n'}
[0.329779] (articubot_one) StdoutLine: {'line': b'-- Check for working C compiler: /usr/bin/cc - skipped\n'}
[0.330127] (articubot_one) StdoutLine: {'line': b'-- Detecting C compile features\n'}
[0.331059] (articubot_one) StdoutLine: {'line': b'-- Detecting C compile features - done\n'}
[0.336215] (articubot_one) StdoutLine: {'line': b'-- Detecting CXX compiler ABI info\n'}
[0.400247] (-) TimerEvent: {}
[0.460485] (articubot_one) StdoutLine: {'line': b'-- Detecting CXX compiler ABI info - done\n'}
[0.474759] (articubot_one) StdoutLine: {'line': b'-- Check for working CXX compiler: /usr/bin/c++ - skipped\n'}
[0.475325] (articubot_one) StdoutLine: {'line': b'-- Detecting CXX compile features\n'}
[0.476191] (articubot_one) StdoutLine: {'line': b'-- Detecting CXX compile features - done\n'}
[0.500471] (-) TimerEvent: {}
[0.545887] (articubot_one) StderrLine: {'line': b'\x1b[31mCMake Error at CMakeLists.txt:19 (find_package):\n'}
[0.546333] (articubot_one) StderrLine: {'line': b'  By not providing "Findament_cmake.cmake" in CMAKE_MODULE_PATH this project\n'}
[0.546502] (articubot_one) StderrLine: {'line': b'  has asked CMake to find a package configuration file provided by\n'}
[0.546638] (articubot_one) StderrLine: {'line': b'  "ament_cmake", but CMake did not find one.\n'}
[0.546768] (articubot_one) StderrLine: {'line': b'\n'}
[0.546898] (articubot_one) StderrLine: {'line': b'  Could not find a package configuration file provided by "ament_cmake" with\n'}
[0.547029] (articubot_one) StderrLine: {'line': b'  any of the following names:\n'}
[0.547155] (articubot_one) StderrLine: {'line': b'\n'}
[0.547289] (articubot_one) StderrLine: {'line': b'    ament_cmakeConfig.cmake\n'}
[0.547417] (articubot_one) StderrLine: {'line': b'    ament_cmake-config.cmake\n'}
[0.547543] (articubot_one) StderrLine: {'line': b'\n'}
[0.547673] (articubot_one) StderrLine: {'line': b'  Add the installation prefix of "ament_cmake" to CMAKE_PREFIX_PATH or set\n'}
[0.547799] (articubot_one) StderrLine: {'line': b'  "ament_cmake_DIR" to a directory containing one of the above files.  If\n'}
[0.547924] (articubot_one) StderrLine: {'line': b'  "ament_cmake" provides a separate development package or SDK, be sure it\n'}
[0.548048] (articubot_one) StderrLine: {'line': b'  has been installed.\n'}
[0.548173] (articubot_one) StderrLine: {'line': b'\n'}
[0.548305] (articubot_one) StderrLine: {'line': b'\x1b[0m\n'}
[0.548431] (articubot_one) StdoutLine: {'line': b'-- Configuring incomplete, errors occurred!\n'}
[0.548568] (articubot_one) StdoutLine: {'line': b'See also "/home/notsoadmin/dev_ws/build/articubot_one/CMakeFiles/CMakeOutput.log".\n'}
[0.550783] (articubot_one) CommandEnded: {'returncode': 1}
[0.581408] (articubot_one) JobEnded: {'identifier': 'articubot_one', 'rc': 1}
[0.592363] (-) EventReactorShutdown: {}
