[0.000000] (-) TimerEvent: {}
[0.000752] (articubot_one) JobQueued: {'identifier': 'articubot_one', 'dependencies': OrderedDict()}
[0.000829] (articubot_one) JobStarted: {'identifier': 'articubot_one'}
[0.013123] (articubot_one) JobProgress: {'identifier': 'articubot_one', 'progress': 'cmake'}
[0.014012] (articubot_one) JobProgress: {'identifier': 'articubot_one', 'progress': 'build'}
[0.015060] (articubot_one) Command: {'cmd': ['/usr/bin/cmake', '--build', '/home/notsoadmin/dev_ws/build/articubot_one', '--', '-j16', '-l16'], 'cwd': '/home/notsoadmin/dev_ws/build/articubot_one', 'env': OrderedDict([('HOSTNAME', 'ros-humble'), ('SHLVL', '1'), ('LD_LIBRARY_PATH', '/usr/lib/x86_64-linux-gnu/gazebo-11/plugins:/opt/ros/humble/opt/rviz_ogre_vendor/lib:/opt/ros/humble/lib/x86_64-linux-gnu:/opt/ros/humble/lib'), ('HOME', '/home/notsoadmin'), ('ROS_PYTHON_VERSION', '3'), ('COLCON_PREFIX_PATH', '/home/notsoadmin/dev_ws/install'), ('ROS_DISTRO', 'humble'), ('_', '/usr/bin/colcon'), ('ROS_VERSION', '2'), ('TERM', 'xterm'), ('ROS_LOCALHOST_ONLY', '0'), ('QT_X11_NO_MITSHM', '1'), ('PATH', '/opt/ros/humble/bin:/usr/local/sbin:/usr/local/bin:/usr/sbin:/usr/bin:/sbin:/bin'), ('XDG_RUNTIME_DIR', '/run/user/0'), ('DISPLAY', ':0'), ('LANG', 'C.UTF-8'), ('AMENT_PREFIX_PATH', '/home/notsoadmin/dev_ws/install/articubot_one:/opt/ros/humble'), ('PWD', '/home/notsoadmin/dev_ws/build/articubot_one'), ('LC_ALL', 'C.UTF-8'), ('PYTHONPATH', '/opt/ros/humble/lib/python3.10/site-packages:/opt/ros/humble/local/lib/python3.10/dist-packages'), ('COLCON', '1'), ('CMAKE_PREFIX_PATH', '/home/notsoadmin/dev_ws/install/articubot_one:/opt/ros/humble')]), 'shell': False}
[0.073368] (articubot_one) CommandEnded: {'returncode': 0}
[0.074404] (articubot_one) JobProgress: {'identifier': 'articubot_one', 'progress': 'install'}
[0.085604] (articubot_one) Command: {'cmd': ['/usr/bin/cmake', '--install', '/home/notsoadmin/dev_ws/build/articubot_one'], 'cwd': '/home/notsoadmin/dev_ws/build/articubot_one', 'env': OrderedDict([('HOSTNAME', 'ros-humble'), ('SHLVL', '1'), ('LD_LIBRARY_PATH', '/usr/lib/x86_64-linux-gnu/gazebo-11/plugins:/opt/ros/humble/opt/rviz_ogre_vendor/lib:/opt/ros/humble/lib/x86_64-linux-gnu:/opt/ros/humble/lib'), ('HOME', '/home/notsoadmin'), ('ROS_PYTHON_VERSION', '3'), ('COLCON_PREFIX_PATH', '/home/notsoadmin/dev_ws/install'), ('ROS_DISTRO', 'humble'), ('_', '/usr/bin/colcon'), ('ROS_VERSION', '2'), ('TERM', 'xterm'), ('ROS_LOCALHOST_ONLY', '0'), ('QT_X11_NO_MITSHM', '1'), ('PATH', '/opt/ros/humble/bin:/usr/local/sbin:/usr/local/bin:/usr/sbin:/usr/bin:/sbin:/bin'), ('XDG_RUNTIME_DIR', '/run/user/0'), ('DISPLAY', ':0'), ('LANG', 'C.UTF-8'), ('AMENT_PREFIX_PATH', '/home/notsoadmin/dev_ws/install/articubot_one:/opt/ros/humble'), ('PWD', '/home/notsoadmin/dev_ws/build/articubot_one'), ('LC_ALL', 'C.UTF-8'), ('PYTHONPATH', '/opt/ros/humble/lib/python3.10/site-packages:/opt/ros/humble/local/lib/python3.10/dist-packages'), ('COLCON', '1'), ('CMAKE_PREFIX_PATH', '/home/notsoadmin/dev_ws/install/articubot_one:/opt/ros/humble')]), 'shell': False}
[0.094968] (articubot_one) StdoutLine: {'line': b'-- Install configuration: ""\n'}
[0.095728] (articubot_one) StdoutLine: {'line': b'-- Execute custom install script\n'}
[0.096163] (articubot_one) StdoutLine: {'line': b'-- Up-to-date symlink: /home/notsoadmin/dev_ws/install/articubot_one/share/articubot_one/config/drive_bot.rviz\n'}
[0.096361] (articubot_one) StdoutLine: {'line': b'-- Up-to-date symlink: /home/notsoadmin/dev_ws/install/articubot_one/share/articubot_one/config/empty.yaml\n'}
[0.096485] (articubot_one) StdoutLine: {'line': b'-- Up-to-date symlink: /home/notsoadmin/dev_ws/install/articubot_one/share/articubot_one/config/mapper_params_online_async.yaml\n'}
[0.096609] (articubot_one) StdoutLine: {'line': b'-- Up-to-date symlink: /home/notsoadmin/dev_ws/install/articubot_one/share/articubot_one/config/new_bot.rviz\n'}
[0.096679] (articubot_one) StdoutLine: {'line': b'-- Up-to-date symlink: /home/notsoadmin/dev_ws/install/articubot_one/share/articubot_one/config/view_bot.rviz\n'}
[0.096779] (articubot_one) StdoutLine: {'line': b'-- Up-to-date symlink: /home/notsoadmin/dev_ws/install/articubot_one/share/articubot_one/description/gazebo_control.xacro\n'}
[0.096910] (articubot_one) StdoutLine: {'line': b'-- Up-to-date symlink: /home/notsoadmin/dev_ws/install/articubot_one/share/articubot_one/description/inertial_macros.xacro\n'}
[0.097021] (articubot_one) StdoutLine: {'line': b'-- Up-to-date symlink: /home/notsoadmin/dev_ws/install/articubot_one/share/articubot_one/description/lidar.xacro\n'}
[0.097135] (articubot_one) StdoutLine: {'line': b'-- Up-to-date symlink: /home/notsoadmin/dev_ws/install/articubot_one/share/articubot_one/description/robot.urdf.xacro\n'}
[0.097243] (articubot_one) StdoutLine: {'line': b'-- Up-to-date symlink: /home/notsoadmin/dev_ws/install/articubot_one/share/articubot_one/description/robot_core.xacro\n'}
[0.097481] (articubot_one) StdoutLine: {'line': b'-- Up-to-date symlink: /home/notsoadmin/dev_ws/install/articubot_one/share/articubot_one/launch/launch_robot.launch.py\n'}
[0.097583] (articubot_one) StdoutLine: {'line': b'-- Up-to-date symlink: /home/notsoadmin/dev_ws/install/articubot_one/share/articubot_one/launch/launch_sim.launch.py\n'}
[0.097685] (articubot_one) StdoutLine: {'line': b'-- Up-to-date symlink: /home/notsoadmin/dev_ws/install/articubot_one/share/articubot_one/launch/localization.launch.py\n'}
[0.097787] (articubot_one) StdoutLine: {'line': b'-- Up-to-date symlink: /home/notsoadmin/dev_ws/install/articubot_one/share/articubot_one/launch/navigation_launch.py\n'}
[0.097903] (articubot_one) StdoutLine: {'line': b'-- Up-to-date symlink: /home/notsoadmin/dev_ws/install/articubot_one/share/articubot_one/launch/online_async_slam.launch.py\n'}
[0.098006] (articubot_one) StdoutLine: {'line': b'-- Up-to-date symlink: /home/notsoadmin/dev_ws/install/articubot_one/share/articubot_one/launch/rplidar.launch.py\n'}
[0.098105] (articubot_one) StdoutLine: {'line': b'-- Up-to-date symlink: /home/notsoadmin/dev_ws/install/articubot_one/share/articubot_one/launch/rsp.launch.py\n'}
[0.098335] (articubot_one) StdoutLine: {'line': b'-- Up-to-date symlink: /home/notsoadmin/dev_ws/install/articubot_one/share/articubot_one/worlds/empty.world\n'}
[0.098439] (articubot_one) StdoutLine: {'line': b'-- Up-to-date symlink: /home/notsoadmin/dev_ws/install/articubot_one/share/articubot_one/worlds/obstacles.world\n'}
[0.098658] (articubot_one) StdoutLine: {'line': b'-- Up-to-date symlink: /home/notsoadmin/dev_ws/install/articubot_one/share/ament_index/resource_index/package_run_dependencies/articubot_one\n'}
[0.098836] (articubot_one) StdoutLine: {'line': b'-- Up-to-date symlink: /home/notsoadmin/dev_ws/install/articubot_one/share/ament_index/resource_index/parent_prefix_path/articubot_one\n'}
[0.099030] (articubot_one) StdoutLine: {'line': b'-- Up-to-date symlink: /home/notsoadmin/dev_ws/install/articubot_one/share/articubot_one/environment/ament_prefix_path.sh\n'}
[0.099192] (articubot_one) StdoutLine: {'line': b'-- Up-to-date symlink: /home/notsoadmin/dev_ws/install/articubot_one/share/articubot_one/environment/ament_prefix_path.dsv\n'}
[0.099359] (articubot_one) StdoutLine: {'line': b'-- Up-to-date symlink: /home/notsoadmin/dev_ws/install/articubot_one/share/articubot_one/environment/path.sh\n'}
[0.099522] (articubot_one) StdoutLine: {'line': b'-- Up-to-date symlink: /home/notsoadmin/dev_ws/install/articubot_one/share/articubot_one/environment/path.dsv\n'}
[0.099591] (-) TimerEvent: {}
[0.099726] (articubot_one) StdoutLine: {'line': b'-- Up-to-date symlink: /home/notsoadmin/dev_ws/install/articubot_one/share/articubot_one/local_setup.bash\n'}
[0.100028] (articubot_one) StdoutLine: {'line': b'-- Up-to-date symlink: /home/notsoadmin/dev_ws/install/articubot_one/share/articubot_one/local_setup.sh\n'}
[0.100281] (articubot_one) StdoutLine: {'line': b'-- Up-to-date symlink: /home/notsoadmin/dev_ws/install/articubot_one/share/articubot_one/local_setup.zsh\n'}
[0.100375] (articubot_one) StdoutLine: {'line': b'-- Up-to-date symlink: /home/notsoadmin/dev_ws/install/articubot_one/share/articubot_one/local_setup.dsv\n'}
[0.100517] (articubot_one) StdoutLine: {'line': b'-- Symlinking: /home/notsoadmin/dev_ws/install/articubot_one/share/articubot_one/package.dsv\n'}
[0.115370] (articubot_one) StdoutLine: {'line': b'-- Up-to-date symlink: /home/notsoadmin/dev_ws/install/articubot_one/share/ament_index/resource_index/packages/articubot_one\n'}
[0.115676] (articubot_one) StdoutLine: {'line': b'-- Up-to-date symlink: /home/notsoadmin/dev_ws/install/articubot_one/share/articubot_one/cmake/articubot_oneConfig.cmake\n'}
[0.115768] (articubot_one) StdoutLine: {'line': b'-- Up-to-date symlink: /home/notsoadmin/dev_ws/install/articubot_one/share/articubot_one/cmake/articubot_oneConfig-version.cmake\n'}
[0.115883] (articubot_one) StdoutLine: {'line': b'-- Up-to-date symlink: /home/notsoadmin/dev_ws/install/articubot_one/share/articubot_one/package.xml\n'}
[0.116308] (articubot_one) StdoutLine: {'line': b'-- Up-to-date symlink: /home/notsoadmin/dev_ws/install/articubot_one/share//launch/launch_robot.launch.py\n'}
[0.116427] (articubot_one) StdoutLine: {'line': b'-- Up-to-date symlink: /home/notsoadmin/dev_ws/install/articubot_one/share//launch/launch_sim.launch.py\n'}
[0.116552] (articubot_one) StdoutLine: {'line': b'-- Up-to-date symlink: /home/notsoadmin/dev_ws/install/articubot_one/share//launch/localization.launch.py\n'}
[0.116669] (articubot_one) StdoutLine: {'line': b'-- Up-to-date symlink: /home/notsoadmin/dev_ws/install/articubot_one/share//launch/navigation_launch.py\n'}
[0.116779] (articubot_one) StdoutLine: {'line': b'-- Up-to-date symlink: /home/notsoadmin/dev_ws/install/articubot_one/share//launch/online_async_slam.launch.py\n'}
[0.116898] (articubot_one) StdoutLine: {'line': b'-- Up-to-date symlink: /home/notsoadmin/dev_ws/install/articubot_one/share//launch/rplidar.launch.py\n'}
[0.117013] (articubot_one) StdoutLine: {'line': b'-- Up-to-date symlink: /home/notsoadmin/dev_ws/install/articubot_one/share//launch/rsp.launch.py\n'}
[0.117323] (articubot_one) StdoutLine: {'line': b'-- Up-to-date symlink: /home/notsoadmin/dev_ws/install/articubot_one/share//config/drive_bot.rviz\n'}
[0.117463] (articubot_one) StdoutLine: {'line': b'-- Up-to-date symlink: /home/notsoadmin/dev_ws/install/articubot_one/share//config/empty.yaml\n'}
[0.117576] (articubot_one) StdoutLine: {'line': b'-- Up-to-date symlink: /home/notsoadmin/dev_ws/install/articubot_one/share//config/mapper_params_online_async.yaml\n'}
[0.117694] (articubot_one) StdoutLine: {'line': b'-- Up-to-date symlink: /home/notsoadmin/dev_ws/install/articubot_one/share//config/new_bot.rviz\n'}
[0.117807] (articubot_one) StdoutLine: {'line': b'-- Up-to-date symlink: /home/notsoadmin/dev_ws/install/articubot_one/share//config/view_bot.rviz\n'}
[0.120609] (articubot_one) CommandEnded: {'returncode': 0}
[0.162282] (articubot_one) JobEnded: {'identifier': 'articubot_one', 'rc': 0}
[0.162833] (-) EventReactorShutdown: {}
