[0.000000] (-) TimerEvent: {}
[0.001026] (articubot_one) JobQueued: {'identifier': 'articubot_one', 'dependencies': OrderedDict()}
[0.001098] (articubot_one) JobStarted: {'identifier': 'articubot_one'}
[0.011260] (articubot_one) JobProgress: {'identifier': 'articubot_one', 'progress': 'cmake'}
[0.012046] (articubot_one) Command: {'cmd': ['/usr/bin/cmake', '/home/notsoadmin/dev_ws/src/articubot_one', '-DAMENT_CMAKE_SYMLINK_INSTALL=1', '-DCMAKE_INSTALL_PREFIX=/home/notsoadmin/dev_ws/install/articubot_one'], 'cwd': '/home/notsoadmin/dev_ws/build/articubot_one', 'env': OrderedDict([('HOSTNAME', 'ros-humble'), ('SHLVL', '1'), ('LD_LIBRARY_PATH', '/usr/lib/x86_64-linux-gnu/gazebo-11/plugins:/opt/ros/humble/opt/rviz_ogre_vendor/lib:/opt/ros/humble/lib/x86_64-linux-gnu:/opt/ros/humble/lib'), ('HOME', '/home/notsoadmin'), ('ROS_PYTHON_VERSION', '3'), ('COLCON_PREFIX_PATH', '/home/notsoadmin/dev_ws/install'), ('ROS_DISTRO', 'humble'), ('_', '/usr/bin/colcon'), ('ROS_VERSION', '2'), ('TERM', 'xterm'), ('ROS_LOCALHOST_ONLY', '0'), ('QT_X11_NO_MITSHM', '1'), ('PATH', '/opt/ros/humble/bin:/usr/local/sbin:/usr/local/bin:/usr/sbin:/usr/bin:/sbin:/bin'), ('XDG_RUNTIME_DIR', '/run/user/0'), ('DISPLAY', ':0'), ('LANG', 'C.UTF-8'), ('AMENT_PREFIX_PATH', '/home/notsoadmin/dev_ws/install/articubot_one:/opt/ros/humble'), ('PWD', '/home/notsoadmin/dev_ws/build/articubot_one'), ('LC_ALL', 'C.UTF-8'), ('PYTHONPATH', '/opt/ros/humble/lib/python3.10/site-packages:/opt/ros/humble/local/lib/python3.10/dist-packages'), ('COLCON', '1'), ('CMAKE_PREFIX_PATH', '/home/notsoadmin/dev_ws/install/articubot_one:/opt/ros/humble')]), 'shell': False}
[0.099814] (-) TimerEvent: {}
[0.192215] (articubot_one) StdoutLine: {'line': b'-- The C compiler identification is GNU 11.4.0\n'}
[0.199931] (-) TimerEvent: {}
[0.300303] (-) TimerEvent: {}
[0.325152] (articubot_one) StdoutLine: {'line': b'-- The CXX compiler identification is GNU 11.4.0\n'}
[0.345668] (articubot_one) StdoutLine: {'line': b'-- Detecting C compiler ABI info\n'}
[0.400460] (-) TimerEvent: {}
[0.472482] (articubot_one) StdoutLine: {'line': b'-- Detecting C compiler ABI info - done\n'}
[0.486537] (articubot_one) StdoutLine: {'line': b'-- Check for working C compiler: /usr/bin/cc - skipped\n'}
[0.487359] (articubot_one) StdoutLine: {'line': b'-- Detecting C compile features\n'}
[0.489253] (articubot_one) StdoutLine: {'line': b'-- Detecting C compile features - done\n'}
[0.495295] (articubot_one) StdoutLine: {'line': b'-- Detecting CXX compiler ABI info\n'}
[0.500534] (-) TimerEvent: {}
[0.600898] (-) TimerEvent: {}
[0.637422] (articubot_one) StdoutLine: {'line': b'-- Detecting CXX compiler ABI info - done\n'}
[0.651334] (articubot_one) StdoutLine: {'line': b'-- Check for working CXX compiler: /usr/bin/c++ - skipped\n'}
[0.651722] (articubot_one) StdoutLine: {'line': b'-- Detecting CXX compile features\n'}
[0.652458] (articubot_one) StdoutLine: {'line': b'-- Detecting CXX compile features - done\n'}
[0.660033] (articubot_one) StdoutLine: {'line': b'-- Found ament_cmake: 1.3.12 (/opt/ros/humble/share/ament_cmake/cmake)\n'}
[0.701053] (-) TimerEvent: {}
[0.801412] (-) TimerEvent: {}
[0.901567] (articubot_one) StdoutLine: {'line': b'-- Found Python3: /usr/bin/python3 (found version "3.10.12") found components: Interpreter \n'}
[0.901820] (-) TimerEvent: {}
[0.988751] (articubot_one) StdoutLine: {'line': b'-- Override CMake install command with custom implementation using symlinks instead of copying resources\n'}
[1.002038] (-) TimerEvent: {}
[1.034989] (articubot_one) StdoutLine: {'line': b'-- Found ament_lint_auto: 0.12.14 (/opt/ros/humble/share/ament_lint_auto/cmake)\n'}
[1.102288] (-) TimerEvent: {}
[1.143901] (articubot_one) StdoutLine: {'line': b"-- Added test 'copyright' to check source files copyright and LICENSE\n"}
[1.151726] (articubot_one) StdoutLine: {'line': b"-- Added test 'flake8' to check Python code syntax and style conventions\n"}
[1.153211] (articubot_one) StdoutLine: {'line': b"-- Added test 'lint_cmake' to check CMake code style\n"}
[1.154196] (articubot_one) StdoutLine: {'line': b"-- Added test 'pep257' to check Python code against some of the docstring style conventions in PEP 257\n"}
[1.159808] (articubot_one) StdoutLine: {'line': b"-- Added test 'xmllint' to check XML markup files\n"}
[1.162569] (articubot_one) StdoutLine: {'line': b'-- Configuring done\n'}
[1.166881] (articubot_one) StdoutLine: {'line': b'-- Generating done\n'}
[1.169232] (articubot_one) StdoutLine: {'line': b'-- Build files have been written to: /home/notsoadmin/dev_ws/build/articubot_one\n'}
[1.176331] (articubot_one) CommandEnded: {'returncode': 0}
[1.177257] (articubot_one) JobProgress: {'identifier': 'articubot_one', 'progress': 'build'}
[1.179895] (articubot_one) Command: {'cmd': ['/usr/bin/cmake', '--build', '/home/notsoadmin/dev_ws/build/articubot_one', '--', '-j16', '-l16'], 'cwd': '/home/notsoadmin/dev_ws/build/articubot_one', 'env': OrderedDict([('HOSTNAME', 'ros-humble'), ('SHLVL', '1'), ('LD_LIBRARY_PATH', '/usr/lib/x86_64-linux-gnu/gazebo-11/plugins:/opt/ros/humble/opt/rviz_ogre_vendor/lib:/opt/ros/humble/lib/x86_64-linux-gnu:/opt/ros/humble/lib'), ('HOME', '/home/notsoadmin'), ('ROS_PYTHON_VERSION', '3'), ('COLCON_PREFIX_PATH', '/home/notsoadmin/dev_ws/install'), ('ROS_DISTRO', 'humble'), ('_', '/usr/bin/colcon'), ('ROS_VERSION', '2'), ('TERM', 'xterm'), ('ROS_LOCALHOST_ONLY', '0'), ('QT_X11_NO_MITSHM', '1'), ('PATH', '/opt/ros/humble/bin:/usr/local/sbin:/usr/local/bin:/usr/sbin:/usr/bin:/sbin:/bin'), ('XDG_RUNTIME_DIR', '/run/user/0'), ('DISPLAY', ':0'), ('LANG', 'C.UTF-8'), ('AMENT_PREFIX_PATH', '/home/notsoadmin/dev_ws/install/articubot_one:/opt/ros/humble'), ('PWD', '/home/notsoadmin/dev_ws/build/articubot_one'), ('LC_ALL', 'C.UTF-8'), ('PYTHONPATH', '/opt/ros/humble/lib/python3.10/site-packages:/opt/ros/humble/local/lib/python3.10/dist-packages'), ('COLCON', '1'), ('CMAKE_PREFIX_PATH', '/home/notsoadmin/dev_ws/install/articubot_one:/opt/ros/humble')]), 'shell': False}
[1.202481] (-) TimerEvent: {}
[1.242913] (articubot_one) CommandEnded: {'returncode': 0}
[1.243950] (articubot_one) JobProgress: {'identifier': 'articubot_one', 'progress': 'install'}
[1.256768] (articubot_one) Command: {'cmd': ['/usr/bin/cmake', '--install', '/home/notsoadmin/dev_ws/build/articubot_one'], 'cwd': '/home/notsoadmin/dev_ws/build/articubot_one', 'env': OrderedDict([('HOSTNAME', 'ros-humble'), ('SHLVL', '1'), ('LD_LIBRARY_PATH', '/usr/lib/x86_64-linux-gnu/gazebo-11/plugins:/opt/ros/humble/opt/rviz_ogre_vendor/lib:/opt/ros/humble/lib/x86_64-linux-gnu:/opt/ros/humble/lib'), ('HOME', '/home/notsoadmin'), ('ROS_PYTHON_VERSION', '3'), ('COLCON_PREFIX_PATH', '/home/notsoadmin/dev_ws/install'), ('ROS_DISTRO', 'humble'), ('_', '/usr/bin/colcon'), ('ROS_VERSION', '2'), ('TERM', 'xterm'), ('ROS_LOCALHOST_ONLY', '0'), ('QT_X11_NO_MITSHM', '1'), ('PATH', '/opt/ros/humble/bin:/usr/local/sbin:/usr/local/bin:/usr/sbin:/usr/bin:/sbin:/bin'), ('XDG_RUNTIME_DIR', '/run/user/0'), ('DISPLAY', ':0'), ('LANG', 'C.UTF-8'), ('AMENT_PREFIX_PATH', '/home/notsoadmin/dev_ws/install/articubot_one:/opt/ros/humble'), ('PWD', '/home/notsoadmin/dev_ws/build/articubot_one'), ('LC_ALL', 'C.UTF-8'), ('PYTHONPATH', '/opt/ros/humble/lib/python3.10/site-packages:/opt/ros/humble/local/lib/python3.10/dist-packages'), ('COLCON', '1'), ('CMAKE_PREFIX_PATH', '/home/notsoadmin/dev_ws/install/articubot_one:/opt/ros/humble')]), 'shell': False}
[1.268589] (articubot_one) StdoutLine: {'line': b'-- Install configuration: ""\n'}
[1.272613] (articubot_one) StdoutLine: {'line': b'-- Execute custom install script\n'}
[1.273746] (articubot_one) StdoutLine: {'line': b'-- Symlinking: /home/notsoadmin/dev_ws/install/articubot_one/share/articubot_one/config/ball_tracker_params_robot.yaml\n'}
[1.286936] (articubot_one) StdoutLine: {'line': b'-- Symlinking: /home/notsoadmin/dev_ws/install/articubot_one/share/articubot_one/config/ball_tracker_params_sim.yaml\n'}
[1.299151] (articubot_one) StdoutLine: {'line': b'-- Symlinking: /home/notsoadmin/dev_ws/install/articubot_one/share/articubot_one/config/drive_bot.rviz\n'}
[1.302603] (-) TimerEvent: {}
[1.316228] (articubot_one) StdoutLine: {'line': b'-- Symlinking: /home/notsoadmin/dev_ws/install/articubot_one/share/articubot_one/config/empty.yaml\n'}
[1.328849] (articubot_one) StdoutLine: {'line': b'-- Symlinking: /home/notsoadmin/dev_ws/install/articubot_one/share/articubot_one/config/gaz_ros2_ctl_use_sim.yaml\n'}
[1.341918] (articubot_one) StdoutLine: {'line': b'-- Symlinking: /home/notsoadmin/dev_ws/install/articubot_one/share/articubot_one/config/gazebo_params.yaml\n'}
[1.353956] (articubot_one) StdoutLine: {'line': b'-- Symlinking: /home/notsoadmin/dev_ws/install/articubot_one/share/articubot_one/config/joystick.yaml\n'}
[1.367760] (articubot_one) StdoutLine: {'line': b'-- Symlinking: /home/notsoadmin/dev_ws/install/articubot_one/share/articubot_one/config/main.rviz\n'}
[1.380234] (articubot_one) StdoutLine: {'line': b'-- Symlinking: /home/notsoadmin/dev_ws/install/articubot_one/share/articubot_one/config/map.rviz\n'}
[1.390531] (articubot_one) StdoutLine: {'line': b'-- Symlinking: /home/notsoadmin/dev_ws/install/articubot_one/share/articubot_one/config/mapper_params_online_async.yaml\n'}
[1.402729] (-) TimerEvent: {}
[1.403094] (articubot_one) StdoutLine: {'line': b'-- Symlinking: /home/notsoadmin/dev_ws/install/articubot_one/share/articubot_one/config/my_controllers.yaml\n'}
[1.417571] (articubot_one) StdoutLine: {'line': b'-- Symlinking: /home/notsoadmin/dev_ws/install/articubot_one/share/articubot_one/config/nav2_params.yaml\n'}
[1.430222] (articubot_one) StdoutLine: {'line': b'-- Symlinking: /home/notsoadmin/dev_ws/install/articubot_one/share/articubot_one/config/twist_mux.yaml\n'}
[1.444301] (articubot_one) StdoutLine: {'line': b'-- Symlinking: /home/notsoadmin/dev_ws/install/articubot_one/share/articubot_one/config/view_bot.rviz\n'}
[1.456559] (articubot_one) StdoutLine: {'line': b'-- Symlinking: /home/notsoadmin/dev_ws/install/articubot_one/share/articubot_one/description/camera.xacro\n'}
[1.470073] (articubot_one) StdoutLine: {'line': b'-- Symlinking: /home/notsoadmin/dev_ws/install/articubot_one/share/articubot_one/description/depth_camera.xacro\n'}
[1.481172] (articubot_one) StdoutLine: {'line': b'-- Symlinking: /home/notsoadmin/dev_ws/install/articubot_one/share/articubot_one/description/face.xacro\n'}
[1.494508] (articubot_one) StdoutLine: {'line': b'-- Symlinking: /home/notsoadmin/dev_ws/install/articubot_one/share/articubot_one/description/gazebo_control.xacro\n'}
[1.502921] (-) TimerEvent: {}
[1.505245] (articubot_one) StdoutLine: {'line': b'-- Symlinking: /home/notsoadmin/dev_ws/install/articubot_one/share/articubot_one/description/inertial_macros.xacro\n'}
[1.517932] (articubot_one) StdoutLine: {'line': b'-- Symlinking: /home/notsoadmin/dev_ws/install/articubot_one/share/articubot_one/description/lidar.xacro\n'}
[1.531884] (articubot_one) StdoutLine: {'line': b'-- Symlinking: /home/notsoadmin/dev_ws/install/articubot_one/share/articubot_one/description/robot.urdf.xacro\n'}
[1.543195] (articubot_one) StdoutLine: {'line': b'-- Symlinking: /home/notsoadmin/dev_ws/install/articubot_one/share/articubot_one/description/robot_core.xacro\n'}
[1.554067] (articubot_one) StdoutLine: {'line': b'-- Symlinking: /home/notsoadmin/dev_ws/install/articubot_one/share/articubot_one/description/ros2_control.xacro\n'}
[1.568336] (articubot_one) StdoutLine: {'line': b'-- Symlinking: /home/notsoadmin/dev_ws/install/articubot_one/share/articubot_one/launch/ball_tracker.launch.py\n'}
[1.579950] (articubot_one) StdoutLine: {'line': b'-- Symlinking: /home/notsoadmin/dev_ws/install/articubot_one/share/articubot_one/launch/camera.launch.py\n'}
[1.594970] (articubot_one) StdoutLine: {'line': b'-- Symlinking: /home/notsoadmin/dev_ws/install/articubot_one/share/articubot_one/launch/joystick.launch.py\n'}
[1.603135] (-) TimerEvent: {}
[1.607681] (articubot_one) StdoutLine: {'line': b'-- Symlinking: /home/notsoadmin/dev_ws/install/articubot_one/share/articubot_one/launch/launch_robot.launch.py\n'}
[1.623338] (articubot_one) StdoutLine: {'line': b'-- Symlinking: /home/notsoadmin/dev_ws/install/articubot_one/share/articubot_one/launch/launch_sim.launch.py\n'}
[1.634926] (articubot_one) StdoutLine: {'line': b'-- Symlinking: /home/notsoadmin/dev_ws/install/articubot_one/share/articubot_one/launch/localization_launch.py\n'}
[1.645284] (articubot_one) StdoutLine: {'line': b'-- Symlinking: /home/notsoadmin/dev_ws/install/articubot_one/share/articubot_one/launch/navigation_launch.py\n'}
[1.659184] (articubot_one) StdoutLine: {'line': b'-- Symlinking: /home/notsoadmin/dev_ws/install/articubot_one/share/articubot_one/launch/online_async_launch.py\n'}
[1.668789] (articubot_one) StdoutLine: {'line': b'-- Symlinking: /home/notsoadmin/dev_ws/install/articubot_one/share/articubot_one/launch/rplidar.launch.py\n'}
[1.680453] (articubot_one) StdoutLine: {'line': b'-- Symlinking: /home/notsoadmin/dev_ws/install/articubot_one/share/articubot_one/launch/rsp.launch.py\n'}
[1.693940] (articubot_one) StdoutLine: {'line': b'-- Symlinking: /home/notsoadmin/dev_ws/install/articubot_one/share/articubot_one/worlds/empty.world\n'}
[1.703365] (-) TimerEvent: {}
[1.705434] (articubot_one) StdoutLine: {'line': b'-- Symlinking: /home/notsoadmin/dev_ws/install/articubot_one/share/articubot_one/worlds/obstacles.world\n'}
[1.719886] (articubot_one) StdoutLine: {'line': b'-- Symlinking: /home/notsoadmin/dev_ws/install/articubot_one/share/ament_index/resource_index/package_run_dependencies/articubot_one\n'}
[1.732062] (articubot_one) StdoutLine: {'line': b'-- Symlinking: /home/notsoadmin/dev_ws/install/articubot_one/share/ament_index/resource_index/parent_prefix_path/articubot_one\n'}
[1.745091] (articubot_one) StdoutLine: {'line': b'-- Symlinking: /home/notsoadmin/dev_ws/install/articubot_one/share/articubot_one/environment/ament_prefix_path.sh\n'}
[1.758817] (articubot_one) StdoutLine: {'line': b'-- Symlinking: /home/notsoadmin/dev_ws/install/articubot_one/share/articubot_one/environment/ament_prefix_path.dsv\n'}
[1.770956] (articubot_one) StdoutLine: {'line': b'-- Symlinking: /home/notsoadmin/dev_ws/install/articubot_one/share/articubot_one/environment/path.sh\n'}
[1.785227] (articubot_one) StdoutLine: {'line': b'-- Symlinking: /home/notsoadmin/dev_ws/install/articubot_one/share/articubot_one/environment/path.dsv\n'}
[1.796048] (articubot_one) StdoutLine: {'line': b'-- Symlinking: /home/notsoadmin/dev_ws/install/articubot_one/share/articubot_one/local_setup.bash\n'}
[1.803461] (-) TimerEvent: {}
[1.807314] (articubot_one) StdoutLine: {'line': b'-- Symlinking: /home/notsoadmin/dev_ws/install/articubot_one/share/articubot_one/local_setup.sh\n'}
[1.823511] (articubot_one) StdoutLine: {'line': b'-- Symlinking: /home/notsoadmin/dev_ws/install/articubot_one/share/articubot_one/local_setup.zsh\n'}
[1.837102] (articubot_one) StdoutLine: {'line': b'-- Symlinking: /home/notsoadmin/dev_ws/install/articubot_one/share/articubot_one/local_setup.dsv\n'}
[1.851265] (articubot_one) StdoutLine: {'line': b'-- Symlinking: /home/notsoadmin/dev_ws/install/articubot_one/share/articubot_one/package.dsv\n'}
[1.864416] (articubot_one) StdoutLine: {'line': b'-- Symlinking: /home/notsoadmin/dev_ws/install/articubot_one/share/ament_index/resource_index/packages/articubot_one\n'}
[1.875787] (articubot_one) StdoutLine: {'line': b'-- Symlinking: /home/notsoadmin/dev_ws/install/articubot_one/share/articubot_one/cmake/articubot_oneConfig.cmake\n'}
[1.887529] (articubot_one) StdoutLine: {'line': b'-- Symlinking: /home/notsoadmin/dev_ws/install/articubot_one/share/articubot_one/cmake/articubot_oneConfig-version.cmake\n'}
[1.899083] (articubot_one) StdoutLine: {'line': b'-- Symlinking: /home/notsoadmin/dev_ws/install/articubot_one/share/articubot_one/package.xml\n'}
[1.903617] (-) TimerEvent: {}
[1.917285] (articubot_one) CommandEnded: {'returncode': 0}
[1.944849] (articubot_one) JobEnded: {'identifier': 'articubot_one', 'rc': 0}
[1.945779] (-) EventReactorShutdown: {}
