[0.020s] Invoking command in '/home/notsoadmin/dev_ws/build/twist_mux': CMAKE_PREFIX_PATH=${CMAKE_PREFIX_PATH}:/opt/ros/humble /usr/bin/cmake --build /home/notsoadmin/dev_ws/build/twist_mux -- -j16 -l16
[0.057s] [35m[1mConsolidate compiler generated dependencies of target twist_marker[0m
[0.057s] [35m[1mConsolidate compiler generated dependencies of target twist_mux[0m
[0.074s] [ 33%] Built target twist_marker
[0.075s] [100%] Built target twist_mux
[0.083s] Invoked command in '/home/notsoadmin/dev_ws/build/twist_mux' returned '0': CMAKE_PREFIX_PATH=${CMAKE_PREFIX_PATH}:/opt/ros/humble /usr/bin/cmake --build /home/notsoadmin/dev_ws/build/twist_mux -- -j16 -l16
[0.091s] Invoking command in '/home/notsoadmin/dev_ws/build/twist_mux': CMAKE_PREFIX_PATH=${CMAKE_PREFIX_PATH}:/opt/ros/humble /usr/bin/cmake --install /home/notsoadmin/dev_ws/build/twist_mux
[0.097s] -- Install configuration: ""
[0.097s] -- Up-to-date: /home/notsoadmin/dev_ws/install/twist_mux/lib/twist_mux/twist_mux
[0.097s] -- Up-to-date: /home/notsoadmin/dev_ws/install/twist_mux/lib/twist_mux/twist_marker
[0.097s] -- Up-to-date: /home/notsoadmin/dev_ws/install/twist_mux/lib/twist_mux/joystick_relay.py
[0.097s] -- Up-to-date: /home/notsoadmin/dev_ws/install/twist_mux/share/twist_mux/launch
[0.097s] -- Up-to-date: /home/notsoadmin/dev_ws/install/twist_mux/share/twist_mux/launch/twist_mux.launch
[0.097s] -- Up-to-date: /home/notsoadmin/dev_ws/install/twist_mux/share/twist_mux/launch/twist_mux_launch.py
[0.098s] -- Up-to-date: /home/notsoadmin/dev_ws/install/twist_mux/share/twist_mux/config
[0.098s] -- Up-to-date: /home/notsoadmin/dev_ws/install/twist_mux/share/twist_mux/config/joystick.yaml
[0.098s] -- Up-to-date: /home/notsoadmin/dev_ws/install/twist_mux/share/twist_mux/config/twist_mux_locks.yaml
[0.098s] -- Up-to-date: /home/notsoadmin/dev_ws/install/twist_mux/share/twist_mux/config/twist_mux_topics.yaml
[0.098s] -- Up-to-date: /home/notsoadmin/dev_ws/install/twist_mux/include
[0.098s] -- Up-to-date: /home/notsoadmin/dev_ws/install/twist_mux/include/twist_mux
[0.098s] -- Up-to-date: /home/notsoadmin/dev_ws/install/twist_mux/include/twist_mux/params_helpers.hpp
[0.098s] -- Up-to-date: /home/notsoadmin/dev_ws/install/twist_mux/include/twist_mux/topic_handle.hpp
[0.098s] -- Up-to-date: /home/notsoadmin/dev_ws/install/twist_mux/include/twist_mux/twist_mux.hpp
[0.098s] -- Up-to-date: /home/notsoadmin/dev_ws/install/twist_mux/include/twist_mux/twist_mux_diagnostics.hpp
[0.098s] -- Up-to-date: /home/notsoadmin/dev_ws/install/twist_mux/include/twist_mux/twist_mux_diagnostics_status.hpp
[0.098s] -- Up-to-date: /home/notsoadmin/dev_ws/install/twist_mux/include/twist_mux/utils.hpp
[0.098s] -- Up-to-date: /home/notsoadmin/dev_ws/install/twist_mux/share/ament_index/resource_index/package_run_dependencies/twist_mux
[0.099s] -- Up-to-date: /home/notsoadmin/dev_ws/install/twist_mux/share/ament_index/resource_index/parent_prefix_path/twist_mux
[0.099s] -- Up-to-date: /home/notsoadmin/dev_ws/install/twist_mux/share/twist_mux/environment/ament_prefix_path.sh
[0.099s] -- Up-to-date: /home/notsoadmin/dev_ws/install/twist_mux/share/twist_mux/environment/ament_prefix_path.dsv
[0.099s] -- Up-to-date: /home/notsoadmin/dev_ws/install/twist_mux/share/twist_mux/environment/path.sh
[0.099s] -- Up-to-date: /home/notsoadmin/dev_ws/install/twist_mux/share/twist_mux/environment/path.dsv
[0.099s] -- Up-to-date: /home/notsoadmin/dev_ws/install/twist_mux/share/twist_mux/local_setup.bash
[0.099s] -- Up-to-date: /home/notsoadmin/dev_ws/install/twist_mux/share/twist_mux/local_setup.sh
[0.099s] -- Up-to-date: /home/notsoadmin/dev_ws/install/twist_mux/share/twist_mux/local_setup.zsh
[0.099s] -- Up-to-date: /home/notsoadmin/dev_ws/install/twist_mux/share/twist_mux/local_setup.dsv
[0.100s] -- Installing: /home/notsoadmin/dev_ws/install/twist_mux/share/twist_mux/package.dsv
[0.100s] -- Up-to-date: /home/notsoadmin/dev_ws/install/twist_mux/share/ament_index/resource_index/packages/twist_mux
[0.100s] -- Up-to-date: /home/notsoadmin/dev_ws/install/twist_mux/share/twist_mux/cmake/ament_cmake_export_include_directories-extras.cmake
[0.100s] -- Up-to-date: /home/notsoadmin/dev_ws/install/twist_mux/share/twist_mux/cmake/ament_cmake_export_dependencies-extras.cmake
[0.100s] -- Up-to-date: /home/notsoadmin/dev_ws/install/twist_mux/share/twist_mux/cmake/twist_muxConfig.cmake
[0.101s] -- Up-to-date: /home/notsoadmin/dev_ws/install/twist_mux/share/twist_mux/cmake/twist_muxConfig-version.cmake
[0.101s] -- Up-to-date: /home/notsoadmin/dev_ws/install/twist_mux/share/twist_mux/package.xml
[0.101s] Invoked command in '/home/notsoadmin/dev_ws/build/twist_mux' returned '0': CMAKE_PREFIX_PATH=${CMAKE_PREFIX_PATH}:/opt/ros/humble /usr/bin/cmake --install /home/notsoadmin/dev_ws/build/twist_mux
