[0.000000] (-) TimerEvent: {}
[0.000769] (articubot_one) JobQueued: {'identifier': 'articubot_one', 'dependencies': OrderedDict()}
[0.000864] (articubot_one) JobStarted: {'identifier': 'articubot_one'}
[0.012761] (articubot_one) JobProgress: {'identifier': 'articubot_one', 'progress': 'cmake'}
[0.014765] (articubot_one) JobProgress: {'identifier': 'articubot_one', 'progress': 'build'}
[0.015210] (articubot_one) Command: {'cmd': ['/usr/bin/cmake', '--build', '/home/notsoadmin/dev_ws/build/articubot_one', '--', '-j16', '-l16'], 'cwd': '/home/notsoadmin/dev_ws/build/articubot_one', 'env': OrderedDict([('HOSTNAME', 'ros-humble'), ('SHLVL', '1'), ('LD_LIBRARY_PATH', '/usr/lib/x86_64-linux-gnu/gazebo-11/plugins:/opt/ros/humble/opt/rviz_ogre_vendor/lib:/opt/ros/humble/lib/x86_64-linux-gnu:/opt/ros/humble/lib'), ('HOME', '/home/notsoadmin'), ('ROS_PYTHON_VERSION', '3'), ('COLCON_PREFIX_PATH', '/home/notsoadmin/dev_ws/install'), ('ROS_DISTRO', 'humble'), ('_', '/usr/bin/colcon'), ('ROS_VERSION', '2'), ('TERM', 'xterm'), ('ROS_LOCALHOST_ONLY', '0'), ('QT_X11_NO_MITSHM', '1'), ('PATH', '/opt/ros/humble/bin:/usr/local/sbin:/usr/local/bin:/usr/sbin:/usr/bin:/sbin:/bin'), ('XDG_RUNTIME_DIR', '/run/user/0'), ('DISPLAY', ':0'), ('LANG', 'C.UTF-8'), ('AMENT_PREFIX_PATH', '/home/notsoadmin/dev_ws/install/articubot_one:/opt/ros/humble'), ('PWD', '/home/notsoadmin/dev_ws/build/articubot_one'), ('LC_ALL', 'C.UTF-8'), ('PYTHONPATH', '/opt/ros/humble/lib/python3.10/site-packages:/opt/ros/humble/local/lib/python3.10/dist-packages'), ('COLCON', '1'), ('CMAKE_PREFIX_PATH', '/home/notsoadmin/dev_ws/install/articubot_one:/opt/ros/humble')]), 'shell': False}
[0.071633] (articubot_one) CommandEnded: {'returncode': 0}
[0.073083] (articubot_one) JobProgress: {'identifier': 'articubot_one', 'progress': 'install'}
[0.084985] (articubot_one) Command: {'cmd': ['/usr/bin/cmake', '--install', '/home/notsoadmin/dev_ws/build/articubot_one'], 'cwd': '/home/notsoadmin/dev_ws/build/articubot_one', 'env': OrderedDict([('HOSTNAME', 'ros-humble'), ('SHLVL', '1'), ('LD_LIBRARY_PATH', '/usr/lib/x86_64-linux-gnu/gazebo-11/plugins:/opt/ros/humble/opt/rviz_ogre_vendor/lib:/opt/ros/humble/lib/x86_64-linux-gnu:/opt/ros/humble/lib'), ('HOME', '/home/notsoadmin'), ('ROS_PYTHON_VERSION', '3'), ('COLCON_PREFIX_PATH', '/home/notsoadmin/dev_ws/install'), ('ROS_DISTRO', 'humble'), ('_', '/usr/bin/colcon'), ('ROS_VERSION', '2'), ('TERM', 'xterm'), ('ROS_LOCALHOST_ONLY', '0'), ('QT_X11_NO_MITSHM', '1'), ('PATH', '/opt/ros/humble/bin:/usr/local/sbin:/usr/local/bin:/usr/sbin:/usr/bin:/sbin:/bin'), ('XDG_RUNTIME_DIR', '/run/user/0'), ('DISPLAY', ':0'), ('LANG', 'C.UTF-8'), ('AMENT_PREFIX_PATH', '/home/notsoadmin/dev_ws/install/articubot_one:/opt/ros/humble'), ('PWD', '/home/notsoadmin/dev_ws/build/articubot_one'), ('LC_ALL', 'C.UTF-8'), ('PYTHONPATH', '/opt/ros/humble/lib/python3.10/site-packages:/opt/ros/humble/local/lib/python3.10/dist-packages'), ('COLCON', '1'), ('CMAKE_PREFIX_PATH', '/home/notsoadmin/dev_ws/install/articubot_one:/opt/ros/humble')]), 'shell': False}
[0.097633] (articubot_one) StdoutLine: {'line': b'-- Install configuration: ""\n'}
[0.097928] (articubot_one) StdoutLine: {'line': b'-- Up-to-date: /home/notsoadmin/dev_ws/install/articubot_one/share/articubot_one/config\n'}
[0.098269] (articubot_one) StdoutLine: {'line': b'-- Up-to-date: /home/notsoadmin/dev_ws/install/articubot_one/share/articubot_one/config/empty.yaml\n'}
[0.098490] (articubot_one) StdoutLine: {'line': b'-- Up-to-date: /home/notsoadmin/dev_ws/install/articubot_one/share/articubot_one/config/mapper_params_online_async.yaml\n'}
[0.098631] (articubot_one) StdoutLine: {'line': b'-- Up-to-date: /home/notsoadmin/dev_ws/install/articubot_one/share/articubot_one/config/new_bot.rviz\n'}
[0.098920] (articubot_one) StdoutLine: {'line': b'-- Up-to-date: /home/notsoadmin/dev_ws/install/articubot_one/share/articubot_one/config/drive_bot.rviz\n'}
[0.099151] (articubot_one) StdoutLine: {'line': b'-- Up-to-date: /home/notsoadmin/dev_ws/install/articubot_one/share/articubot_one/config/view_bot.rviz\n'}
[0.099293] (articubot_one) StdoutLine: {'line': b'-- Up-to-date: /home/notsoadmin/dev_ws/install/articubot_one/share/articubot_one/description\n'}
[0.099438] (articubot_one) StdoutLine: {'line': b'-- Up-to-date: /home/notsoadmin/dev_ws/install/articubot_one/share/articubot_one/description/lidar.xacro\n'}
[0.099566] (-) TimerEvent: {}
[0.099715] (articubot_one) StdoutLine: {'line': b'-- Up-to-date: /home/notsoadmin/dev_ws/install/articubot_one/share/articubot_one/description/gazebo_control.xacro\n'}
[0.099881] (articubot_one) StdoutLine: {'line': b'-- Up-to-date: /home/notsoadmin/dev_ws/install/articubot_one/share/articubot_one/description/inertial_macros.xacro\n'}
[0.100013] (articubot_one) StdoutLine: {'line': b'-- Up-to-date: /home/notsoadmin/dev_ws/install/articubot_one/share/articubot_one/description/robot_core.xacro\n'}
[0.100138] (articubot_one) StdoutLine: {'line': b'-- Up-to-date: /home/notsoadmin/dev_ws/install/articubot_one/share/articubot_one/description/robot.urdf.xacro\n'}
[0.100260] (articubot_one) StdoutLine: {'line': b'-- Up-to-date: /home/notsoadmin/dev_ws/install/articubot_one/share/articubot_one/launch\n'}
[0.100601] (articubot_one) StdoutLine: {'line': b'-- Up-to-date: /home/notsoadmin/dev_ws/install/articubot_one/share/articubot_one/launch/rsp.launch.py\n'}
[0.100824] (articubot_one) StdoutLine: {'line': b'-- Up-to-date: /home/notsoadmin/dev_ws/install/articubot_one/share/articubot_one/launch/online_async_slam.launch.py\n'}
[0.101762] (articubot_one) StdoutLine: {'line': b'-- Up-to-date: /home/notsoadmin/dev_ws/install/articubot_one/share/articubot_one/launch/launch_sim.launch.py\n'}
[0.102328] (articubot_one) StdoutLine: {'line': b'-- Up-to-date: /home/notsoadmin/dev_ws/install/articubot_one/share/articubot_one/worlds\n'}
[0.102475] (articubot_one) StdoutLine: {'line': b'-- Up-to-date: /home/notsoadmin/dev_ws/install/articubot_one/share/articubot_one/worlds/empty.world\n'}
[0.102615] (articubot_one) StdoutLine: {'line': b'-- Up-to-date: /home/notsoadmin/dev_ws/install/articubot_one/share/articubot_one/worlds/obstacles.world\n'}
[0.103005] (articubot_one) StdoutLine: {'line': b'-- Up-to-date: /home/notsoadmin/dev_ws/install/articubot_one/share/ament_index/resource_index/package_run_dependencies/articubot_one\n'}
[0.103191] (articubot_one) StdoutLine: {'line': b'-- Up-to-date: /home/notsoadmin/dev_ws/install/articubot_one/share/ament_index/resource_index/parent_prefix_path/articubot_one\n'}
[0.103284] (articubot_one) StdoutLine: {'line': b'-- Up-to-date: /home/notsoadmin/dev_ws/install/articubot_one/share/articubot_one/environment/ament_prefix_path.sh\n'}
[0.103365] (articubot_one) StdoutLine: {'line': b'-- Up-to-date: /home/notsoadmin/dev_ws/install/articubot_one/share/articubot_one/environment/ament_prefix_path.dsv\n'}
[0.103442] (articubot_one) StdoutLine: {'line': b'-- Up-to-date: /home/notsoadmin/dev_ws/install/articubot_one/share/articubot_one/environment/path.sh\n'}
[0.103517] (articubot_one) StdoutLine: {'line': b'-- Up-to-date: /home/notsoadmin/dev_ws/install/articubot_one/share/articubot_one/environment/path.dsv\n'}
[0.103590] (articubot_one) StdoutLine: {'line': b'-- Up-to-date: /home/notsoadmin/dev_ws/install/articubot_one/share/articubot_one/local_setup.bash\n'}
[0.103666] (articubot_one) StdoutLine: {'line': b'-- Up-to-date: /home/notsoadmin/dev_ws/install/articubot_one/share/articubot_one/local_setup.sh\n'}
[0.103741] (articubot_one) StdoutLine: {'line': b'-- Up-to-date: /home/notsoadmin/dev_ws/install/articubot_one/share/articubot_one/local_setup.zsh\n'}
[0.103832] (articubot_one) StdoutLine: {'line': b'-- Up-to-date: /home/notsoadmin/dev_ws/install/articubot_one/share/articubot_one/local_setup.dsv\n'}
[0.103909] (articubot_one) StdoutLine: {'line': b'-- Installing: /home/notsoadmin/dev_ws/install/articubot_one/share/articubot_one/package.dsv\n'}
[0.104252] (articubot_one) StdoutLine: {'line': b'-- Up-to-date: /home/notsoadmin/dev_ws/install/articubot_one/share/ament_index/resource_index/packages/articubot_one\n'}
[0.104811] (articubot_one) StdoutLine: {'line': b'-- Up-to-date: /home/notsoadmin/dev_ws/install/articubot_one/share/articubot_one/cmake/articubot_oneConfig.cmake\n'}
[0.105725] (articubot_one) StdoutLine: {'line': b'-- Up-to-date: /home/notsoadmin/dev_ws/install/articubot_one/share/articubot_one/cmake/articubot_oneConfig-version.cmake\n'}
[0.106281] (articubot_one) StdoutLine: {'line': b'-- Up-to-date: /home/notsoadmin/dev_ws/install/articubot_one/share/articubot_one/package.xml\n'}
[0.106514] (articubot_one) StdoutLine: {'line': b'-- Up-to-date: /home/notsoadmin/dev_ws/install/articubot_one/share//launch\n'}
[0.106818] (articubot_one) StdoutLine: {'line': b'-- Up-to-date: /home/notsoadmin/dev_ws/install/articubot_one/share//launch/rsp.launch.py\n'}
[0.107304] (articubot_one) StdoutLine: {'line': b'-- Up-to-date: /home/notsoadmin/dev_ws/install/articubot_one/share//launch/online_async_slam.launch.py\n'}
[0.107621] (articubot_one) StdoutLine: {'line': b'-- Up-to-date: /home/notsoadmin/dev_ws/install/articubot_one/share//launch/launch_sim.launch.py\n'}
[0.108146] (articubot_one) StdoutLine: {'line': b'-- Up-to-date: /home/notsoadmin/dev_ws/install/articubot_one/share//config\n'}
[0.108473] (articubot_one) StdoutLine: {'line': b'-- Up-to-date: /home/notsoadmin/dev_ws/install/articubot_one/share//config/empty.yaml\n'}
[0.108819] (articubot_one) StdoutLine: {'line': b'-- Up-to-date: /home/notsoadmin/dev_ws/install/articubot_one/share//config/mapper_params_online_async.yaml\n'}
[0.109168] (articubot_one) StdoutLine: {'line': b'-- Up-to-date: /home/notsoadmin/dev_ws/install/articubot_one/share//config/new_bot.rviz\n'}
[0.109429] (articubot_one) StdoutLine: {'line': b'-- Up-to-date: /home/notsoadmin/dev_ws/install/articubot_one/share//config/drive_bot.rviz\n'}
[0.109824] (articubot_one) StdoutLine: {'line': b'-- Up-to-date: /home/notsoadmin/dev_ws/install/articubot_one/share//config/view_bot.rviz\n'}
[0.110071] (articubot_one) CommandEnded: {'returncode': 0}
[0.136224] (articubot_one) JobEnded: {'identifier': 'articubot_one', 'rc': 0}
[0.137428] (-) EventReactorShutdown: {}
