[0.008s] Invoking command in '/home/notsoadmin/dev_ws/build/twist_mux': CMAKE_PREFIX_PATH=${CMAKE_PREFIX_PATH}:/opt/ros/humble /usr/bin/cmake /home/notsoadmin/dev_ws/src/twist_mux -DCMAKE_INSTALL_PREFIX=/home/notsoadmin/dev_ws/install/twist_mux
[0.116s] -- The C compiler identification is GNU 11.4.0
[0.188s] -- The CXX compiler identification is GNU 11.4.0
[0.198s] -- Detecting C compiler ABI info
[0.251s] -- Detecting C compiler ABI info - done
[0.258s] -- Check for working C compiler: /usr/bin/cc - skipped
[0.258s] -- Detecting C compile features
[0.259s] -- Detecting C compile features - done
[0.261s] -- Detecting CXX compiler ABI info
[0.320s] -- Detecting CXX compiler ABI info - done
[0.325s] -- Check for working CXX compiler: /usr/bin/c++ - skipped
[0.325s] -- Detecting CXX compile features
[0.325s] -- Detecting CXX compile features - done
[0.352s] -- Found ament_cmake: 1.3.12 (/opt/ros/humble/share/ament_cmake/cmake)
[0.464s] -- Found Python3: /usr/bin/python3 (found version "3.10.12") found components: Interpreter 
[0.540s] -- Found rclcpp: 16.0.15 (/opt/ros/humble/share/rclcpp/cmake)
[0.611s] -- Found rosidl_generator_c: 3.1.7 (/opt/ros/humble/share/rosidl_generator_c/cmake)
[0.616s] -- Found rosidl_adapter: 3.1.7 (/opt/ros/humble/share/rosidl_adapter/cmake)
[0.625s] -- Found rosidl_generator_cpp: 3.1.7 (/opt/ros/humble/share/rosidl_generator_cpp/cmake)
[0.638s] -- Using all available rosidl_typesupport_c: rosidl_typesupport_fastrtps_c;rosidl_typesupport_introspection_c
[0.656s] -- Using all available rosidl_typesupport_cpp: rosidl_typesupport_fastrtps_cpp;rosidl_typesupport_introspection_cpp
[0.701s] -- Found rmw_implementation_cmake: 6.1.2 (/opt/ros/humble/share/rmw_implementation_cmake/cmake)
[0.705s] -- Found rmw_fastrtps_cpp: 6.2.8 (/opt/ros/humble/share/rmw_fastrtps_cpp/cmake)
[0.815s] -- Found OpenSSL: /usr/lib/x86_64-linux-gnu/libcrypto.so (found version "3.0.2")  
[0.837s] -- Found FastRTPS: /opt/ros/humble/include  
[0.867s] -- Using RMW implementation 'rmw_fastrtps_cpp' as default
[0.880s] -- Looking for pthread.h
[0.943s] -- Looking for pthread.h - found
[0.943s] -- Performing Test CMAKE_HAVE_LIBC_PTHREAD
[1.003s] -- Performing Test CMAKE_HAVE_LIBC_PTHREAD - Success
[1.003s] -- Found Threads: TRUE  
[1.054s] -- Found geometry_msgs: 4.9.0 (/opt/ros/humble/share/geometry_msgs/cmake)
[1.070s] -- Found visualization_msgs: 4.9.0 (/opt/ros/humble/share/visualization_msgs/cmake)
[1.105s] -- Found diagnostic_updater: 4.0.6 (/opt/ros/humble/share/diagnostic_updater/cmake)
[1.129s] -- Found launch_testing_ament_cmake: 1.0.10 (/opt/ros/humble/share/launch_testing_ament_cmake/cmake)
[1.132s] -- Found python_cmake_module: 0.10.0 (/opt/ros/humble/share/python_cmake_module/cmake)
[1.150s] -- Found PythonInterp: /usr/bin/python3 (found suitable version "3.10.12", minimum required is "3.6") 
[1.155s] -- Found PythonLibs: /usr/lib/x86_64-linux-gnu/libpython3.10.so (found suitable version "3.10.12", minimum required is "3.5") 
[1.156s] -- Using PYTHON_EXECUTABLE: /usr/bin/python3
[1.156s] -- Using PYTHON_INCLUDE_DIRS: /usr/include/python3.10
[1.156s] -- Using PYTHON_LIBRARIES: /usr/lib/x86_64-linux-gnu/libpython3.10.so
[1.171s] -- Found PythonExtra: .so  
[1.213s] -- Configuring done
[1.223s] -- Generating done
[1.226s] -- Build files have been written to: /home/notsoadmin/dev_ws/build/twist_mux
[1.233s] Invoked command in '/home/notsoadmin/dev_ws/build/twist_mux' returned '0': CMAKE_PREFIX_PATH=${CMAKE_PREFIX_PATH}:/opt/ros/humble /usr/bin/cmake /home/notsoadmin/dev_ws/src/twist_mux -DCMAKE_INSTALL_PREFIX=/home/notsoadmin/dev_ws/install/twist_mux
[1.233s] Invoking command in '/home/notsoadmin/dev_ws/build/twist_mux': CMAKE_PREFIX_PATH=${CMAKE_PREFIX_PATH}:/opt/ros/humble /usr/bin/cmake --build /home/notsoadmin/dev_ws/build/twist_mux -- -j16 -l16
[1.268s] [ 16%] [32mBuilding CXX object CMakeFiles/twist_mux.dir/src/twist_mux_node.cpp.o[0m
[1.268s] [ 33%] [32mBuilding CXX object CMakeFiles/twist_mux.dir/src/twist_mux.cpp.o[0m
[1.270s] [ 50%] [32mBuilding CXX object CMakeFiles/twist_mux.dir/src/twist_mux_diagnostics.cpp.o[0m
[1.272s] [ 66%] [32mBuilding CXX object CMakeFiles/twist_marker.dir/src/twist_marker.cpp.o[0m
[6.574s] [ 83%] [32m[1mLinking CXX executable twist_marker[0m
[6.874s] [ 83%] Built target twist_marker
[8.402s] [100%] [32m[1mLinking CXX executable twist_mux[0m
[8.792s] [100%] Built target twist_mux
[8.800s] Invoked command in '/home/notsoadmin/dev_ws/build/twist_mux' returned '0': CMAKE_PREFIX_PATH=${CMAKE_PREFIX_PATH}:/opt/ros/humble /usr/bin/cmake --build /home/notsoadmin/dev_ws/build/twist_mux -- -j16 -l16
[8.814s] Invoking command in '/home/notsoadmin/dev_ws/build/twist_mux': CMAKE_PREFIX_PATH=${CMAKE_PREFIX_PATH}:/opt/ros/humble /usr/bin/cmake --install /home/notsoadmin/dev_ws/build/twist_mux
[8.815s] -- Install configuration: ""
[8.815s] -- Installing: /home/notsoadmin/dev_ws/install/twist_mux/lib/twist_mux/twist_mux
[8.820s] -- Set runtime path of "/home/notsoadmin/dev_ws/install/twist_mux/lib/twist_mux/twist_mux" to ""
[8.821s] -- Installing: /home/notsoadmin/dev_ws/install/twist_mux/lib/twist_mux/twist_marker
[8.825s] -- Set runtime path of "/home/notsoadmin/dev_ws/install/twist_mux/lib/twist_mux/twist_marker" to ""
[8.825s] -- Installing: /home/notsoadmin/dev_ws/install/twist_mux/lib/twist_mux/joystick_relay.py
[8.825s] -- Installing: /home/notsoadmin/dev_ws/install/twist_mux/share/twist_mux/launch
[8.825s] -- Installing: /home/notsoadmin/dev_ws/install/twist_mux/share/twist_mux/launch/twist_mux.launch
[8.825s] -- Installing: /home/notsoadmin/dev_ws/install/twist_mux/share/twist_mux/launch/twist_mux_launch.py
[8.825s] -- Installing: /home/notsoadmin/dev_ws/install/twist_mux/share/twist_mux/config
[8.825s] -- Installing: /home/notsoadmin/dev_ws/install/twist_mux/share/twist_mux/config/joystick.yaml
[8.825s] -- Installing: /home/notsoadmin/dev_ws/install/twist_mux/share/twist_mux/config/twist_mux_locks.yaml
[8.825s] -- Installing: /home/notsoadmin/dev_ws/install/twist_mux/share/twist_mux/config/twist_mux_topics.yaml
[8.825s] -- Installing: /home/notsoadmin/dev_ws/install/twist_mux/include
[8.825s] -- Installing: /home/notsoadmin/dev_ws/install/twist_mux/include/twist_mux
[8.825s] -- Installing: /home/notsoadmin/dev_ws/install/twist_mux/include/twist_mux/params_helpers.hpp
[8.825s] -- Installing: /home/notsoadmin/dev_ws/install/twist_mux/include/twist_mux/topic_handle.hpp
[8.825s] -- Installing: /home/notsoadmin/dev_ws/install/twist_mux/include/twist_mux/twist_mux.hpp
[8.825s] -- Installing: /home/notsoadmin/dev_ws/install/twist_mux/include/twist_mux/twist_mux_diagnostics.hpp
[8.825s] -- Installing: /home/notsoadmin/dev_ws/install/twist_mux/include/twist_mux/twist_mux_diagnostics_status.hpp
[8.826s] -- Installing: /home/notsoadmin/dev_ws/install/twist_mux/include/twist_mux/utils.hpp
[8.826s] -- Installing: /home/notsoadmin/dev_ws/install/twist_mux/share/ament_index/resource_index/package_run_dependencies/twist_mux
[8.826s] -- Installing: /home/notsoadmin/dev_ws/install/twist_mux/share/ament_index/resource_index/parent_prefix_path/twist_mux
[8.826s] -- Installing: /home/notsoadmin/dev_ws/install/twist_mux/share/twist_mux/environment/ament_prefix_path.sh
[8.826s] -- Installing: /home/notsoadmin/dev_ws/install/twist_mux/share/twist_mux/environment/ament_prefix_path.dsv
[8.826s] -- Installing: /home/notsoadmin/dev_ws/install/twist_mux/share/twist_mux/environment/path.sh
[8.826s] -- Installing: /home/notsoadmin/dev_ws/install/twist_mux/share/twist_mux/environment/path.dsv
[8.826s] -- Installing: /home/notsoadmin/dev_ws/install/twist_mux/share/twist_mux/local_setup.bash
[8.826s] -- Installing: /home/notsoadmin/dev_ws/install/twist_mux/share/twist_mux/local_setup.sh
[8.826s] -- Installing: /home/notsoadmin/dev_ws/install/twist_mux/share/twist_mux/local_setup.zsh
[8.826s] -- Installing: /home/notsoadmin/dev_ws/install/twist_mux/share/twist_mux/local_setup.dsv
[8.826s] -- Installing: /home/notsoadmin/dev_ws/install/twist_mux/share/twist_mux/package.dsv
[8.826s] -- Installing: /home/notsoadmin/dev_ws/install/twist_mux/share/ament_index/resource_index/packages/twist_mux
[8.826s] -- Installing: /home/notsoadmin/dev_ws/install/twist_mux/share/twist_mux/cmake/ament_cmake_export_include_directories-extras.cmake
[8.826s] -- Installing: /home/notsoadmin/dev_ws/install/twist_mux/share/twist_mux/cmake/ament_cmake_export_dependencies-extras.cmake
[8.826s] -- Installing: /home/notsoadmin/dev_ws/install/twist_mux/share/twist_mux/cmake/twist_muxConfig.cmake
[8.826s] -- Installing: /home/notsoadmin/dev_ws/install/twist_mux/share/twist_mux/cmake/twist_muxConfig-version.cmake
[8.826s] -- Installing: /home/notsoadmin/dev_ws/install/twist_mux/share/twist_mux/package.xml
[8.828s] Invoked command in '/home/notsoadmin/dev_ws/build/twist_mux' returned '0': CMAKE_PREFIX_PATH=${CMAKE_PREFIX_PATH}:/opt/ros/humble /usr/bin/cmake --install /home/notsoadmin/dev_ws/build/twist_mux
