[0.000000] (-) TimerEvent: {}
[0.000659] (articubot_one) JobQueued: {'identifier': 'articubot_one', 'dependencies': OrderedDict()}
[0.000763] (articubot_one) JobStarted: {'identifier': 'articubot_one'}
[0.011313] (articubot_one) JobProgress: {'identifier': 'articubot_one', 'progress': 'cmake'}
[0.012290] (articubot_one) JobProgress: {'identifier': 'articubot_one', 'progress': 'build'}
[0.012369] (articubot_one) Command: {'cmd': ['/usr/bin/cmake', '--build', '/home/notsoadmin/dev_ws/build/articubot_one', '--', '-j16', '-l16'], 'cwd': '/home/notsoadmin/dev_ws/build/articubot_one', 'env': OrderedDict([('HOSTNAME', 'ros-humble'), ('SHLVL', '1'), ('LD_LIBRARY_PATH', '/usr/lib/x86_64-linux-gnu/gazebo-11/plugins:/opt/ros/humble/opt/rviz_ogre_vendor/lib:/opt/ros/humble/lib/x86_64-linux-gnu:/opt/ros/humble/lib'), ('HOME', '/home/notsoadmin'), ('ROS_PYTHON_VERSION', '3'), ('COLCON_PREFIX_PATH', '/home/notsoadmin/dev_ws/install'), ('ROS_DISTRO', 'humble'), ('_', '/usr/bin/colcon'), ('ROS_VERSION', '2'), ('TERM', 'xterm'), ('ROS_LOCALHOST_ONLY', '0'), ('QT_X11_NO_MITSHM', '1'), ('PATH', '/opt/ros/humble/bin:/usr/local/sbin:/usr/local/bin:/usr/sbin:/usr/bin:/sbin:/bin'), ('XDG_RUNTIME_DIR', '/run/user/0'), ('DISPLAY', ':0'), ('LANG', 'C.UTF-8'), ('AMENT_PREFIX_PATH', '/home/notsoadmin/dev_ws/install/articubot_one:/opt/ros/humble'), ('PWD', '/home/notsoadmin/dev_ws/build/articubot_one'), ('LC_ALL', 'C.UTF-8'), ('PYTHONPATH', '/opt/ros/humble/lib/python3.10/site-packages:/opt/ros/humble/local/lib/python3.10/dist-packages'), ('COLCON', '1'), ('CMAKE_PREFIX_PATH', '/home/notsoadmin/dev_ws/install/articubot_one:/opt/ros/humble')]), 'shell': False}
[0.066047] (articubot_one) CommandEnded: {'returncode': 0}
[0.066884] (articubot_one) JobProgress: {'identifier': 'articubot_one', 'progress': 'install'}
[0.078193] (articubot_one) Command: {'cmd': ['/usr/bin/cmake', '--install', '/home/notsoadmin/dev_ws/build/articubot_one'], 'cwd': '/home/notsoadmin/dev_ws/build/articubot_one', 'env': OrderedDict([('HOSTNAME', 'ros-humble'), ('SHLVL', '1'), ('LD_LIBRARY_PATH', '/usr/lib/x86_64-linux-gnu/gazebo-11/plugins:/opt/ros/humble/opt/rviz_ogre_vendor/lib:/opt/ros/humble/lib/x86_64-linux-gnu:/opt/ros/humble/lib'), ('HOME', '/home/notsoadmin'), ('ROS_PYTHON_VERSION', '3'), ('COLCON_PREFIX_PATH', '/home/notsoadmin/dev_ws/install'), ('ROS_DISTRO', 'humble'), ('_', '/usr/bin/colcon'), ('ROS_VERSION', '2'), ('TERM', 'xterm'), ('ROS_LOCALHOST_ONLY', '0'), ('QT_X11_NO_MITSHM', '1'), ('PATH', '/opt/ros/humble/bin:/usr/local/sbin:/usr/local/bin:/usr/sbin:/usr/bin:/sbin:/bin'), ('XDG_RUNTIME_DIR', '/run/user/0'), ('DISPLAY', ':0'), ('LANG', 'C.UTF-8'), ('AMENT_PREFIX_PATH', '/home/notsoadmin/dev_ws/install/articubot_one:/opt/ros/humble'), ('PWD', '/home/notsoadmin/dev_ws/build/articubot_one'), ('LC_ALL', 'C.UTF-8'), ('PYTHONPATH', '/opt/ros/humble/lib/python3.10/site-packages:/opt/ros/humble/local/lib/python3.10/dist-packages'), ('COLCON', '1'), ('CMAKE_PREFIX_PATH', '/home/notsoadmin/dev_ws/install/articubot_one:/opt/ros/humble')]), 'shell': False}
[0.086330] (articubot_one) StdoutLine: {'line': b'-- Install configuration: ""\n'}
[0.086941] (articubot_one) StdoutLine: {'line': b'-- Execute custom install script\n'}
[0.087247] (articubot_one) StdoutLine: {'line': b'-- Up-to-date symlink: /home/notsoadmin/dev_ws/install/articubot_one/share/articubot_one/config/drive_bot.rviz\n'}
[0.087417] (articubot_one) StdoutLine: {'line': b'-- Up-to-date symlink: /home/notsoadmin/dev_ws/install/articubot_one/share/articubot_one/config/empty.yaml\n'}
[0.087587] (articubot_one) StdoutLine: {'line': b'-- Up-to-date symlink: /home/notsoadmin/dev_ws/install/articubot_one/share/articubot_one/config/view_bot.rviz\n'}
[0.087742] (articubot_one) StdoutLine: {'line': b'-- Up-to-date symlink: /home/notsoadmin/dev_ws/install/articubot_one/share/articubot_one/description/gazebo_control.xacro\n'}
[0.087923] (articubot_one) StdoutLine: {'line': b'-- Up-to-date symlink: /home/notsoadmin/dev_ws/install/articubot_one/share/articubot_one/description/inertial_macros.xacro\n'}
[0.088102] (articubot_one) StdoutLine: {'line': b'-- Up-to-date symlink: /home/notsoadmin/dev_ws/install/articubot_one/share/articubot_one/description/robot.urdf.xacro\n'}
[0.088236] (articubot_one) StdoutLine: {'line': b'-- Up-to-date symlink: /home/notsoadmin/dev_ws/install/articubot_one/share/articubot_one/description/robot_core.xacro\n'}
[0.088412] (articubot_one) StdoutLine: {'line': b'-- Up-to-date symlink: /home/notsoadmin/dev_ws/install/articubot_one/share/articubot_one/launch/launch_sim.launch.py\n'}
[0.088619] (articubot_one) StdoutLine: {'line': b'-- Up-to-date symlink: /home/notsoadmin/dev_ws/install/articubot_one/share/articubot_one/launch/rsp.launch.py\n'}
[0.088798] (articubot_one) StdoutLine: {'line': b'-- Up-to-date symlink: /home/notsoadmin/dev_ws/install/articubot_one/share/articubot_one/worlds/empty.world\n'}
[0.088919] (articubot_one) StdoutLine: {'line': b'-- Up-to-date symlink: /home/notsoadmin/dev_ws/install/articubot_one/share/articubot_one/worlds/obstacles.world\n'}
[0.089065] (articubot_one) StdoutLine: {'line': b'-- Up-to-date symlink: /home/notsoadmin/dev_ws/install/articubot_one/share/ament_index/resource_index/package_run_dependencies/articubot_one\n'}
[0.089209] (articubot_one) StdoutLine: {'line': b'-- Up-to-date symlink: /home/notsoadmin/dev_ws/install/articubot_one/share/ament_index/resource_index/parent_prefix_path/articubot_one\n'}
[0.089354] (articubot_one) StdoutLine: {'line': b'-- Up-to-date symlink: /home/notsoadmin/dev_ws/install/articubot_one/share/articubot_one/environment/ament_prefix_path.sh\n'}
[0.089495] (articubot_one) StdoutLine: {'line': b'-- Up-to-date symlink: /home/notsoadmin/dev_ws/install/articubot_one/share/articubot_one/environment/ament_prefix_path.dsv\n'}
[0.089657] (articubot_one) StdoutLine: {'line': b'-- Up-to-date symlink: /home/notsoadmin/dev_ws/install/articubot_one/share/articubot_one/environment/path.sh\n'}
[0.089812] (articubot_one) StdoutLine: {'line': b'-- Up-to-date symlink: /home/notsoadmin/dev_ws/install/articubot_one/share/articubot_one/environment/path.dsv\n'}
[0.089964] (articubot_one) StdoutLine: {'line': b'-- Up-to-date symlink: /home/notsoadmin/dev_ws/install/articubot_one/share/articubot_one/local_setup.bash\n'}
[0.090116] (articubot_one) StdoutLine: {'line': b'-- Up-to-date symlink: /home/notsoadmin/dev_ws/install/articubot_one/share/articubot_one/local_setup.sh\n'}
[0.090260] (articubot_one) StdoutLine: {'line': b'-- Up-to-date symlink: /home/notsoadmin/dev_ws/install/articubot_one/share/articubot_one/local_setup.zsh\n'}
[0.090408] (articubot_one) StdoutLine: {'line': b'-- Up-to-date symlink: /home/notsoadmin/dev_ws/install/articubot_one/share/articubot_one/local_setup.dsv\n'}
[0.090573] (articubot_one) StdoutLine: {'line': b'-- Symlinking: /home/notsoadmin/dev_ws/install/articubot_one/share/articubot_one/package.dsv\n'}
[0.099412] (-) TimerEvent: {}
[0.102716] (articubot_one) StdoutLine: {'line': b'-- Up-to-date symlink: /home/notsoadmin/dev_ws/install/articubot_one/share/ament_index/resource_index/packages/articubot_one\n'}
[0.103105] (articubot_one) StdoutLine: {'line': b'-- Up-to-date symlink: /home/notsoadmin/dev_ws/install/articubot_one/share/articubot_one/cmake/articubot_oneConfig.cmake\n'}
[0.103300] (articubot_one) StdoutLine: {'line': b'-- Up-to-date symlink: /home/notsoadmin/dev_ws/install/articubot_one/share/articubot_one/cmake/articubot_oneConfig-version.cmake\n'}
[0.103445] (articubot_one) StdoutLine: {'line': b'-- Up-to-date symlink: /home/notsoadmin/dev_ws/install/articubot_one/share/articubot_one/package.xml\n'}
[0.105775] (articubot_one) CommandEnded: {'returncode': 0}
[0.134694] (articubot_one) JobEnded: {'identifier': 'articubot_one', 'rc': 0}
[0.135764] (-) EventReactorShutdown: {}
